{"C:\\source\\alm-manifest-app\\alm-app\\frontend\\src\\features\\artifacts\\utils.tsx": {"path":"C:\\source\\alm-manifest-app\\alm-app\\frontend\\src\\features\\artifacts\\utils.tsx","statementMap":{"0":{"start":{"line":24,"column":30},"end":{"line":24,"column":null}},"1":{"start":{"line":26,"column":31},"end":{"line":26,"column":null}},"2":{"start":{"line":27,"column":32},"end":{"line":27,"column":null}},"3":{"start":{"line":31,"column":2},"end":{"line":31,"column":null}},"4":{"start":{"line":31,"column":43},"end":{"line":31,"column":null}},"5":{"start":{"line":32,"column":12},"end":{"line":32,"column":null}},"6":{"start":{"line":33,"column":2},"end":{"line":33,"column":null}},"7":{"start":{"line":36,"column":34},"end":{"line":36,"column":null}},"8":{"start":{"line":46,"column":2},"end":{"line":46,"column":null}},"9":{"start":{"line":46,"column":15},"end":{"line":46,"column":null}},"10":{"start":{"line":47,"column":19},"end":{"line":47,"column":null}},"11":{"start":{"line":48,"column":2},"end":{"line":50,"column":null}},"12":{"start":{"line":49,"column":4},"end":{"line":49,"column":null}},"13":{"start":{"line":49,"column":39},"end":{"line":49,"column":55}},"14":{"start":{"line":51,"column":19},"end":{"line":51,"column":null}},"15":{"start":{"line":52,"column":2},"end":{"line":60,"column":null}},"16":{"start":{"line":53,"column":4},"end":{"line":53,"column":null}},"17":{"start":{"line":53,"column":37},"end":{"line":53,"column":null}},"18":{"start":{"line":54,"column":14},"end":{"line":54,"column":null}},"19":{"start":{"line":55,"column":4},"end":{"line":55,"column":null}},"20":{"start":{"line":55,"column":35},"end":{"line":55,"column":null}},"21":{"start":{"line":56,"column":15},"end":{"line":56,"column":null}},"22":{"start":{"line":57,"column":4},"end":{"line":57,"column":null}},"23":{"start":{"line":57,"column":13},"end":{"line":57,"column":null}},"24":{"start":{"line":58,"column":18},"end":{"line":58,"column":null}},"25":{"start":{"line":59,"column":4},"end":{"line":59,"column":null}},"26":{"start":{"line":59,"column":51},"end":{"line":59,"column":null}},"27":{"start":{"line":61,"column":2},"end":{"line":61,"column":null}},"28":{"start":{"line":61,"column":25},"end":{"line":61,"column":null}},"29":{"start":{"line":62,"column":2},"end":{"line":62,"column":null}},"30":{"start":{"line":70,"column":4},"end":{"line":70,"column":null}},"31":{"start":{"line":71,"column":2},"end":{"line":71,"column":null}},"32":{"start":{"line":75,"column":2},"end":{"line":75,"column":null}},"33":{"start":{"line":75,"column":21},"end":{"line":75,"column":null}},"34":{"start":{"line":76,"column":12},"end":{"line":76,"column":null}},"35":{"start":{"line":77,"column":2},"end":{"line":79,"column":null}},"36":{"start":{"line":78,"column":4},"end":{"line":78,"column":null}},"37":{"start":{"line":80,"column":2},"end":{"line":80,"column":null}},"38":{"start":{"line":84,"column":2},"end":{"line":84,"column":null}},"39":{"start":{"line":84,"column":12},"end":{"line":84,"column":null}},"40":{"start":{"line":85,"column":2},"end":{"line":85,"column":null}},"41":{"start":{"line":85,"column":56},"end":{"line":85,"column":71}},"42":{"start":{"line":89,"column":2},"end":{"line":93,"column":null}},"43":{"start":{"line":90,"column":14},"end":{"line":90,"column":null}},"44":{"start":{"line":91,"column":4},"end":{"line":91,"column":null}},"45":{"start":{"line":91,"column":20},"end":{"line":91,"column":null}},"46":{"start":{"line":92,"column":4},"end":{"line":92,"column":null}},"47":{"start":{"line":92,"column":24},"end":{"line":92,"column":30}},"48":{"start":{"line":94,"column":2},"end":{"line":97,"column":null}},"49":{"start":{"line":95,"column":16},"end":{"line":95,"column":null}},"50":{"start":{"line":96,"column":4},"end":{"line":96,"column":null}},"51":{"start":{"line":98,"column":40},"end":{"line":111,"column":null}},"52":{"start":{"line":112,"column":2},"end":{"line":116,"column":null}},"53":{"start":{"line":113,"column":16},"end":{"line":113,"column":null}},"54":{"start":{"line":114,"column":4},"end":{"line":114,"column":null}},"55":{"start":{"line":114,"column":43},"end":{"line":114,"column":null}},"56":{"start":{"line":115,"column":4},"end":{"line":115,"column":null}},"57":{"start":{"line":117,"column":14},"end":{"line":117,"column":null}},"58":{"start":{"line":118,"column":2},"end":{"line":118,"column":null}},"59":{"start":{"line":126,"column":2},"end":{"line":131,"column":null}},"60":{"start":{"line":127,"column":15},"end":{"line":127,"column":null}},"61":{"start":{"line":128,"column":4},"end":{"line":128,"column":null}},"62":{"start":{"line":128,"column":13},"end":{"line":128,"column":null}},"63":{"start":{"line":129,"column":14},"end":{"line":129,"column":null}},"64":{"start":{"line":129,"column":34},"end":{"line":129,"column":50}},"65":{"start":{"line":130,"column":4},"end":{"line":130,"column":null}},"66":{"start":{"line":132,"column":12},"end":{"line":132,"column":null}},"67":{"start":{"line":133,"column":2},"end":{"line":133,"column":null}},"68":{"start":{"line":145,"column":2},"end":{"line":174,"column":null}},"69":{"start":{"line":146,"column":19},"end":{"line":146,"column":null}},"70":{"start":{"line":146,"column":45},"end":{"line":146,"column":82}},"71":{"start":{"line":147,"column":4},"end":{"line":147,"column":null}},"72":{"start":{"line":147,"column":29},"end":{"line":147,"column":34}},"73":{"start":{"line":148,"column":4},"end":{"line":148,"column":null}},"74":{"start":{"line":148,"column":32},"end":{"line":148,"column":69}},"75":{"start":{"line":150,"column":4},"end":{"line":161,"column":null}},"76":{"start":{"line":162,"column":4},"end":{"line":173,"column":null}},"77":{"start":{"line":176,"column":15},"end":{"line":178,"column":null}},"78":{"start":{"line":177,"column":4},"end":{"line":177,"column":null}},"79":{"start":{"line":177,"column":20},"end":{"line":177,"column":66}},"80":{"start":{"line":179,"column":14},"end":{"line":179,"column":null}},"81":{"start":{"line":180,"column":15},"end":{"line":180,"column":null}},"82":{"start":{"line":181,"column":14},"end":{"line":181,"column":null}},"83":{"start":{"line":182,"column":13},"end":{"line":182,"column":null}},"84":{"start":{"line":183,"column":2},"end":{"line":183,"column":null}},"85":{"start":{"line":184,"column":2},"end":{"line":184,"column":null}},"86":{"start":{"line":185,"column":2},"end":{"line":185,"column":null}},"87":{"start":{"line":186,"column":2},"end":{"line":186,"column":null}},"88":{"start":{"line":189,"column":54},"end":{"line":200,"column":null}},"89":{"start":{"line":206,"column":13},"end":{"line":206,"column":null}},"90":{"start":{"line":206,"column":49},"end":{"line":206,"column":62}},"91":{"start":{"line":207,"column":17},"end":{"line":207,"column":null}},"92":{"start":{"line":208,"column":2},"end":{"line":211,"column":null}},"93":{"start":{"line":209,"column":17},"end":{"line":209,"column":null}},"94":{"start":{"line":210,"column":4},"end":{"line":210,"column":null}},"95":{"start":{"line":212,"column":2},"end":{"line":231,"column":null}},"96":{"start":{"line":214,"column":6},"end":{"line":214,"column":null}},"97":{"start":{"line":216,"column":6},"end":{"line":216,"column":null}},"98":{"start":{"line":218,"column":6},"end":{"line":218,"column":null}},"99":{"start":{"line":220,"column":6},"end":{"line":220,"column":null}},"100":{"start":{"line":222,"column":6},"end":{"line":222,"column":null}},"101":{"start":{"line":224,"column":6},"end":{"line":224,"column":null}},"102":{"start":{"line":226,"column":6},"end":{"line":226,"column":null}},"103":{"start":{"line":228,"column":6},"end":{"line":228,"column":null}},"104":{"start":{"line":230,"column":6},"end":{"line":230,"column":null}},"105":{"start":{"line":240,"column":17},"end":{"line":240,"column":null}},"106":{"start":{"line":241,"column":2},"end":{"line":241,"column":null}},"107":{"start":{"line":241,"column":15},"end":{"line":241,"column":null}},"108":{"start":{"line":242,"column":21},"end":{"line":242,"column":null}},"109":{"start":{"line":243,"column":24},"end":{"line":243,"column":null}},"110":{"start":{"line":244,"column":13},"end":{"line":244,"column":null}},"111":{"start":{"line":244,"column":39},"end":{"line":244,"column":60}},"112":{"start":{"line":245,"column":2},"end":{"line":245,"column":null}},"113":{"start":{"line":245,"column":24},"end":{"line":245,"column":null}},"114":{"start":{"line":246,"column":13},"end":{"line":246,"column":null}},"115":{"start":{"line":246,"column":35},"end":{"line":246,"column":58}},"116":{"start":{"line":247,"column":2},"end":{"line":247,"column":null}},"117":{"start":{"line":247,"column":24},"end":{"line":247,"column":null}},"118":{"start":{"line":248,"column":2},"end":{"line":250,"column":null}},"119":{"start":{"line":249,"column":19},"end":{"line":249,"column":42}},"120":{"start":{"line":250,"column":16},"end":{"line":250,"column":20}},"121":{"start":{"line":257,"column":51},"end":{"line":261,"column":null}},"122":{"start":{"line":265,"column":46},"end":{"line":265,"column":null}},"123":{"start":{"line":266,"column":2},"end":{"line":270,"column":null}},"124":{"start":{"line":267,"column":4},"end":{"line":269,"column":null}},"125":{"start":{"line":268,"column":6},"end":{"line":268,"column":null}},"126":{"start":{"line":272,"column":15},"end":{"line":272,"column":null}},"127":{"start":{"line":273,"column":2},"end":{"line":275,"column":null}},"128":{"start":{"line":274,"column":4},"end":{"line":274,"column":null}},"129":{"start":{"line":276,"column":32},"end":{"line":276,"column":null}},"130":{"start":{"line":277,"column":2},"end":{"line":286,"column":null}},"131":{"start":{"line":278,"column":17},"end":{"line":278,"column":null}},"132":{"start":{"line":279,"column":4},"end":{"line":285,"column":null}},"133":{"start":{"line":280,"column":6},"end":{"line":280,"column":null}},"134":{"start":{"line":282,"column":21},"end":{"line":282,"column":null}},"135":{"start":{"line":283,"column":6},"end":{"line":284,"column":null}},"136":{"start":{"line":283,"column":18},"end":{"line":283,"column":null}},"137":{"start":{"line":284,"column":11},"end":{"line":284,"column":null}},"138":{"start":{"line":287,"column":2},"end":{"line":287,"column":null}},"139":{"start":{"line":287,"column":17},"end":{"line":287,"column":100}},"140":{"start":{"line":288,"column":2},"end":{"line":288,"column":null}}},"fnMap":{"0":{"name":"isManifestFieldExcludedFromForms","decl":{"start":{"line":30,"column":16},"end":{"line":30,"column":49}},"loc":{"start":{"line":30,"column":74},"end":{"line":34,"column":null}},"line":30},"1":{"name":"getSystemRootArtifactTypes","decl":{"start":{"line":45,"column":16},"end":{"line":45,"column":43}},"loc":{"start":{"line":45,"column":103},"end":{"line":63,"column":null}},"line":45},"2":{"name":"(anonymous_2)","decl":{"start":{"line":49,"column":32},"end":{"line":49,"column":33}},"loc":{"start":{"line":49,"column":39},"end":{"line":49,"column":55}},"line":49},"3":{"name":"isRootArtifact","decl":{"start":{"line":65,"column":16},"end":{"line":65,"column":null}},"loc":{"start":{"line":68,"column":11},"end":{"line":72,"column":null}},"line":68},"4":{"name":"escapeCsvCell","decl":{"start":{"line":74,"column":9},"end":{"line":74,"column":23}},"loc":{"start":{"line":74,"column":74},"end":{"line":81,"column":null}},"line":74},"5":{"name":"humanizeKey","decl":{"start":{"line":83,"column":9},"end":{"line":83,"column":21}},"loc":{"start":{"line":83,"column":42},"end":{"line":86,"column":null}},"line":83},"6":{"name":"(anonymous_6)","decl":{"start":{"line":85,"column":49},"end":{"line":85,"column":50}},"loc":{"start":{"line":85,"column":56},"end":{"line":85,"column":71}},"line":85},"7":{"name":"getArtifactCellValue","decl":{"start":{"line":88,"column":16},"end":{"line":88,"column":37}},"loc":{"start":{"line":88,"column":107},"end":{"line":119,"column":null}},"line":88},"8":{"name":"(anonymous_8)","decl":{"start":{"line":92,"column":17},"end":{"line":92,"column":18}},"loc":{"start":{"line":92,"column":24},"end":{"line":92,"column":30}},"line":92},"9":{"name":"csvCellForColumn","decl":{"start":{"line":121,"column":9},"end":{"line":121,"column":null}},"loc":{"start":{"line":125,"column":10},"end":{"line":134,"column":null}},"line":125},"10":{"name":"(anonymous_10)","decl":{"start":{"line":129,"column":27},"end":{"line":129,"column":28}},"loc":{"start":{"line":129,"column":34},"end":{"line":129,"column":50}},"line":129},"11":{"name":"downloadArtifactsCsv","decl":{"start":{"line":137,"column":16},"end":{"line":137,"column":null}},"loc":{"start":{"line":141,"column":8},"end":{"line":187,"column":null}},"line":141},"12":{"name":"(anonymous_12)","decl":{"start":{"line":146,"column":41},"end":{"line":146,"column":42}},"loc":{"start":{"line":146,"column":45},"end":{"line":146,"column":82}},"line":146},"13":{"name":"(anonymous_13)","decl":{"start":{"line":147,"column":22},"end":{"line":147,"column":23}},"loc":{"start":{"line":147,"column":29},"end":{"line":147,"column":34}},"line":147},"14":{"name":"(anonymous_14)","decl":{"start":{"line":148,"column":25},"end":{"line":148,"column":26}},"loc":{"start":{"line":148,"column":32},"end":{"line":148,"column":69}},"line":148},"15":{"name":"(anonymous_15)","decl":{"start":{"line":176,"column":29},"end":{"line":176,"column":30}},"loc":{"start":{"line":177,"column":4},"end":{"line":177,"column":null}},"line":177},"16":{"name":"(anonymous_16)","decl":{"start":{"line":177,"column":13},"end":{"line":177,"column":14}},"loc":{"start":{"line":177,"column":20},"end":{"line":177,"column":66}},"line":177},"17":{"name":"getArtifactIcon","decl":{"start":{"line":202,"column":16},"end":{"line":202,"column":null}},"loc":{"start":{"line":205,"column":16},"end":{"line":232,"column":null}},"line":205},"18":{"name":"(anonymous_18)","decl":{"start":{"line":206,"column":42},"end":{"line":206,"column":43}},"loc":{"start":{"line":206,"column":49},"end":{"line":206,"column":62}},"line":206},"19":{"name":"getValidTransitions","decl":{"start":{"line":235,"column":16},"end":{"line":235,"column":null}},"loc":{"start":{"line":239,"column":12},"end":{"line":251,"column":null}},"line":239},"20":{"name":"(anonymous_20)","decl":{"start":{"line":244,"column":32},"end":{"line":244,"column":33}},"loc":{"start":{"line":244,"column":39},"end":{"line":244,"column":60}},"line":244},"21":{"name":"(anonymous_21)","decl":{"start":{"line":246,"column":28},"end":{"line":246,"column":29}},"loc":{"start":{"line":246,"column":35},"end":{"line":246,"column":58}},"line":246},"22":{"name":"(anonymous_22)","decl":{"start":{"line":249,"column":12},"end":{"line":249,"column":13}},"loc":{"start":{"line":249,"column":19},"end":{"line":249,"column":42}},"line":249},"23":{"name":"(anonymous_23)","decl":{"start":{"line":250,"column":9},"end":{"line":250,"column":10}},"loc":{"start":{"line":250,"column":16},"end":{"line":250,"column":20}},"line":250},"24":{"name":"buildArtifactTree","decl":{"start":{"line":264,"column":16},"end":{"line":264,"column":34}},"loc":{"start":{"line":264,"column":112},"end":{"line":289,"column":null}},"line":264},"25":{"name":"(anonymous_25)","decl":{"start":{"line":267,"column":22},"end":{"line":267,"column":23}},"loc":{"start":{"line":267,"column":32},"end":{"line":269,"column":5}},"line":267},"26":{"name":"(anonymous_26)","decl":{"start":{"line":287,"column":13},"end":{"line":287,"column":14}},"loc":{"start":{"line":287,"column":17},"end":{"line":287,"column":100}},"line":287}},"branchMap":{"0":{"loc":{"start":{"line":31,"column":2},"end":{"line":31,"column":null}},"type":"if","locations":[{"start":{"line":31,"column":2},"end":{"line":31,"column":null}},{"start":{},"end":{}}],"line":31},"1":{"loc":{"start":{"line":31,"column":6},"end":{"line":31,"column":43}},"type":"binary-expr","locations":[{"start":{"line":31,"column":6},"end":{"line":31,"column":16}},{"start":{"line":31,"column":16},"end":{"line":31,"column":43}}],"line":31},"2":{"loc":{"start":{"line":33,"column":17},"end":{"line":33,"column":70}},"type":"binary-expr","locations":[{"start":{"line":33,"column":17},"end":{"line":33,"column":47}},{"start":{"line":33,"column":47},"end":{"line":33,"column":70}}],"line":33},"3":{"loc":{"start":{"line":46,"column":2},"end":{"line":46,"column":null}},"type":"if","locations":[{"start":{"line":46,"column":2},"end":{"line":46,"column":null}},{"start":{},"end":{}}],"line":46},"4":{"loc":{"start":{"line":48,"column":2},"end":{"line":50,"column":null}},"type":"if","locations":[{"start":{"line":48,"column":2},"end":{"line":50,"column":null}},{"start":{},"end":{}}],"line":48},"5":{"loc":{"start":{"line":48,"column":6},"end":{"line":48,"column":54}},"type":"binary-expr","locations":[{"start":{"line":48,"column":6},"end":{"line":48,"column":33}},{"start":{"line":48,"column":33},"end":{"line":48,"column":54}}],"line":48},"6":{"loc":{"start":{"line":52,"column":18},"end":{"line":52,"column":37}},"type":"binary-expr","locations":[{"start":{"line":52,"column":18},"end":{"line":52,"column":33}},{"start":{"line":52,"column":33},"end":{"line":52,"column":37}}],"line":52},"7":{"loc":{"start":{"line":53,"column":4},"end":{"line":53,"column":null}},"type":"if","locations":[{"start":{"line":53,"column":4},"end":{"line":53,"column":null}},{"start":{},"end":{}}],"line":53},"8":{"loc":{"start":{"line":53,"column":8},"end":{"line":53,"column":37}},"type":"binary-expr","locations":[{"start":{"line":53,"column":8},"end":{"line":53,"column":14}},{"start":{"line":53,"column":14},"end":{"line":53,"column":37}}],"line":53},"9":{"loc":{"start":{"line":55,"column":4},"end":{"line":55,"column":null}},"type":"if","locations":[{"start":{"line":55,"column":4},"end":{"line":55,"column":null}},{"start":{},"end":{}}],"line":55},"10":{"loc":{"start":{"line":57,"column":4},"end":{"line":57,"column":null}},"type":"if","locations":[{"start":{"line":57,"column":4},"end":{"line":57,"column":null}},{"start":{},"end":{}}],"line":57},"11":{"loc":{"start":{"line":59,"column":4},"end":{"line":59,"column":null}},"type":"if","locations":[{"start":{"line":59,"column":4},"end":{"line":59,"column":null}},{"start":{},"end":{}}],"line":59},"12":{"loc":{"start":{"line":59,"column":8},"end":{"line":59,"column":51}},"type":"binary-expr","locations":[{"start":{"line":59,"column":8},"end":{"line":59,"column":28}},{"start":{"line":59,"column":28},"end":{"line":59,"column":51}}],"line":59},"13":{"loc":{"start":{"line":61,"column":2},"end":{"line":61,"column":null}},"type":"if","locations":[{"start":{"line":61,"column":2},"end":{"line":61,"column":null}},{"start":{},"end":{}}],"line":61},"14":{"loc":{"start":{"line":70,"column":4},"end":{"line":70,"column":null}},"type":"cond-expr","locations":[{"start":{"line":70,"column":35},"end":{"line":70,"column":51}},{"start":{"line":70,"column":51},"end":{"line":70,"column":null}}],"line":70},"15":{"loc":{"start":{"line":70,"column":78},"end":{"line":70,"column":104}},"type":"binary-expr","locations":[{"start":{"line":70,"column":78},"end":{"line":70,"column":95}},{"start":{"line":70,"column":95},"end":{"line":70,"column":104}}],"line":70},"16":{"loc":{"start":{"line":75,"column":2},"end":{"line":75,"column":null}},"type":"if","locations":[{"start":{"line":75,"column":2},"end":{"line":75,"column":null}},{"start":{},"end":{}}],"line":75},"17":{"loc":{"start":{"line":77,"column":2},"end":{"line":79,"column":null}},"type":"if","locations":[{"start":{"line":77,"column":2},"end":{"line":79,"column":null}},{"start":{},"end":{}}],"line":77},"18":{"loc":{"start":{"line":77,"column":6},"end":{"line":77,"column":62}},"type":"binary-expr","locations":[{"start":{"line":77,"column":6},"end":{"line":77,"column":25}},{"start":{"line":77,"column":25},"end":{"line":77,"column":44}},{"start":{"line":77,"column":44},"end":{"line":77,"column":62}}],"line":77},"19":{"loc":{"start":{"line":84,"column":2},"end":{"line":84,"column":null}},"type":"if","locations":[{"start":{"line":84,"column":2},"end":{"line":84,"column":null}},{"start":{},"end":{}}],"line":84},"20":{"loc":{"start":{"line":89,"column":2},"end":{"line":93,"column":null}},"type":"if","locations":[{"start":{"line":89,"column":2},"end":{"line":93,"column":null}},{"start":{},"end":{}}],"line":89},"21":{"loc":{"start":{"line":91,"column":4},"end":{"line":91,"column":null}},"type":"if","locations":[{"start":{"line":91,"column":4},"end":{"line":91,"column":null}},{"start":{},"end":{}}],"line":91},"22":{"loc":{"start":{"line":94,"column":2},"end":{"line":97,"column":null}},"type":"if","locations":[{"start":{"line":94,"column":2},"end":{"line":97,"column":null}},{"start":{},"end":{}}],"line":94},"23":{"loc":{"start":{"line":94,"column":6},"end":{"line":94,"column":64}},"type":"binary-expr","locations":[{"start":{"line":94,"column":6},"end":{"line":94,"column":36}},{"start":{"line":94,"column":36},"end":{"line":94,"column":64}}],"line":94},"24":{"loc":{"start":{"line":95,"column":16},"end":{"line":95,"column":null}},"type":"cond-expr","locations":[{"start":{"line":95,"column":45},"end":{"line":95,"column":62}},{"start":{"line":95,"column":62},"end":{"line":95,"column":null}}],"line":95},"25":{"loc":{"start":{"line":96,"column":11},"end":{"line":96,"column":null}},"type":"binary-expr","locations":[{"start":{"line":96,"column":11},"end":{"line":96,"column":47}},{"start":{"line":96,"column":47},"end":{"line":96,"column":null}}],"line":96},"26":{"loc":{"start":{"line":96,"column":26},"end":{"line":96,"column":42}},"type":"binary-expr","locations":[{"start":{"line":96,"column":26},"end":{"line":96,"column":33}},{"start":{"line":96,"column":33},"end":{"line":96,"column":42}}],"line":96},"27":{"loc":{"start":{"line":112,"column":2},"end":{"line":116,"column":null}},"type":"if","locations":[{"start":{"line":112,"column":2},"end":{"line":116,"column":null}},{"start":{},"end":{}}],"line":112},"28":{"loc":{"start":{"line":114,"column":4},"end":{"line":114,"column":null}},"type":"if","locations":[{"start":{"line":114,"column":4},"end":{"line":114,"column":null}},{"start":{},"end":{}}],"line":114},"29":{"loc":{"start":{"line":114,"column":8},"end":{"line":114,"column":43}},"type":"binary-expr","locations":[{"start":{"line":114,"column":8},"end":{"line":114,"column":29}},{"start":{"line":114,"column":29},"end":{"line":114,"column":43}}],"line":114},"30":{"loc":{"start":{"line":118,"column":9},"end":{"line":118,"column":null}},"type":"cond-expr","locations":[{"start":{"line":118,"column":46},"end":{"line":118,"column":109}},{"start":{"line":118,"column":109},"end":{"line":118,"column":null}}],"line":118},"31":{"loc":{"start":{"line":118,"column":9},"end":{"line":118,"column":46}},"type":"binary-expr","locations":[{"start":{"line":118,"column":9},"end":{"line":118,"column":30}},{"start":{"line":118,"column":30},"end":{"line":118,"column":46}}],"line":118},"32":{"loc":{"start":{"line":118,"column":46},"end":{"line":118,"column":109}},"type":"cond-expr","locations":[{"start":{"line":118,"column":72},"end":{"line":118,"column":94}},{"start":{"line":118,"column":94},"end":{"line":118,"column":109}}],"line":118},"33":{"loc":{"start":{"line":126,"column":2},"end":{"line":131,"column":null}},"type":"if","locations":[{"start":{"line":126,"column":2},"end":{"line":131,"column":null}},{"start":{},"end":{}}],"line":126},"34":{"loc":{"start":{"line":128,"column":4},"end":{"line":128,"column":null}},"type":"if","locations":[{"start":{"line":128,"column":4},"end":{"line":128,"column":null}},{"start":{},"end":{}}],"line":128},"35":{"loc":{"start":{"line":130,"column":11},"end":{"line":130,"column":null}},"type":"binary-expr","locations":[{"start":{"line":130,"column":11},"end":{"line":130,"column":30}},{"start":{"line":130,"column":30},"end":{"line":130,"column":42}},{"start":{"line":130,"column":42},"end":{"line":130,"column":null}}],"line":130},"36":{"loc":{"start":{"line":133,"column":9},"end":{"line":133,"column":null}},"type":"cond-expr","locations":[{"start":{"line":133,"column":41},"end":{"line":133,"column":46}},{"start":{"line":133,"column":46},"end":{"line":133,"column":null}}],"line":133},"37":{"loc":{"start":{"line":133,"column":9},"end":{"line":133,"column":41}},"type":"binary-expr","locations":[{"start":{"line":133,"column":9},"end":{"line":133,"column":23}},{"start":{"line":133,"column":23},"end":{"line":133,"column":41}}],"line":133},"38":{"loc":{"start":{"line":139,"column":2},"end":{"line":139,"column":null}},"type":"default-arg","locations":[{"start":{"line":139,"column":74},"end":{"line":139,"column":null}}],"line":139},"39":{"loc":{"start":{"line":145,"column":2},"end":{"line":174,"column":null}},"type":"if","locations":[{"start":{"line":145,"column":2},"end":{"line":174,"column":null}},{"start":{"line":149,"column":9},"end":{"line":174,"column":null}}],"line":145},"40":{"loc":{"start":{"line":145,"column":6},"end":{"line":145,"column":45}},"type":"binary-expr","locations":[{"start":{"line":145,"column":6},"end":{"line":145,"column":21}},{"start":{"line":145,"column":21},"end":{"line":145,"column":45}}],"line":145},"41":{"loc":{"start":{"line":146,"column":52},"end":{"line":146,"column":69}},"type":"binary-expr","locations":[{"start":{"line":146,"column":52},"end":{"line":146,"column":63}},{"start":{"line":146,"column":63},"end":{"line":146,"column":69}}],"line":146},"42":{"loc":{"start":{"line":146,"column":69},"end":{"line":146,"column":82}},"type":"binary-expr","locations":[{"start":{"line":146,"column":69},"end":{"line":146,"column":80}},{"start":{"line":146,"column":80},"end":{"line":146,"column":82}}],"line":146},"43":{"loc":{"start":{"line":148,"column":32},"end":{"line":148,"column":69}},"type":"binary-expr","locations":[{"start":{"line":148,"column":32},"end":{"line":148,"column":51}},{"start":{"line":148,"column":51},"end":{"line":148,"column":69}}],"line":148},"44":{"loc":{"start":{"line":208,"column":2},"end":{"line":211,"column":null}},"type":"if","locations":[{"start":{"line":208,"column":2},"end":{"line":211,"column":null}},{"start":{},"end":{}}],"line":208},"45":{"loc":{"start":{"line":208,"column":6},"end":{"line":208,"column":43}},"type":"binary-expr","locations":[{"start":{"line":208,"column":6},"end":{"line":208,"column":16}},{"start":{"line":208,"column":16},"end":{"line":208,"column":43}}],"line":208},"46":{"loc":{"start":{"line":212,"column":2},"end":{"line":231,"column":null}},"type":"switch","locations":[{"start":{"line":213,"column":4},"end":{"line":214,"column":null}},{"start":{"line":215,"column":4},"end":{"line":216,"column":null}},{"start":{"line":217,"column":4},"end":{"line":218,"column":null}},{"start":{"line":219,"column":4},"end":{"line":220,"column":null}},{"start":{"line":221,"column":4},"end":{"line":222,"column":null}},{"start":{"line":223,"column":4},"end":{"line":224,"column":null}},{"start":{"line":225,"column":4},"end":{"line":226,"column":null}},{"start":{"line":227,"column":4},"end":{"line":228,"column":null}},{"start":{"line":229,"column":4},"end":{"line":230,"column":null}}],"line":212},"47":{"loc":{"start":{"line":241,"column":2},"end":{"line":241,"column":null}},"type":"if","locations":[{"start":{"line":241,"column":2},"end":{"line":241,"column":null}},{"start":{},"end":{}}],"line":241},"48":{"loc":{"start":{"line":242,"column":21},"end":{"line":242,"column":null}},"type":"binary-expr","locations":[{"start":{"line":242,"column":21},"end":{"line":242,"column":41}},{"start":{"line":242,"column":41},"end":{"line":242,"column":null}}],"line":242},"49":{"loc":{"start":{"line":243,"column":24},"end":{"line":243,"column":null}},"type":"binary-expr","locations":[{"start":{"line":243,"column":24},"end":{"line":243,"column":49}},{"start":{"line":243,"column":49},"end":{"line":243,"column":null}}],"line":243},"50":{"loc":{"start":{"line":245,"column":2},"end":{"line":245,"column":null}},"type":"if","locations":[{"start":{"line":245,"column":2},"end":{"line":245,"column":null}},{"start":{},"end":{}}],"line":245},"51":{"loc":{"start":{"line":247,"column":2},"end":{"line":247,"column":null}},"type":"if","locations":[{"start":{"line":247,"column":2},"end":{"line":247,"column":null}},{"start":{},"end":{}}],"line":247},"52":{"loc":{"start":{"line":266,"column":2},"end":{"line":270,"column":null}},"type":"if","locations":[{"start":{"line":266,"column":2},"end":{"line":270,"column":null}},{"start":{},"end":{}}],"line":266},"53":{"loc":{"start":{"line":279,"column":4},"end":{"line":285,"column":null}},"type":"if","locations":[{"start":{"line":279,"column":4},"end":{"line":285,"column":null}},{"start":{"line":281,"column":11},"end":{"line":285,"column":null}}],"line":279},"54":{"loc":{"start":{"line":283,"column":6},"end":{"line":284,"column":null}},"type":"if","locations":[{"start":{"line":283,"column":6},"end":{"line":284,"column":null}},{"start":{"line":284,"column":11},"end":{"line":284,"column":null}}],"line":283},"55":{"loc":{"start":{"line":287,"column":24},"end":{"line":287,"column":64}},"type":"binary-expr","locations":[{"start":{"line":287,"column":24},"end":{"line":287,"column":56}},{"start":{"line":287,"column":56},"end":{"line":287,"column":64}}],"line":287},"56":{"loc":{"start":{"line":287,"column":64},"end":{"line":287,"column":100}},"type":"binary-expr","locations":[{"start":{"line":287,"column":64},"end":{"line":287,"column":96}},{"start":{"line":287,"column":96},"end":{"line":287,"column":100}}],"line":287}},"s":{"0":3,"1":3,"2":3,"3":6,"4":3,"5":3,"6":3,"7":3,"8":0,"9":0,"10":0,"11":0,"12":0,"13":0,"14":0,"15":0,"16":0,"17":0,"18":0,"19":0,"20":0,"21":0,"22":0,"23":0,"24":0,"25":0,"26":0,"27":0,"28":0,"29":0,"30":0,"31":0,"32":0,"33":0,"34":0,"35":0,"36":0,"37":0,"38":0,"39":0,"40":0,"41":0,"42":0,"43":0,"44":0,"45":0,"46":0,"47":0,"48":0,"49":0,"50":0,"51":0,"52":0,"53":0,"54":0,"55":0,"56":0,"57":0,"58":0,"59":0,"60":0,"61":0,"62":0,"63":0,"64":0,"65":0,"66":0,"67":0,"68":0,"69":0,"70":0,"71":0,"72":0,"73":0,"74":0,"75":0,"76":0,"77":0,"78":0,"79":0,"80":0,"81":0,"82":0,"83":0,"84":0,"85":0,"86":0,"87":0,"88":3,"89":0,"90":0,"91":0,"92":0,"93":0,"94":0,"95":0,"96":0,"97":0,"98":0,"99":0,"100":0,"101":0,"102":0,"103":0,"104":0,"105":0,"106":0,"107":0,"108":0,"109":0,"110":0,"111":0,"112":0,"113":0,"114":0,"115":0,"116":0,"117":0,"118":0,"119":0,"120":0,"121":3,"122":20,"123":20,"124":20,"125":80,"126":20,"127":20,"128":40,"129":20,"130":20,"131":40,"132":40,"133":20,"134":20,"135":20,"136":20,"137":0,"138":20,"139":0,"140":20},"f":{"0":6,"1":0,"2":0,"3":0,"4":0,"5":0,"6":0,"7":0,"8":0,"9":0,"10":0,"11":0,"12":0,"13":0,"14":0,"15":0,"16":0,"17":0,"18":0,"19":0,"20":0,"21":0,"22":0,"23":0,"24":20,"25":80,"26":0},"b":{"0":[3,3],"1":[6,4],"2":[3,1],"3":[0,0],"4":[0,0],"5":[0,0],"6":[0,0],"7":[0,0],"8":[0,0],"9":[0,0],"10":[0,0],"11":[0,0],"12":[0,0],"13":[0,0],"14":[0,0],"15":[0,0],"16":[0,0],"17":[0,0],"18":[0,0,0],"19":[0,0],"20":[0,0],"21":[0,0],"22":[0,0],"23":[0,0],"24":[0,0],"25":[0,0],"26":[0,0],"27":[0,0],"28":[0,0],"29":[0,0],"30":[0,0],"31":[0,0],"32":[0,0],"33":[0,0],"34":[0,0],"35":[0,0,0],"36":[0,0],"37":[0,0],"38":[0],"39":[0,0],"40":[0,0],"41":[0,0],"42":[0,0],"43":[0,0],"44":[0,0],"45":[0,0],"46":[0,0,0,0,0,0,0,0,0],"47":[0,0],"48":[0,0],"49":[0,0],"50":[0,0],"51":[0,0],"52":[20,0],"53":[20,20],"54":[20,0],"55":[0,0],"56":[0,0]},"meta":{"lastBranch":57,"lastFunction":27,"lastStatement":141,"seen":{"s:24:30:24:Infinity":0,"s:26:31:26:Infinity":1,"s:27:32:27:Infinity":2,"f:30:16:30:49":0,"b:31:2:31:Infinity:undefined:undefined:undefined:undefined":0,"s:31:2:31:Infinity":3,"b:31:6:31:16:31:16:31:43":1,"s:31:43:31:Infinity":4,"s:32:12:32:Infinity":5,"s:33:2:33:Infinity":6,"b:33:17:33:47:33:47:33:70":2,"s:36:34:36:Infinity":7,"f:45:16:45:43":1,"b:46:2:46:Infinity:undefined:undefined:undefined:undefined":3,"s:46:2:46:Infinity":8,"s:46:15:46:Infinity":9,"s:47:19:47:Infinity":10,"b:48:2:50:Infinity:undefined:undefined:undefined:undefined":4,"s:48:2:50:Infinity":11,"b:48:6:48:33:48:33:48:54":5,"s:49:4:49:Infinity":12,"f:49:32:49:33":2,"s:49:39:49:55":13,"s:51:19:51:Infinity":14,"s:52:2:60:Infinity":15,"b:52:18:52:33:52:33:52:37":6,"b:53:4:53:Infinity:undefined:undefined:undefined:undefined":7,"s:53:4:53:Infinity":16,"b:53:8:53:14:53:14:53:37":8,"s:53:37:53:Infinity":17,"s:54:14:54:Infinity":18,"b:55:4:55:Infinity:undefined:undefined:undefined:undefined":9,"s:55:4:55:Infinity":19,"s:55:35:55:Infinity":20,"s:56:15:56:Infinity":21,"b:57:4:57:Infinity:undefined:undefined:undefined:undefined":10,"s:57:4:57:Infinity":22,"s:57:13:57:Infinity":23,"s:58:18:58:Infinity":24,"b:59:4:59:Infinity:undefined:undefined:undefined:undefined":11,"s:59:4:59:Infinity":25,"b:59:8:59:28:59:28:59:51":12,"s:59:51:59:Infinity":26,"b:61:2:61:Infinity:undefined:undefined:undefined:undefined":13,"s:61:2:61:Infinity":27,"s:61:25:61:Infinity":28,"s:62:2:62:Infinity":29,"f:65:16:65:Infinity":3,"s:70:4:70:Infinity":30,"b:70:35:70:51:70:51:70:Infinity":14,"b:70:78:70:95:70:95:70:104":15,"s:71:2:71:Infinity":31,"f:74:9:74:23":4,"b:75:2:75:Infinity:undefined:undefined:undefined:undefined":16,"s:75:2:75:Infinity":32,"s:75:21:75:Infinity":33,"s:76:12:76:Infinity":34,"b:77:2:79:Infinity:undefined:undefined:undefined:undefined":17,"s:77:2:79:Infinity":35,"b:77:6:77:25:77:25:77:44:77:44:77:62":18,"s:78:4:78:Infinity":36,"s:80:2:80:Infinity":37,"f:83:9:83:21":5,"b:84:2:84:Infinity:undefined:undefined:undefined:undefined":19,"s:84:2:84:Infinity":38,"s:84:12:84:Infinity":39,"s:85:2:85:Infinity":40,"f:85:49:85:50":6,"s:85:56:85:71":41,"f:88:16:88:37":7,"b:89:2:93:Infinity:undefined:undefined:undefined:undefined":20,"s:89:2:93:Infinity":42,"s:90:14:90:Infinity":43,"b:91:4:91:Infinity:undefined:undefined:undefined:undefined":21,"s:91:4:91:Infinity":44,"s:91:20:91:Infinity":45,"s:92:4:92:Infinity":46,"f:92:17:92:18":8,"s:92:24:92:30":47,"b:94:2:97:Infinity:undefined:undefined:undefined:undefined":22,"s:94:2:97:Infinity":48,"b:94:6:94:36:94:36:94:64":23,"s:95:16:95:Infinity":49,"b:95:45:95:62:95:62:95:Infinity":24,"s:96:4:96:Infinity":50,"b:96:11:96:47:96:47:96:Infinity":25,"b:96:26:96:33:96:33:96:42":26,"s:98:40:111:Infinity":51,"b:112:2:116:Infinity:undefined:undefined:undefined:undefined":27,"s:112:2:116:Infinity":52,"s:113:16:113:Infinity":53,"b:114:4:114:Infinity:undefined:undefined:undefined:undefined":28,"s:114:4:114:Infinity":54,"b:114:8:114:29:114:29:114:43":29,"s:114:43:114:Infinity":55,"s:115:4:115:Infinity":56,"s:117:14:117:Infinity":57,"s:118:2:118:Infinity":58,"b:118:46:118:109:118:109:118:Infinity":30,"b:118:9:118:30:118:30:118:46":31,"b:118:72:118:94:118:94:118:109":32,"f:121:9:121:Infinity":9,"b:126:2:131:Infinity:undefined:undefined:undefined:undefined":33,"s:126:2:131:Infinity":59,"s:127:15:127:Infinity":60,"b:128:4:128:Infinity:undefined:undefined:undefined:undefined":34,"s:128:4:128:Infinity":61,"s:128:13:128:Infinity":62,"s:129:14:129:Infinity":63,"f:129:27:129:28":10,"s:129:34:129:50":64,"s:130:4:130:Infinity":65,"b:130:11:130:30:130:30:130:42:130:42:130:Infinity":35,"s:132:12:132:Infinity":66,"s:133:2:133:Infinity":67,"b:133:41:133:46:133:46:133:Infinity":36,"b:133:9:133:23:133:23:133:41":37,"f:137:16:137:Infinity":11,"b:139:74:139:Infinity":38,"b:145:2:174:Infinity:149:9:174:Infinity":39,"s:145:2:174:Infinity":68,"b:145:6:145:21:145:21:145:45":40,"s:146:19:146:Infinity":69,"f:146:41:146:42":12,"s:146:45:146:82":70,"b:146:52:146:63:146:63:146:69":41,"b:146:69:146:80:146:80:146:82":42,"s:147:4:147:Infinity":71,"f:147:22:147:23":13,"s:147:29:147:34":72,"s:148:4:148:Infinity":73,"f:148:25:148:26":14,"s:148:32:148:69":74,"b:148:32:148:51:148:51:148:69":43,"s:150:4:161:Infinity":75,"s:162:4:173:Infinity":76,"s:176:15:178:Infinity":77,"f:176:29:176:30":15,"s:177:4:177:Infinity":78,"f:177:13:177:14":16,"s:177:20:177:66":79,"s:179:14:179:Infinity":80,"s:180:15:180:Infinity":81,"s:181:14:181:Infinity":82,"s:182:13:182:Infinity":83,"s:183:2:183:Infinity":84,"s:184:2:184:Infinity":85,"s:185:2:185:Infinity":86,"s:186:2:186:Infinity":87,"s:189:54:200:Infinity":88,"f:202:16:202:Infinity":17,"s:206:13:206:Infinity":89,"f:206:42:206:43":18,"s:206:49:206:62":90,"s:207:17:207:Infinity":91,"b:208:2:211:Infinity:undefined:undefined:undefined:undefined":44,"s:208:2:211:Infinity":92,"b:208:6:208:16:208:16:208:43":45,"s:209:17:209:Infinity":93,"s:210:4:210:Infinity":94,"b:213:4:214:Infinity:215:4:216:Infinity:217:4:218:Infinity:219:4:220:Infinity:221:4:222:Infinity:223:4:224:Infinity:225:4:226:Infinity:227:4:228:Infinity:229:4:230:Infinity":46,"s:212:2:231:Infinity":95,"s:214:6:214:Infinity":96,"s:216:6:216:Infinity":97,"s:218:6:218:Infinity":98,"s:220:6:220:Infinity":99,"s:222:6:222:Infinity":100,"s:224:6:224:Infinity":101,"s:226:6:226:Infinity":102,"s:228:6:228:Infinity":103,"s:230:6:230:Infinity":104,"f:235:16:235:Infinity":19,"s:240:17:240:Infinity":105,"b:241:2:241:Infinity:undefined:undefined:undefined:undefined":47,"s:241:2:241:Infinity":106,"s:241:15:241:Infinity":107,"s:242:21:242:Infinity":108,"b:242:21:242:41:242:41:242:Infinity":48,"s:243:24:243:Infinity":109,"b:243:24:243:49:243:49:243:Infinity":49,"s:244:13:244:Infinity":110,"f:244:32:244:33":20,"s:244:39:244:60":111,"b:245:2:245:Infinity:undefined:undefined:undefined:undefined":50,"s:245:2:245:Infinity":112,"s:245:24:245:Infinity":113,"s:246:13:246:Infinity":114,"f:246:28:246:29":21,"s:246:35:246:58":115,"b:247:2:247:Infinity:undefined:undefined:undefined:undefined":51,"s:247:2:247:Infinity":116,"s:247:24:247:Infinity":117,"s:248:2:250:Infinity":118,"f:249:12:249:13":22,"s:249:19:249:42":119,"f:250:9:250:10":23,"s:250:16:250:20":120,"s:257:51:261:Infinity":121,"f:264:16:264:34":24,"s:265:46:265:Infinity":122,"b:266:2:270:Infinity:undefined:undefined:undefined:undefined":52,"s:266:2:270:Infinity":123,"s:267:4:269:Infinity":124,"f:267:22:267:23":25,"s:268:6:268:Infinity":125,"s:272:15:272:Infinity":126,"s:273:2:275:Infinity":127,"s:274:4:274:Infinity":128,"s:276:32:276:Infinity":129,"s:277:2:286:Infinity":130,"s:278:17:278:Infinity":131,"b:279:4:285:Infinity:281:11:285:Infinity":53,"s:279:4:285:Infinity":132,"s:280:6:280:Infinity":133,"s:282:21:282:Infinity":134,"b:283:6:284:Infinity:284:11:284:Infinity":54,"s:283:6:284:Infinity":135,"s:283:18:283:Infinity":136,"s:284:11:284:Infinity":137,"s:287:2:287:Infinity":138,"f:287:13:287:14":26,"s:287:17:287:100":139,"b:287:24:287:56:287:56:287:64":55,"b:287:64:287:96:287:96:287:100":56,"s:288:2:288:Infinity":140}}}
,"C:\\source\\alm-manifest-app\\alm-app\\frontend\\src\\features\\artifacts\\lib\\buildArtifactCreatePayload.ts": {"path":"C:\\source\\alm-manifest-app\\alm-app\\frontend\\src\\features\\artifacts\\lib\\buildArtifactCreatePayload.ts","statementMap":{"0":{"start":{"line":12,"column":17},"end":{"line":12,"column":null}},"1":{"start":{"line":14,"column":5},"end":{"line":14,"column":null}},"2":{"start":{"line":15,"column":38},"end":{"line":15,"column":null}},"3":{"start":{"line":16,"column":2},"end":{"line":18,"column":null}},"4":{"start":{"line":16,"column":14},"end":{"line":16,"column":null}},"5":{"start":{"line":16,"column":26},"end":{"line":18,"column":null}},"6":{"start":{"line":18,"column":4},"end":{"line":18,"column":null}},"7":{"start":{"line":19,"column":2},"end":{"line":19,"column":null}},"8":{"start":{"line":19,"column":21},"end":{"line":19,"column":null}},"9":{"start":{"line":20,"column":2},"end":{"line":23,"column":null}},"10":{"start":{"line":21,"column":25},"end":{"line":21,"column":null}},"11":{"start":{"line":22,"column":4},"end":{"line":22,"column":null}},"12":{"start":{"line":25,"column":48},"end":{"line":25,"column":null}},"13":{"start":{"line":26,"column":2},"end":{"line":30,"column":null}},"14":{"start":{"line":27,"column":4},"end":{"line":29,"column":null}},"15":{"start":{"line":28,"column":6},"end":{"line":28,"column":null}},"16":{"start":{"line":31,"column":21},"end":{"line":31,"column":null}},"17":{"start":{"line":32,"column":23},"end":{"line":32,"column":null}},"18":{"start":{"line":33,"column":41},"end":{"line":40,"column":null}},"19":{"start":{"line":41,"column":2},"end":{"line":41,"column":null}}},"fnMap":{"0":{"name":"buildArtifactCreatePayload","decl":{"start":{"line":8,"column":16},"end":{"line":8,"column":null}},"loc":{"start":{"line":11,"column":36},"end":{"line":42,"column":null}},"line":11}},"branchMap":{"0":{"loc":{"start":{"line":14,"column":5},"end":{"line":14,"column":null}},"type":"binary-expr","locations":[{"start":{"line":14,"column":5},"end":{"line":14,"column":55}},{"start":{"line":14,"column":55},"end":{"line":14,"column":96}},{"start":{"line":14,"column":96},"end":{"line":14,"column":null}}],"line":14},"1":{"loc":{"start":{"line":16,"column":2},"end":{"line":18,"column":null}},"type":"if","locations":[{"start":{"line":16,"column":2},"end":{"line":18,"column":null}},{"start":{"line":16,"column":26},"end":{"line":18,"column":null}}],"line":16},"2":{"loc":{"start":{"line":16,"column":26},"end":{"line":18,"column":null}},"type":"if","locations":[{"start":{"line":16,"column":26},"end":{"line":18,"column":null}},{"start":{},"end":{}}],"line":16},"3":{"loc":{"start":{"line":19,"column":2},"end":{"line":19,"column":null}},"type":"if","locations":[{"start":{"line":19,"column":2},"end":{"line":19,"column":null}},{"start":{},"end":{}}],"line":19},"4":{"loc":{"start":{"line":20,"column":2},"end":{"line":23,"column":null}},"type":"if","locations":[{"start":{"line":20,"column":2},"end":{"line":23,"column":null}},{"start":{},"end":{}}],"line":20},"5":{"loc":{"start":{"line":21,"column":25},"end":{"line":21,"column":null}},"type":"binary-expr","locations":[{"start":{"line":21,"column":25},"end":{"line":21,"column":38}},{"start":{"line":21,"column":38},"end":{"line":21,"column":59}},{"start":{"line":21,"column":59},"end":{"line":21,"column":null}}],"line":21},"6":{"loc":{"start":{"line":27,"column":4},"end":{"line":29,"column":null}},"type":"if","locations":[{"start":{"line":27,"column":4},"end":{"line":29,"column":null}},{"start":{},"end":{}}],"line":27},"7":{"loc":{"start":{"line":27,"column":8},"end":{"line":27,"column":86}},"type":"binary-expr","locations":[{"start":{"line":27,"column":8},"end":{"line":27,"column":37}},{"start":{"line":27,"column":37},"end":{"line":27,"column":58}},{"start":{"line":27,"column":58},"end":{"line":27,"column":72}},{"start":{"line":27,"column":72},"end":{"line":27,"column":86}}],"line":27},"8":{"loc":{"start":{"line":31,"column":21},"end":{"line":31,"column":null}},"type":"binary-expr","locations":[{"start":{"line":31,"column":21},"end":{"line":31,"column":66}},{"start":{"line":31,"column":66},"end":{"line":31,"column":null}}],"line":31},"9":{"loc":{"start":{"line":32,"column":23},"end":{"line":32,"column":null}},"type":"binary-expr","locations":[{"start":{"line":32,"column":23},"end":{"line":32,"column":70}},{"start":{"line":32,"column":70},"end":{"line":32,"column":null}}],"line":32},"10":{"loc":{"start":{"line":36,"column":18},"end":{"line":36,"column":null}},"type":"binary-expr","locations":[{"start":{"line":36,"column":18},"end":{"line":36,"column":58}},{"start":{"line":36,"column":58},"end":{"line":36,"column":null}}],"line":36},"11":{"loc":{"start":{"line":37,"column":15},"end":{"line":37,"column":null}},"type":"cond-expr","locations":[{"start":{"line":37,"column":55},"end":{"line":37,"column":82}},{"start":{"line":37,"column":82},"end":{"line":37,"column":null}}],"line":37},"12":{"loc":{"start":{"line":37,"column":15},"end":{"line":37,"column":55}},"type":"binary-expr","locations":[{"start":{"line":37,"column":15},"end":{"line":37,"column":28}},{"start":{"line":37,"column":28},"end":{"line":37,"column":55}}],"line":37},"13":{"loc":{"start":{"line":38,"column":17},"end":{"line":38,"column":null}},"type":"cond-expr","locations":[{"start":{"line":38,"column":61},"end":{"line":38,"column":90}},{"start":{"line":38,"column":90},"end":{"line":38,"column":null}}],"line":38},"14":{"loc":{"start":{"line":38,"column":17},"end":{"line":38,"column":61}},"type":"binary-expr","locations":[{"start":{"line":38,"column":17},"end":{"line":38,"column":32}},{"start":{"line":38,"column":32},"end":{"line":38,"column":61}}],"line":38},"15":{"loc":{"start":{"line":39,"column":19},"end":{"line":39,"column":null}},"type":"cond-expr","locations":[{"start":{"line":39,"column":54},"end":{"line":39,"column":69}},{"start":{"line":39,"column":69},"end":{"line":39,"column":null}}],"line":39}},"s":{"0":4,"1":4,"2":4,"3":4,"4":1,"5":3,"6":1,"7":4,"8":0,"9":4,"10":2,"11":2,"12":2,"13":2,"14":11,"15":1,"16":2,"17":4,"18":4,"19":4},"f":{"0":4},"b":{"0":[4,1,0],"1":[1,3],"2":[1,2],"3":[0,4],"4":[2,2],"5":[2,0,0],"6":[1,10],"7":[11,2,2,1],"8":[2,0],"9":[4,1],"10":[4,0],"11":[2,0],"12":[4,2],"13":[1,1],"14":[4,1],"15":[1,1]},"meta":{"lastBranch":16,"lastFunction":1,"lastStatement":20,"seen":{"f:8:16:8:Infinity":0,"s:12:17:12:Infinity":0,"s:14:5:14:Infinity":1,"b:14:5:14:55:14:55:14:96:14:96:14:Infinity":0,"s:15:38:15:Infinity":2,"b:16:2:18:Infinity:16:26:18:Infinity":1,"s:16:2:18:Infinity":3,"s:16:14:16:Infinity":4,"b:16:26:18:Infinity:undefined:undefined:undefined:undefined":2,"s:16:26:18:Infinity":5,"s:18:4:18:Infinity":6,"b:19:2:19:Infinity:undefined:undefined:undefined:undefined":3,"s:19:2:19:Infinity":7,"s:19:21:19:Infinity":8,"b:20:2:23:Infinity:undefined:undefined:undefined:undefined":4,"s:20:2:23:Infinity":9,"s:21:25:21:Infinity":10,"b:21:25:21:38:21:38:21:59:21:59:21:Infinity":5,"s:22:4:22:Infinity":11,"s:25:48:25:Infinity":12,"s:26:2:30:Infinity":13,"b:27:4:29:Infinity:undefined:undefined:undefined:undefined":6,"s:27:4:29:Infinity":14,"b:27:8:27:37:27:37:27:58:27:58:27:72:27:72:27:86":7,"s:28:6:28:Infinity":15,"s:31:21:31:Infinity":16,"b:31:21:31:66:31:66:31:Infinity":8,"s:32:23:32:Infinity":17,"b:32:23:32:70:32:70:32:Infinity":9,"s:33:41:40:Infinity":18,"b:36:18:36:58:36:58:36:Infinity":10,"b:37:55:37:82:37:82:37:Infinity":11,"b:37:15:37:28:37:28:37:55":12,"b:38:61:38:90:38:90:38:Infinity":13,"b:38:17:38:32:38:32:38:61":14,"b:39:54:39:69:39:69:39:Infinity":15,"s:41:2:41:Infinity":19}}}
,"C:\\source\\alm-manifest-app\\alm-app\\frontend\\src\\features\\quality\\types.ts": {"path":"C:\\source\\alm-manifest-app\\alm-app\\frontend\\src\\features\\quality\\types.ts","statementMap":{"0":{"start":{"line":27,"column":2},"end":{"line":27,"column":null}}},"fnMap":{"0":{"name":"isTestPlanCall","decl":{"start":{"line":26,"column":16},"end":{"line":26,"column":31}},"loc":{"start":{"line":26,"column":80},"end":{"line":28,"column":null}},"line":26}},"branchMap":{},"s":{"0":346},"f":{"0":346},"b":{},"meta":{"lastBranch":0,"lastFunction":1,"lastStatement":1,"seen":{"f:26:16:26:31":0,"s:27:2:27:Infinity":0}}}
,"C:\\source\\alm-manifest-app\\alm-app\\frontend\\src\\features\\quality\\components\\CreateDefectFromExecutionDialog.tsx": {"path":"C:\\source\\alm-manifest-app\\alm-app\\frontend\\src\\features\\quality\\components\\CreateDefectFromExecutionDialog.tsx","statementMap":{"0":{"start":{"line":28,"column":19},"end":{"line":28,"column":null}},"1":{"start":{"line":29,"column":2},"end":{"line":29,"column":null}},"2":{"start":{"line":30,"column":2},"end":{"line":33,"column":null}},"3":{"start":{"line":67,"column":12},"end":{"line":67,"column":null}},"4":{"start":{"line":68,"column":8},"end":{"line":68,"column":null}},"5":{"start":{"line":69,"column":24},"end":{"line":69,"column":null}},"6":{"start":{"line":70,"column":36},"end":{"line":70,"column":null}},"7":{"start":{"line":71,"column":24},"end":{"line":71,"column":null}},"8":{"start":{"line":72,"column":36},"end":{"line":74,"column":null}},"9":{"start":{"line":75,"column":36},"end":{"line":75,"column":null}},"10":{"start":{"line":77,"column":8},"end":{"line":77,"column":null}},"11":{"start":{"line":79,"column":2},"end":{"line":87,"column":null}},"12":{"start":{"line":80,"column":4},"end":{"line":86,"column":null}},"13":{"start":{"line":81,"column":6},"end":{"line":81,"column":null}},"14":{"start":{"line":82,"column":6},"end":{"line":82,"column":null}},"15":{"start":{"line":83,"column":6},"end":{"line":83,"column":null}},"16":{"start":{"line":84,"column":6},"end":{"line":84,"column":null}},"17":{"start":{"line":85,"column":6},"end":{"line":85,"column":null}},"18":{"start":{"line":89,"column":8},"end":{"line":99,"column":null}},"19":{"start":{"line":90,"column":25},"end":{"line":90,"column":null}},"20":{"start":{"line":91,"column":4},"end":{"line":97,"column":null}},"21":{"start":{"line":92,"column":6},"end":{"line":95,"column":null}},"22":{"start":{"line":93,"column":8},"end":{"line":93,"column":null}},"23":{"start":{"line":94,"column":8},"end":{"line":94,"column":null}},"24":{"start":{"line":96,"column":6},"end":{"line":96,"column":null}},"25":{"start":{"line":98,"column":4},"end":{"line":98,"column":null}},"26":{"start":{"line":98,"column":21},"end":{"line":98,"column":null}},"27":{"start":{"line":98,"column":40},"end":{"line":98,"column":58}},"28":{"start":{"line":101,"column":8},"end":{"line":119,"column":null}},"29":{"start":{"line":103,"column":20},"end":{"line":103,"column":null}},"30":{"start":{"line":104,"column":6},"end":{"line":104,"column":null}},"31":{"start":{"line":104,"column":26},"end":{"line":104,"column":null}},"32":{"start":{"line":105,"column":33},"end":{"line":105,"column":null}},"33":{"start":{"line":106,"column":6},"end":{"line":112,"column":null}},"34":{"start":{"line":106,"column":19},"end":{"line":106,"column":22}},"35":{"start":{"line":107,"column":19},"end":{"line":107,"column":null}},"36":{"start":{"line":108,"column":8},"end":{"line":111,"column":null}},"37":{"start":{"line":109,"column":20},"end":{"line":109,"column":null}},"38":{"start":{"line":110,"column":10},"end":{"line":110,"column":null}},"39":{"start":{"line":110,"column":17},"end":{"line":110,"column":null}},"40":{"start":{"line":113,"column":6},"end":{"line":116,"column":null}},"41":{"start":{"line":114,"column":8},"end":{"line":114,"column":null}},"42":{"start":{"line":115,"column":8},"end":{"line":115,"column":null}},"43":{"start":{"line":121,"column":21},"end":{"line":123,"column":null}},"44":{"start":{"line":122,"column":4},"end":{"line":122,"column":null}},"45":{"start":{"line":122,"column":23},"end":{"line":122,"column":57}},"46":{"start":{"line":122,"column":45},"end":{"line":122,"column":56}},"47":{"start":{"line":125,"column":23},"end":{"line":213,"column":null}},"48":{"start":{"line":126,"column":4},"end":{"line":129,"column":null}},"49":{"start":{"line":127,"column":6},"end":{"line":127,"column":null}},"50":{"start":{"line":128,"column":6},"end":{"line":128,"column":null}},"51":{"start":{"line":130,"column":20},"end":{"line":130,"column":null}},"52":{"start":{"line":131,"column":4},"end":{"line":134,"column":null}},"53":{"start":{"line":132,"column":6},"end":{"line":132,"column":null}},"54":{"start":{"line":133,"column":6},"end":{"line":133,"column":null}},"55":{"start":{"line":135,"column":4},"end":{"line":135,"column":null}},"56":{"start":{"line":135,"column":32},"end":{"line":135,"column":null}},"57":{"start":{"line":137,"column":4},"end":{"line":137,"column":null}},"58":{"start":{"line":139,"column":4},"end":{"line":158,"column":null}},"59":{"start":{"line":140,"column":22},"end":{"line":152,"column":null}},"60":{"start":{"line":153,"column":6},"end":{"line":153,"column":null}},"61":{"start":{"line":155,"column":6},"end":{"line":155,"column":null}},"62":{"start":{"line":156,"column":6},"end":{"line":156,"column":null}},"63":{"start":{"line":157,"column":6},"end":{"line":157,"column":null}},"64":{"start":{"line":160,"column":23},"end":{"line":160,"column":null}},"65":{"start":{"line":161,"column":4},"end":{"line":179,"column":null}},"66":{"start":{"line":162,"column":6},"end":{"line":162,"column":null}},"67":{"start":{"line":163,"column":6},"end":{"line":170,"column":null}},"68":{"start":{"line":164,"column":8},"end":{"line":167,"column":null}},"69":{"start":{"line":169,"column":8},"end":{"line":169,"column":null}},"70":{"start":{"line":171,"column":6},"end":{"line":178,"column":null}},"71":{"start":{"line":172,"column":8},"end":{"line":175,"column":null}},"72":{"start":{"line":177,"column":8},"end":{"line":177,"column":null}},"73":{"start":{"line":181,"column":4},"end":{"line":193,"column":null}},"74":{"start":{"line":182,"column":6},"end":{"line":182,"column":null}},"75":{"start":{"line":183,"column":14},"end":{"line":183,"column":null}},"76":{"start":{"line":184,"column":6},"end":{"line":192,"column":null}},"77":{"start":{"line":185,"column":8},"end":{"line":185,"column":null}},"78":{"start":{"line":186,"column":8},"end":{"line":190,"column":null}},"79":{"start":{"line":187,"column":10},"end":{"line":187,"column":null}},"80":{"start":{"line":189,"column":10},"end":{"line":189,"column":null}},"81":{"start":{"line":191,"column":8},"end":{"line":191,"column":null}},"82":{"start":{"line":196,"column":6},"end":{"line":201,"column":null}},"83":{"start":{"line":199,"column":27},"end":{"line":199,"column":null}},"84":{"start":{"line":203,"column":4},"end":{"line":210,"column":null}},"85":{"start":{"line":204,"column":6},"end":{"line":207,"column":null}},"86":{"start":{"line":209,"column":6},"end":{"line":209,"column":null}},"87":{"start":{"line":211,"column":4},"end":{"line":211,"column":null}},"88":{"start":{"line":212,"column":4},"end":{"line":212,"column":null}},"89":{"start":{"line":216,"column":4},"end":{"line":216,"column":null}},"90":{"start":{"line":218,"column":2},"end":{"line":327,"column":null}},"91":{"start":{"line":236,"column":31},"end":{"line":236,"column":null}},"92":{"start":{"line":248,"column":31},"end":{"line":248,"column":null}},"93":{"start":{"line":270,"column":22},"end":{"line":270,"column":null}},"94":{"start":{"line":270,"column":50},"end":{"line":270,"column":null}},"95":{"start":{"line":271,"column":22},"end":{"line":271,"column":null}},"96":{"start":{"line":280,"column":18},"end":{"line":296,"column":null}},"97":{"start":{"line":290,"column":37},"end":{"line":290,"column":null}},"98":{"start":{"line":314,"column":65},"end":{"line":314,"column":86}},"99":{"start":{"line":319,"column":27},"end":{"line":319,"column":null}}},"fnMap":{"0":{"name":"uploadAttachment","decl":{"start":{"line":22,"column":15},"end":{"line":22,"column":null}},"loc":{"start":{"line":27,"column":17},"end":{"line":34,"column":null}},"line":27},"1":{"name":"CreateDefectFromExecutionDialog","decl":{"start":{"line":52,"column":16},"end":{"line":52,"column":48}},"loc":{"start":{"line":66,"column":41},"end":{"line":329,"column":null}},"line":66},"2":{"name":"(anonymous_2)","decl":{"start":{"line":79,"column":12},"end":{"line":79,"column":18}},"loc":{"start":{"line":79,"column":18},"end":{"line":87,"column":5}},"line":79},"3":{"name":"(anonymous_3)","decl":{"start":{"line":89,"column":31},"end":{"line":89,"column":32}},"loc":{"start":{"line":89,"column":64},"end":{"line":99,"column":5}},"line":89},"4":{"name":"(anonymous_4)","decl":{"start":{"line":98,"column":30},"end":{"line":98,"column":31}},"loc":{"start":{"line":98,"column":40},"end":{"line":98,"column":58}},"line":98},"5":{"name":"(anonymous_5)","decl":{"start":{"line":102,"column":4},"end":{"line":102,"column":5}},"loc":{"start":{"line":102,"column":33},"end":{"line":117,"column":null}},"line":102},"6":{"name":"(anonymous_6)","decl":{"start":{"line":121,"column":21},"end":{"line":121,"column":22}},"loc":{"start":{"line":121,"column":40},"end":{"line":123,"column":null}},"line":121},"7":{"name":"(anonymous_7)","decl":{"start":{"line":122,"column":13},"end":{"line":122,"column":14}},"loc":{"start":{"line":122,"column":23},"end":{"line":122,"column":57}},"line":122},"8":{"name":"(anonymous_8)","decl":{"start":{"line":122,"column":35},"end":{"line":122,"column":36}},"loc":{"start":{"line":122,"column":45},"end":{"line":122,"column":56}},"line":122},"9":{"name":"(anonymous_9)","decl":{"start":{"line":125,"column":23},"end":{"line":125,"column":35}},"loc":{"start":{"line":125,"column":35},"end":{"line":213,"column":null}},"line":125},"10":{"name":"(anonymous_10)","decl":{"start":{"line":199,"column":21},"end":{"line":199,"column":27}},"loc":{"start":{"line":199,"column":27},"end":{"line":199,"column":null}},"line":199},"11":{"name":"(anonymous_11)","decl":{"start":{"line":236,"column":24},"end":{"line":236,"column":25}},"loc":{"start":{"line":236,"column":31},"end":{"line":236,"column":null}},"line":236},"12":{"name":"(anonymous_12)","decl":{"start":{"line":248,"column":24},"end":{"line":248,"column":25}},"loc":{"start":{"line":248,"column":31},"end":{"line":248,"column":null}},"line":248},"13":{"name":"(anonymous_13)","decl":{"start":{"line":269,"column":30},"end":{"line":269,"column":31}},"loc":{"start":{"line":269,"column":37},"end":{"line":272,"column":null}},"line":269},"14":{"name":"(anonymous_14)","decl":{"start":{"line":279,"column":27},"end":{"line":279,"column":28}},"loc":{"start":{"line":280,"column":18},"end":{"line":296,"column":null}},"line":280},"15":{"name":"(anonymous_15)","decl":{"start":{"line":290,"column":31},"end":{"line":290,"column":37}},"loc":{"start":{"line":290,"column":37},"end":{"line":290,"column":null}},"line":290},"16":{"name":"(anonymous_16)","decl":{"start":{"line":314,"column":59},"end":{"line":314,"column":65}},"loc":{"start":{"line":314,"column":65},"end":{"line":314,"column":86}},"line":314},"17":{"name":"(anonymous_17)","decl":{"start":{"line":319,"column":21},"end":{"line":319,"column":27}},"loc":{"start":{"line":319,"column":27},"end":{"line":319,"column":null}},"line":319}},"branchMap":{"0":{"loc":{"start":{"line":80,"column":4},"end":{"line":86,"column":null}},"type":"if","locations":[{"start":{"line":80,"column":4},"end":{"line":86,"column":null}},{"start":{},"end":{}}],"line":80},"1":{"loc":{"start":{"line":92,"column":6},"end":{"line":95,"column":null}},"type":"if","locations":[{"start":{"line":92,"column":6},"end":{"line":95,"column":null}},{"start":{},"end":{}}],"line":92},"2":{"loc":{"start":{"line":98,"column":4},"end":{"line":98,"column":null}},"type":"if","locations":[{"start":{"line":98,"column":4},"end":{"line":98,"column":null}},{"start":{},"end":{}}],"line":98},"3":{"loc":{"start":{"line":104,"column":6},"end":{"line":104,"column":null}},"type":"if","locations":[{"start":{"line":104,"column":6},"end":{"line":104,"column":null}},{"start":{},"end":{}}],"line":104},"4":{"loc":{"start":{"line":108,"column":8},"end":{"line":111,"column":null}},"type":"if","locations":[{"start":{"line":108,"column":8},"end":{"line":111,"column":null}},{"start":{},"end":{}}],"line":108},"5":{"loc":{"start":{"line":108,"column":12},"end":{"line":108,"column":65}},"type":"binary-expr","locations":[{"start":{"line":108,"column":12},"end":{"line":108,"column":35}},{"start":{"line":108,"column":35},"end":{"line":108,"column":65}}],"line":108},"6":{"loc":{"start":{"line":110,"column":10},"end":{"line":110,"column":null}},"type":"if","locations":[{"start":{"line":110,"column":10},"end":{"line":110,"column":null}},{"start":{},"end":{}}],"line":110},"7":{"loc":{"start":{"line":113,"column":6},"end":{"line":116,"column":null}},"type":"if","locations":[{"start":{"line":113,"column":6},"end":{"line":116,"column":null}},{"start":{},"end":{}}],"line":113},"8":{"loc":{"start":{"line":126,"column":4},"end":{"line":129,"column":null}},"type":"if","locations":[{"start":{"line":126,"column":4},"end":{"line":129,"column":null}},{"start":{},"end":{}}],"line":126},"9":{"loc":{"start":{"line":131,"column":4},"end":{"line":134,"column":null}},"type":"if","locations":[{"start":{"line":131,"column":4},"end":{"line":134,"column":null}},{"start":{},"end":{}}],"line":131},"10":{"loc":{"start":{"line":135,"column":4},"end":{"line":135,"column":null}},"type":"if","locations":[{"start":{"line":135,"column":4},"end":{"line":135,"column":null}},{"start":{},"end":{}}],"line":135},"11":{"loc":{"start":{"line":161,"column":4},"end":{"line":179,"column":null}},"type":"if","locations":[{"start":{"line":161,"column":4},"end":{"line":179,"column":null}},{"start":{},"end":{}}],"line":161},"12":{"loc":{"start":{"line":181,"column":4},"end":{"line":193,"column":null}},"type":"if","locations":[{"start":{"line":181,"column":4},"end":{"line":193,"column":null}},{"start":{},"end":{}}],"line":181},"13":{"loc":{"start":{"line":196,"column":6},"end":{"line":201,"column":null}},"type":"cond-expr","locations":[{"start":{"line":197,"column":10},"end":{"line":200,"column":null}},{"start":{"line":201,"column":10},"end":{"line":201,"column":null}}],"line":196},"14":{"loc":{"start":{"line":196,"column":6},"end":{"line":196,"column":null}},"type":"binary-expr","locations":[{"start":{"line":196,"column":6},"end":{"line":196,"column":17}},{"start":{"line":196,"column":17},"end":{"line":196,"column":null}}],"line":196},"15":{"loc":{"start":{"line":203,"column":4},"end":{"line":210,"column":null}},"type":"if","locations":[{"start":{"line":203,"column":4},"end":{"line":210,"column":null}},{"start":{"line":208,"column":11},"end":{"line":210,"column":null}}],"line":203},"16":{"loc":{"start":{"line":216,"column":4},"end":{"line":216,"column":null}},"type":"binary-expr","locations":[{"start":{"line":216,"column":4},"end":{"line":216,"column":34}},{"start":{"line":216,"column":34},"end":{"line":216,"column":63}},{"start":{"line":216,"column":63},"end":{"line":216,"column":null}}],"line":216},"17":{"loc":{"start":{"line":270,"column":22},"end":{"line":270,"column":null}},"type":"if","locations":[{"start":{"line":270,"column":22},"end":{"line":270,"column":null}},{"start":{},"end":{}}],"line":270},"18":{"loc":{"start":{"line":277,"column":13},"end":{"line":299,"column":null}},"type":"cond-expr","locations":[{"start":{"line":278,"column":14},"end":{"line":298,"column":null}},{"start":{"line":299,"column":16},"end":{"line":299,"column":null}}],"line":277},"19":{"loc":{"start":{"line":302,"column":11},"end":{"line":309,"column":null}},"type":"cond-expr","locations":[{"start":{"line":303,"column":12},"end":{"line":308,"column":null}},{"start":{"line":309,"column":14},"end":{"line":309,"column":null}}],"line":302},"20":{"loc":{"start":{"line":320,"column":22},"end":{"line":320,"column":null}},"type":"binary-expr","locations":[{"start":{"line":320,"column":22},"end":{"line":320,"column":30}},{"start":{"line":320,"column":30},"end":{"line":320,"column":52}},{"start":{"line":320,"column":52},"end":{"line":320,"column":null}}],"line":320},"21":{"loc":{"start":{"line":322,"column":13},"end":{"line":322,"column":null}},"type":"cond-expr","locations":[{"start":{"line":322,"column":20},"end":{"line":322,"column":71}},{"start":{"line":322,"column":71},"end":{"line":322,"column":null}}],"line":322}},"s":{"0":0,"1":0,"2":0,"3":0,"4":0,"5":0,"6":0,"7":0,"8":0,"9":0,"10":0,"11":0,"12":0,"13":0,"14":0,"15":0,"16":0,"17":0,"18":0,"19":0,"20":0,"21":0,"22":0,"23":0,"24":0,"25":0,"26":0,"27":0,"28":0,"29":0,"30":0,"31":0,"32":0,"33":0,"34":0,"35":0,"36":0,"37":0,"38":0,"39":0,"40":0,"41":0,"42":0,"43":0,"44":0,"45":0,"46":0,"47":0,"48":0,"49":0,"50":0,"51":0,"52":0,"53":0,"54":0,"55":0,"56":0,"57":0,"58":0,"59":0,"60":0,"61":0,"62":0,"63":0,"64":0,"65":0,"66":0,"67":0,"68":0,"69":0,"70":0,"71":0,"72":0,"73":0,"74":0,"75":0,"76":0,"77":0,"78":0,"79":0,"80":0,"81":0,"82":0,"83":0,"84":0,"85":0,"86":0,"87":0,"88":0,"89":0,"90":0,"91":0,"92":0,"93":0,"94":0,"95":0,"96":0,"97":0,"98":0,"99":0},"f":{"0":0,"1":0,"2":0,"3":0,"4":0,"5":0,"6":0,"7":0,"8":0,"9":0,"10":0,"11":0,"12":0,"13":0,"14":0,"15":0,"16":0,"17":0},"b":{"0":[0,0],"1":[0,0],"2":[0,0],"3":[0,0],"4":[0,0],"5":[0,0],"6":[0,0],"7":[0,0],"8":[0,0],"9":[0,0],"10":[0,0],"11":[0,0],"12":[0,0],"13":[0,0],"14":[0,0],"15":[0,0],"16":[0,0,0],"17":[0,0],"18":[0,0],"19":[0,0],"20":[0,0,0],"21":[0,0]},"meta":{"lastBranch":22,"lastFunction":18,"lastStatement":100,"seen":{"f:22:15:22:Infinity":0,"s:28:19:28:Infinity":0,"s:29:2:29:Infinity":1,"s:30:2:33:Infinity":2,"f:52:16:52:48":1,"s:67:12:67:Infinity":3,"s:68:8:68:Infinity":4,"s:69:24:69:Infinity":5,"s:70:36:70:Infinity":6,"s:71:24:71:Infinity":7,"s:72:36:74:Infinity":8,"s:75:36:75:Infinity":9,"s:77:8:77:Infinity":10,"s:79:2:87:Infinity":11,"f:79:12:79:18":2,"b:80:4:86:Infinity:undefined:undefined:undefined:undefined":0,"s:80:4:86:Infinity":12,"s:81:6:81:Infinity":13,"s:82:6:82:Infinity":14,"s:83:6:83:Infinity":15,"s:84:6:84:Infinity":16,"s:85:6:85:Infinity":17,"s:89:8:99:Infinity":18,"f:89:31:89:32":3,"s:90:25:90:Infinity":19,"s:91:4:97:Infinity":20,"b:92:6:95:Infinity:undefined:undefined:undefined:undefined":1,"s:92:6:95:Infinity":21,"s:93:8:93:Infinity":22,"s:94:8:94:Infinity":23,"s:96:6:96:Infinity":24,"b:98:4:98:Infinity:undefined:undefined:undefined:undefined":2,"s:98:4:98:Infinity":25,"s:98:21:98:Infinity":26,"f:98:30:98:31":4,"s:98:40:98:58":27,"s:101:8:119:Infinity":28,"f:102:4:102:5":5,"s:103:20:103:Infinity":29,"b:104:6:104:Infinity:undefined:undefined:undefined:undefined":3,"s:104:6:104:Infinity":30,"s:104:26:104:Infinity":31,"s:105:33:105:Infinity":32,"s:106:6:112:Infinity":33,"s:106:19:106:22":34,"s:107:19:107:Infinity":35,"b:108:8:111:Infinity:undefined:undefined:undefined:undefined":4,"s:108:8:111:Infinity":36,"b:108:12:108:35:108:35:108:65":5,"s:109:20:109:Infinity":37,"b:110:10:110:Infinity:undefined:undefined:undefined:undefined":6,"s:110:10:110:Infinity":38,"s:110:17:110:Infinity":39,"b:113:6:116:Infinity:undefined:undefined:undefined:undefined":7,"s:113:6:116:Infinity":40,"s:114:8:114:Infinity":41,"s:115:8:115:Infinity":42,"s:121:21:123:Infinity":43,"f:121:21:121:22":6,"s:122:4:122:Infinity":44,"f:122:13:122:14":7,"s:122:23:122:57":45,"f:122:35:122:36":8,"s:122:45:122:56":46,"s:125:23:213:Infinity":47,"f:125:23:125:35":9,"b:126:4:129:Infinity:undefined:undefined:undefined:undefined":8,"s:126:4:129:Infinity":48,"s:127:6:127:Infinity":49,"s:128:6:128:Infinity":50,"s:130:20:130:Infinity":51,"b:131:4:134:Infinity:undefined:undefined:undefined:undefined":9,"s:131:4:134:Infinity":52,"s:132:6:132:Infinity":53,"s:133:6:133:Infinity":54,"b:135:4:135:Infinity:undefined:undefined:undefined:undefined":10,"s:135:4:135:Infinity":55,"s:135:32:135:Infinity":56,"s:137:4:137:Infinity":57,"s:139:4:158:Infinity":58,"s:140:22:152:Infinity":59,"s:153:6:153:Infinity":60,"s:155:6:155:Infinity":61,"s:156:6:156:Infinity":62,"s:157:6:157:Infinity":63,"s:160:23:160:Infinity":64,"b:161:4:179:Infinity:undefined:undefined:undefined:undefined":11,"s:161:4:179:Infinity":65,"s:162:6:162:Infinity":66,"s:163:6:170:Infinity":67,"s:164:8:167:Infinity":68,"s:169:8:169:Infinity":69,"s:171:6:178:Infinity":70,"s:172:8:175:Infinity":71,"s:177:8:177:Infinity":72,"b:181:4:193:Infinity:undefined:undefined:undefined:undefined":12,"s:181:4:193:Infinity":73,"s:182:6:182:Infinity":74,"s:183:14:183:Infinity":75,"s:184:6:192:Infinity":76,"s:185:8:185:Infinity":77,"s:186:8:190:Infinity":78,"s:187:10:187:Infinity":79,"s:189:10:189:Infinity":80,"s:191:8:191:Infinity":81,"s:196:6:201:Infinity":82,"b:197:10:200:Infinity:201:10:201:Infinity":13,"b:196:6:196:17:196:17:196:Infinity":14,"f:199:21:199:27":10,"s:199:27:199:Infinity":83,"b:203:4:210:Infinity:208:11:210:Infinity":15,"s:203:4:210:Infinity":84,"s:204:6:207:Infinity":85,"s:209:6:209:Infinity":86,"s:211:4:211:Infinity":87,"s:212:4:212:Infinity":88,"s:216:4:216:Infinity":89,"b:216:4:216:34:216:34:216:63:216:63:216:Infinity":16,"s:218:2:327:Infinity":90,"f:236:24:236:25":11,"s:236:31:236:Infinity":91,"f:248:24:248:25":12,"s:248:31:248:Infinity":92,"f:269:30:269:31":13,"b:270:22:270:Infinity:undefined:undefined:undefined:undefined":17,"s:270:22:270:Infinity":93,"s:270:50:270:Infinity":94,"s:271:22:271:Infinity":95,"b:278:14:298:Infinity:299:16:299:Infinity":18,"f:279:27:279:28":14,"s:280:18:296:Infinity":96,"f:290:31:290:37":15,"s:290:37:290:Infinity":97,"b:303:12:308:Infinity:309:14:309:Infinity":19,"f:314:59:314:65":16,"s:314:65:314:86":98,"f:319:21:319:27":17,"s:319:27:319:Infinity":99,"b:320:22:320:30:320:30:320:52:320:52:320:Infinity":20,"b:322:20:322:71:322:71:322:Infinity":21}}}
,"C:\\source\\alm-manifest-app\\alm-app\\frontend\\src\\features\\quality\\components\\ExecutionStepList.tsx": {"path":"C:\\source\\alm-manifest-app\\alm-app\\frontend\\src\\features\\quality\\components\\ExecutionStepList.tsx","statementMap":{"0":{"start":{"line":24,"column":2},"end":{"line":27,"column":null}},"1":{"start":{"line":57,"column":12},"end":{"line":57,"column":null}},"2":{"start":{"line":58,"column":24},"end":{"line":59,"column":null}},"3":{"start":{"line":59,"column":4},"end":{"line":59,"column":null}},"4":{"start":{"line":59,"column":24},"end":{"line":59,"column":43}},"5":{"start":{"line":61,"column":2},"end":{"line":307,"column":null}},"6":{"start":{"line":82,"column":23},"end":{"line":82,"column":null}},"7":{"start":{"line":83,"column":23},"end":{"line":83,"column":null}},"8":{"start":{"line":85,"column":8},"end":{"line":303,"column":null}},"9":{"start":{"line":126,"column":37},"end":{"line":126,"column":null}},"10":{"start":{"line":138,"column":37},"end":{"line":138,"column":null}},"11":{"start":{"line":152,"column":37},"end":{"line":152,"column":null}},"12":{"start":{"line":207,"column":26},"end":{"line":207,"column":null}},"13":{"start":{"line":221,"column":24},"end":{"line":221,"column":null}},"14":{"start":{"line":239,"column":24},"end":{"line":244,"column":null}},"15":{"start":{"line":283,"column":37},"end":{"line":283,"column":null}},"16":{"start":{"line":294,"column":37},"end":{"line":294,"column":null}}},"fnMap":{"0":{"name":"textareaClasses","decl":{"start":{"line":23,"column":9},"end":{"line":23,"column":25}},"loc":{"start":{"line":23,"column":43},"end":{"line":28,"column":null}},"line":23},"1":{"name":"ExecutionStepList","decl":{"start":{"line":47,"column":16},"end":{"line":47,"column":34}},"loc":{"start":{"line":56,"column":27},"end":{"line":309,"column":null}},"line":56},"2":{"name":"(anonymous_2)","decl":{"start":{"line":58,"column":24},"end":{"line":58,"column":25}},"loc":{"start":{"line":59,"column":4},"end":{"line":59,"column":null}},"line":59},"3":{"name":"(anonymous_3)","decl":{"start":{"line":59,"column":17},"end":{"line":59,"column":18}},"loc":{"start":{"line":59,"column":24},"end":{"line":59,"column":43}},"line":59},"4":{"name":"(anonymous_4)","decl":{"start":{"line":81,"column":17},"end":{"line":81,"column":18}},"loc":{"start":{"line":81,"column":27},"end":{"line":305,"column":7}},"line":81},"5":{"name":"(anonymous_5)","decl":{"start":{"line":126,"column":31},"end":{"line":126,"column":37}},"loc":{"start":{"line":126,"column":37},"end":{"line":126,"column":null}},"line":126},"6":{"name":"(anonymous_6)","decl":{"start":{"line":138,"column":31},"end":{"line":138,"column":37}},"loc":{"start":{"line":138,"column":37},"end":{"line":138,"column":null}},"line":138},"7":{"name":"(anonymous_7)","decl":{"start":{"line":152,"column":31},"end":{"line":152,"column":37}},"loc":{"start":{"line":152,"column":37},"end":{"line":152,"column":null}},"line":152},"8":{"name":"(anonymous_8)","decl":{"start":{"line":206,"column":33},"end":{"line":206,"column":null}},"loc":{"start":{"line":207,"column":26},"end":{"line":207,"column":null}},"line":207},"9":{"name":"(anonymous_9)","decl":{"start":{"line":220,"column":32},"end":{"line":220,"column":33}},"loc":{"start":{"line":221,"column":24},"end":{"line":221,"column":null}},"line":221},"10":{"name":"(anonymous_10)","decl":{"start":{"line":238,"column":32},"end":{"line":238,"column":33}},"loc":{"start":{"line":239,"column":24},"end":{"line":244,"column":null}},"line":239},"11":{"name":"(anonymous_11)","decl":{"start":{"line":283,"column":31},"end":{"line":283,"column":37}},"loc":{"start":{"line":283,"column":37},"end":{"line":283,"column":null}},"line":283},"12":{"name":"(anonymous_12)","decl":{"start":{"line":294,"column":31},"end":{"line":294,"column":37}},"loc":{"start":{"line":294,"column":37},"end":{"line":294,"column":null}},"line":294}},"branchMap":{"0":{"loc":{"start":{"line":26,"column":4},"end":{"line":26,"column":null}},"type":"cond-expr","locations":[{"start":{"line":26,"column":14},"end":{"line":26,"column":31}},{"start":{"line":26,"column":31},"end":{"line":26,"column":null}}],"line":26},"1":{"loc":{"start":{"line":54,"column":2},"end":{"line":54,"column":null}},"type":"default-arg","locations":[{"start":{"line":54,"column":13},"end":{"line":54,"column":null}}],"line":54},"2":{"loc":{"start":{"line":55,"column":2},"end":{"line":55,"column":null}},"type":"default-arg","locations":[{"start":{"line":55,"column":18},"end":{"line":55,"column":null}}],"line":55},"3":{"loc":{"start":{"line":62,"column":36},"end":{"line":62,"column":64}},"type":"binary-expr","locations":[{"start":{"line":62,"column":36},"end":{"line":62,"column":53}},{"start":{"line":62,"column":53},"end":{"line":62,"column":64}}],"line":62},"4":{"loc":{"start":{"line":63,"column":7},"end":{"line":78,"column":null}},"type":"binary-expr","locations":[{"start":{"line":63,"column":7},"end":{"line":63,"column":20}},{"start":{"line":63,"column":20},"end":{"line":63,"column":38}},{"start":{"line":63,"column":38},"end":{"line":63,"column":null}},{"start":{"line":64,"column":8},"end":{"line":78,"column":null}}],"line":63},"5":{"loc":{"start":{"line":67,"column":12},"end":{"line":67,"column":null}},"type":"cond-expr","locations":[{"start":{"line":67,"column":28},"end":{"line":67,"column":37}},{"start":{"line":67,"column":37},"end":{"line":67,"column":null}}],"line":67},"6":{"loc":{"start":{"line":80,"column":38},"end":{"line":80,"column":87}},"type":"cond-expr","locations":[{"start":{"line":80,"column":54},"end":{"line":80,"column":72}},{"start":{"line":80,"column":72},"end":{"line":80,"column":87}}],"line":80},"7":{"loc":{"start":{"line":83,"column":23},"end":{"line":83,"column":null}},"type":"binary-expr","locations":[{"start":{"line":83,"column":23},"end":{"line":83,"column":41}},{"start":{"line":83,"column":41},"end":{"line":83,"column":null}}],"line":83},"8":{"loc":{"start":{"line":91,"column":14},"end":{"line":91,"column":null}},"type":"binary-expr","locations":[{"start":{"line":91,"column":14},"end":{"line":91,"column":37}},{"start":{"line":91,"column":37},"end":{"line":91,"column":null}}],"line":91},"9":{"loc":{"start":{"line":92,"column":14},"end":{"line":92,"column":null}},"type":"binary-expr","locations":[{"start":{"line":92,"column":14},"end":{"line":92,"column":37}},{"start":{"line":92,"column":37},"end":{"line":92,"column":null}}],"line":92},"10":{"loc":{"start":{"line":93,"column":14},"end":{"line":93,"column":null}},"type":"binary-expr","locations":[{"start":{"line":93,"column":14},"end":{"line":93,"column":38}},{"start":{"line":93,"column":38},"end":{"line":93,"column":null}}],"line":93},"11":{"loc":{"start":{"line":94,"column":14},"end":{"line":94,"column":null}},"type":"binary-expr","locations":[{"start":{"line":94,"column":14},"end":{"line":94,"column":43}},{"start":{"line":94,"column":43},"end":{"line":94,"column":null}}],"line":94},"12":{"loc":{"start":{"line":97,"column":38},"end":{"line":97,"column":77}},"type":"cond-expr","locations":[{"start":{"line":97,"column":54},"end":{"line":97,"column":67}},{"start":{"line":97,"column":67},"end":{"line":97,"column":77}}],"line":97},"13":{"loc":{"start":{"line":103,"column":22},"end":{"line":103,"column":null}},"type":"binary-expr","locations":[{"start":{"line":103,"column":22},"end":{"line":103,"column":45}},{"start":{"line":103,"column":45},"end":{"line":103,"column":null}}],"line":103},"14":{"loc":{"start":{"line":104,"column":22},"end":{"line":104,"column":null}},"type":"binary-expr","locations":[{"start":{"line":104,"column":22},"end":{"line":104,"column":45}},{"start":{"line":104,"column":45},"end":{"line":104,"column":null}}],"line":104},"15":{"loc":{"start":{"line":105,"column":22},"end":{"line":105,"column":null}},"type":"binary-expr","locations":[{"start":{"line":105,"column":22},"end":{"line":105,"column":46}},{"start":{"line":105,"column":46},"end":{"line":105,"column":null}}],"line":105},"16":{"loc":{"start":{"line":106,"column":22},"end":{"line":106,"column":null}},"type":"binary-expr","locations":[{"start":{"line":106,"column":22},"end":{"line":106,"column":51}},{"start":{"line":106,"column":51},"end":{"line":106,"column":null}}],"line":106},"17":{"loc":{"start":{"line":115,"column":17},"end":{"line":157,"column":null}},"type":"binary-expr","locations":[{"start":{"line":115,"column":17},"end":{"line":115,"column":null}},{"start":{"line":116,"column":18},"end":{"line":157,"column":null}}],"line":115},"18":{"loc":{"start":{"line":119,"column":31},"end":{"line":119,"column":null}},"type":"cond-expr","locations":[{"start":{"line":119,"column":53},"end":{"line":119,"column":65}},{"start":{"line":119,"column":65},"end":{"line":119,"column":null}}],"line":119},"19":{"loc":{"start":{"line":122,"column":24},"end":{"line":124,"column":null}},"type":"cond-expr","locations":[{"start":{"line":123,"column":28},"end":{"line":123,"column":null}},{"start":{"line":124,"column":28},"end":{"line":124,"column":null}}],"line":122},"20":{"loc":{"start":{"line":133,"column":31},"end":{"line":133,"column":null}},"type":"cond-expr","locations":[{"start":{"line":133,"column":53},"end":{"line":133,"column":69}},{"start":{"line":133,"column":69},"end":{"line":133,"column":null}}],"line":133},"21":{"loc":{"start":{"line":136,"column":24},"end":{"line":136,"column":null}},"type":"cond-expr","locations":[{"start":{"line":136,"column":46},"end":{"line":136,"column":51}},{"start":{"line":136,"column":51},"end":{"line":136,"column":null}}],"line":136},"22":{"loc":{"start":{"line":145,"column":31},"end":{"line":145,"column":null}},"type":"cond-expr","locations":[{"start":{"line":145,"column":54},"end":{"line":145,"column":66}},{"start":{"line":145,"column":66},"end":{"line":145,"column":null}}],"line":145},"23":{"loc":{"start":{"line":148,"column":24},"end":{"line":150,"column":null}},"type":"cond-expr","locations":[{"start":{"line":149,"column":28},"end":{"line":149,"column":null}},{"start":{"line":150,"column":28},"end":{"line":150,"column":null}}],"line":148},"24":{"loc":{"start":{"line":159,"column":17},"end":{"line":171,"column":null}},"type":"binary-expr","locations":[{"start":{"line":159,"column":17},"end":{"line":159,"column":null}},{"start":{"line":160,"column":18},"end":{"line":171,"column":null}}],"line":159},"25":{"loc":{"start":{"line":164,"column":22},"end":{"line":164,"column":null}},"type":"binary-expr","locations":[{"start":{"line":164,"column":22},"end":{"line":164,"column":45}},{"start":{"line":164,"column":45},"end":{"line":164,"column":null}}],"line":164},"26":{"loc":{"start":{"line":165,"column":22},"end":{"line":165,"column":null}},"type":"binary-expr","locations":[{"start":{"line":165,"column":22},"end":{"line":165,"column":45}},{"start":{"line":165,"column":45},"end":{"line":165,"column":null}}],"line":165},"27":{"loc":{"start":{"line":166,"column":22},"end":{"line":166,"column":null}},"type":"binary-expr","locations":[{"start":{"line":166,"column":22},"end":{"line":166,"column":46}},{"start":{"line":166,"column":46},"end":{"line":166,"column":null}}],"line":166},"28":{"loc":{"start":{"line":167,"column":22},"end":{"line":167,"column":null}},"type":"binary-expr","locations":[{"start":{"line":167,"column":22},"end":{"line":167,"column":51}},{"start":{"line":167,"column":51},"end":{"line":167,"column":null}}],"line":167},"29":{"loc":{"start":{"line":176,"column":39},"end":{"line":176,"column":78}},"type":"cond-expr","locations":[{"start":{"line":176,"column":55},"end":{"line":176,"column":68}},{"start":{"line":176,"column":68},"end":{"line":176,"column":78}}],"line":176},"30":{"loc":{"start":{"line":178,"column":17},"end":{"line":180,"column":null}},"type":"cond-expr","locations":[{"start":{"line":179,"column":18},"end":{"line":179,"column":null}},{"start":{"line":180,"column":20},"end":{"line":180,"column":null}}],"line":178},"31":{"loc":{"start":{"line":189,"column":15},"end":{"line":248,"column":null}},"type":"binary-expr","locations":[{"start":{"line":189,"column":15},"end":{"line":189,"column":null}},{"start":{"line":190,"column":16},"end":{"line":248,"column":null}}],"line":189},"32":{"loc":{"start":{"line":193,"column":20},"end":{"line":193,"column":null}},"type":"cond-expr","locations":[{"start":{"line":193,"column":36},"end":{"line":193,"column":46}},{"start":{"line":193,"column":46},"end":{"line":193,"column":null}}],"line":193},"33":{"loc":{"st
[...]
":[{"start":{"line":28,"column":13},"end":{"line":28,"column":30}},{"start":{"line":28,"column":30},"end":{"line":28,"column":null}}],"line":28},"8":{"loc":{"start":{"line":50,"column":2},"end":{"line":50,"column":null}},"type":"if","locations":[{"start":{"line":50,"column":2},"end":{"line":50,"column":null}},{"start":{},"end":{}}],"line":50},"9":{"loc":{"start":{"line":50,"column":6},"end":{"line":50,"column":51}},"type":"binary-expr","locations":[{"start":{"line":50,"column":6},"end":{"line":50,"column":17}},{"start":{"line":50,"column":17},"end":{"line":50,"column":51}}],"line":50},"10":{"loc":{"start":{"line":52,"column":2},"end":{"line":52,"column":null}},"type":"if","locations":[{"start":{"line":52,"column":2},"end":{"line":52,"column":null}},{"start":{},"end":{}}],"line":52},"11":{"loc":{"start":{"line":53,"column":2},"end":{"line":53,"column":null}},"type":"if","locations":[{"start":{"line":53,"column":2},"end":{"line":53,"column":null}},{"start":{},"end":{}}],"line":53},"12":{"loc":{"start":{"line":55,"column":9},"end":{"line":55,"column":null}},"type":"cond-expr","locations":[{"start":{"line":55,"column":13},"end":{"line":55,"column":30}},{"start":{"line":55,"column":30},"end":{"line":55,"column":null}}],"line":55},"13":{"loc":{"start":{"line":65,"column":2},"end":{"line":67,"column":null}},"type":"if","locations":[{"start":{"line":65,"column":2},"end":{"line":67,"column":null}},{"start":{},"end":{}}],"line":65},"14":{"loc":{"start":{"line":65,"column":6},"end":{"line":65,"column":81}},"type":"binary-expr","locations":[{"start":{"line":65,"column":6},"end":{"line":65,"column":18}},{"start":{"line":65,"column":18},"end":{"line":65,"column":41}},{"start":{"line":65,"column":41},"end":{"line":65,"column":62}},{"start":{"line":65,"column":62},"end":{"line":65,"column":81}}],"line":65},"15":{"loc":{"start":{"line":69,"column":2},"end":{"line":69,"column":null}},"type":"if","locations":[{"start":{"line":69,"column":2},"end":{"line":69,"column":null}},{"start":{},"end":{}}],"line":69},"16":{"loc":{"start":{"line":69,"column":6},"end":{"line":69,"column":46}},"type":"binary-expr","locations":[{"start":{"line":69,"column":6},"end":{"line":69,"column":29}},{"start":{"line":69,"column":29},"end":{"line":69,"column":46}}],"line":69},"17":{"loc":{"start":{"line":71,"column":2},"end":{"line":71,"column":null}},"type":"if","locations":[{"start":{"line":71,"column":2},"end":{"line":71,"column":null}},{"start":{},"end":{}}],"line":71},"18":{"loc":{"start":{"line":73,"column":9},"end":{"line":73,"column":null}},"type":"cond-expr","locations":[{"start":{"line":73,"column":14},"end":{"line":73,"column":32}},{"start":{"line":73,"column":32},"end":{"line":73,"column":null}}],"line":73},"19":{"loc":{"start":{"line":92,"column":2},"end":{"line":92,"column":null}},"type":"if","locations":[{"start":{"line":92,"column":2},"end":{"line":92,"column":null}},{"start":{},"end":{}}],"line":92},"20":{"loc":{"start":{"line":116,"column":2},"end":{"line":124,"column":null}},"type":"if","locations":[{"start":{"line":116,"column":2},"end":{"line":124,"column":null}},{"start":{},"end":{}}],"line":116},"21":{"loc":{"start":{"line":117,"column":4},"end":{"line":121,"column":null}},"type":"binary-expr","locations":[{"start":{"line":117,"column":4},"end":{"line":117,"column":null}},{"start":{"line":118,"column":6},"end":{"line":118,"column":29}},{"start":{"line":118,"column":29},"end":{"line":118,"column":null}},{"start":{"line":119,"column":6},"end":{"line":119,"column":null}},{"start":{"line":120,"column":6},"end":{"line":120,"column":null}},{"start":{"line":121,"column":6},"end":{"line":121,"column":null}}],"line":117},"22":{"loc":{"start":{"line":126,"column":2},"end":{"line":126,"column":null}},"type":"if","locations":[{"start":{"line":126,"column":2},"end":{"line":126,"column":null}},{"start":{},"end":{}}],"line":126},"23":{"loc":{"start":{"line":126,"column":6},"end":{"line":126,"column":46}},"type":"binary-expr","locations":[{"start":{"line":126,"column":6},"end":{"line":126,"column":29}},{"start":{"line":126,"column":29},"end":{"line":126,"column":46}}],"line":126},"24":{"loc":{"start":{"line":128,"column":2},"end":{"line":128,"column":null}},"type":"if","locations":[{"start":{"line":128,"column":2},"end":{"line":128,"column":null}},{"start":{},"end":{}}],"line":128},"25":{"loc":{"start":{"line":130,"column":2},"end":{"line":130,"column":null}},"type":"if","locations":[{"start":{"line":130,"column":2},"end":{"line":130,"column":null}},{"start":{},"end":{}}],"line":130},"26":{"loc":{"start":{"line":131,"column":2},"end":{"line":131,"column":null}},"type":"if","locations":[{"start":{"line":131,"column":2},"end":{"line":131,"column":null}},{"start":{},"end":{}}],"line":131},"27":{"loc":{"start":{"line":133,"column":9},"end":{"line":133,"column":null}},"type":"cond-expr","locations":[{"start":{"line":133,"column":14},"end":{"line":133,"column":32}},{"start":{"line":133,"column":32},"end":{"line":133,"column":null}}],"line":133}},"s":{"0":7,"1":7,"2":1,"3":6,"4":6,"5":3,"6":6,"7":6,"8":6,"9":6,"10":6,"11":6,"12":6,"13":6,"14":6,"15":6,"16":1,"17":5,"18":5,"19":1,"20":4,"21":4,"22":4,"23":4,"24":3,"25":4,"26":4,"27":3,"28":3,"29":1,"30":2,"31":2,"32":1,"33":2,"34":3,"35":2,"36":2,"37":2,"38":3,"39":2,"40":2,"41":2,"42":1,"43":2,"44":2,"45":1,"46":0,"47":5,"48":5,"49":5,"50":2,"51":3,"52":3,"53":1,"54":3,"55":5,"56":2,"57":3,"58":5,"59":1,"60":3,"61":3,"62":3,"63":3,"64":0},"f":{"0":7,"1":1,"2":5,"3":3,"4":3,"5":2,"6":1,"7":0,"8":5,"9":0},"b":{"0":[1,6],"1":[7,6],"2":[3,3],"3":[2,4],"4":[1,5],"5":[2,4],"6":[2,4],"7":[6,0],"8":[1,4],"9":[5,4],"10":[4,0],"11":[3,1],"12":[4,0],"13":[1,2],"14":[3,2,2,1],"15":[1,1],"16":[2,2],"17":[2,1],"18":[2,0],"19":[1,1],"20":[2,3],"21":[5,4,3,3,2,2],"22":[1,2],"23":[3,2],"24":[2,3],"25":[1,4],"26":[1,2],"27":[3,0]},"meta":{"lastBranch":28,"lastFunction":10,"lastStatement":65,"seen":{"f:8:16:8:Infinity":0,"s:19:15:19:Infinity":0,"b:20:2:20:Infinity:undefined:undefined:undefined:undefined":0,"s:20:2:20:Infinity":1,"b:20:6:20:17:20:17:20:51":1,"s:20:51:20:Infinity":2,"s:21:17:21:Infinity":3,"b:22:2:22:Infinity:undefined:undefined:undefined:undefined":2,"s:22:2:22:Infinity":4,"s:22:23:22:Infinity":5,"b:23:2:23:Infinity:undefined:undefined:undefined:undefined":3,"s:23:2:23:Infinity":6,"s:23:20:23:Infinity":7,"b:24:2:24:Infinity:undefined:undefined:undefined:undefined":4,"s:24:2:24:Infinity":8,"s:24:19:24:Infinity":9,"b:25:2:25:Infinity:undefined:undefined:undefined:undefined":5,"s:25:2:25:Infinity":10,"s:25:30:25:Infinity":11,"b:26:2:26:Infinity:undefined:undefined:undefined:undefined":6,"s:26:2:26:Infinity":12,"s:26:29:26:Infinity":13,"s:27:12:27:Infinity":14,"s:28:2:28:Infinity":15,"b:28:13:28:30:28:30:28:Infinity":7,"f:34:16:34:35":1,"s:35:2:35:Infinity":16,"f:41:16:41:Infinity":2,"s:49:15:49:Infinity":17,"b:50:2:50:Infinity:undefined:undefined:undefined:undefined":8,"s:50:2:50:Infinity":18,"b:50:6:50:17:50:17:50:51":9,"s:50:51:50:Infinity":19,"s:51:17:51:Infinity":20,"b:52:2:52:Infinity:undefined:undefined:undefined:undefined":10,"s:52:2:52:Infinity":21,"s:52:23:52:Infinity":22,"b:53:2:53:Infinity:undefined:undefined:undefined:undefined":11,"s:53:2:53:Infinity":23,"s:53:19:53:Infinity":24,"s:54:12:54:Infinity":25,"s:55:2:55:Infinity":26,"b:55:13:55:30:55:30:55:Infinity":12,"f:59:16:59:Infinity":3,"s:64:15:64:Infinity":27,"b:65:2:67:Infinity:undefined:undefined:undefined:undefined":13,"s:65:2:67:Infinity":28,"b:65:6:65:18:65:18:65:41:65:41:65:62:65:62:65:81":14,"s:66:4:66:Infinity":29,"s:68:17:68:Infinity":30,"b:69:2:69:Infinity:undefined:undefined:undefined:undefined":15,"s:69:2:69:Infinity":31,"b:69:6:69:29:69:29:69:46":16,"s:69:46:69:Infinity":32,"s:70:12:70:Infinity":33,"b:71:2:71:Infinity:undefined:undefined:undefined:undefined":17,"s:71:2:71:Infinity":34,"s:71:9:71:Infinity":35,"s:72:13:72:Infinity":36,"s:73:2:73:Infinity":37,"b:73:14:73:32:73:32:73:Infinity":18,"f:79:16:79:35":4,"s:80:2:80:Infinity":38,"f:84:16:84:Infinity":5,"s:90:17:90:Infinity":39,"s:91:16:91:Infinity":40,"b:92:2:92:Infinity:undefined:undefined:undefined:undefined":19,"s:92:2:92:Infinity":41,"s:92:13:92:Infinity":42,"s:93:2:93:Infinity":43,"s:94:2:94:Infinity":44,"f:100:16:100:36":6,"s:101:2:101:Infinity":45,"f:104:16:104:32":7,"s:105:2:105:Infinity":46,"f:109:16:109:Infinity":8,"s:114:15:114:Infinity":47,"s:115:20:115:Infinity":48,"b:116:2:124:Infinity:undefined:undefined:undefined:undefined":20,"s:116:2:124:Infinity":49,"b:117:4:117:Infinity:118:6:118:29:118:29:118:Infinity:119:6:119:Infinity:120:6:120:Infinity:121:6:121:Infinity":21,"s:123:4:123:Infinity":50,"s:125:17:125:Infinity":51,"b:126:2:126:Infinity:undefined:undefined:undefined:undefined":22,"s:126:2:126:Infinity":52,"b:126:6:126:29:126:29:126:46":23,"s:126:46:126:Infinity":53,"s:127:12:127:Infinity":54,"b:128:2:128:Infinity:undefined:undefined:undefined:undefined":24,"s:128:2:128:Infinity":55,"s:128:9:128:Infinity":56,"s:129:13:129:Infinity":57,"b:130:2:130:Infinity:undefined:undefined:undefined:undefined":25,"s:130:2:130:Infinity":58,"s:130:10:130:Infinity":59,"b:131:2:131:Infinity:undefined:undefined:undefined:undefined":26,"s:131:2:131:Infinity":60,"s:131:17:131:Infinity":61,"s:132:13:132:Infinity":62,"s:133:2:133:Infinity":63,"b:133:14:133:32:133:32:133:Infinity":27,"f:136:16:136:37":9,"s:137:2:137:Infinity":64}}}
,"C:\\source\\alm-manifest-app\\alm-app\\frontend\\src\\shared\\utils\\formatDateTime.ts": {"path":"C:\\source\\alm-manifest-app\\alm-app\\frontend\\src\\shared\\utils\\formatDateTime.ts","statementMap":{"0":{"start":{"line":3,"column":2},"end":{"line":3,"column":null}},"1":{"start":{"line":3,"column":12},"end":{"line":3,"column":null}},"2":{"start":{"line":4,"column":2},"end":{"line":9,"column":null}},"3":{"start":{"line":5,"column":14},"end":{"line":5,"column":null}},"4":{"start":{"line":6,"column":4},"end":{"line":6,"column":null}},"5":{"start":{"line":8,"column":4},"end":{"line":8,"column":null}}},"fnMap":{"0":{"name":"formatDateTime","decl":{"start":{"line":2,"column":16},"end":{"line":2,"column":31}},"loc":{"start":{"line":2,"column":71},"end":{"line":10,"column":null}},"line":2}},"branchMap":{"0":{"loc":{"start":{"line":3,"column":2},"end":{"line":3,"column":null}},"type":"if","locations":[{"start":{"line":3,"column":2},"end":{"line":3,"column":null}},{"start":{},"end":{}}],"line":3},"1":{"loc":{"start":{"line":6,"column":11},"end":{"line":6,"column":null}},"type":"cond-expr","locations":[{"start":{"line":6,"column":39},"end":{"line":6,"column":44}},{"start":{"line":6,"column":44},"end":{"line":6,"column":null}}],"line":6}},"s":{"0":5,"1":2,"2":3,"3":3,"4":3,"5":0},"f":{"0":5},"b":{"0":[2,3],"1":[0,3]},"meta":{"lastBranch":2,"lastFunction":1,"lastStatement":6,"seen":{"f:2:16:2:31":0,"b:3:2:3:Infinity:undefined:undefined:undefined:undefined":0,"s:3:2:3:Infinity":0,"s:3:12:3:Infinity":1,"s:4:2:9:Infinity":2,"s:5:14:5:Infinity":3,"s:6:4:6:Infinity":4,"b:6:39:6:44:6:44:6:Infinity":1,"s:8:4:8:Infinity":5}}}
,"C:\\source\\alm-manifest-app\\alm-app\\frontend\\src\\shared\\utils\\permissions.ts": {"path":"C:\\source\\alm-manifest-app\\alm-app\\frontend\\src\\shared\\utils\\permissions.ts","statementMap":{"0":{"start":{"line":9,"column":2},"end":{"line":9,"column":null}},"1":{"start":{"line":9,"column":37},"end":{"line":9,"column":null}},"2":{"start":{"line":10,"column":21},"end":{"line":10,"column":null}},"3":{"start":{"line":11,"column":19},"end":{"line":11,"column":null}},"4":{"start":{"line":12,"column":2},"end":{"line":13,"column":null}}},"fnMap":{"0":{"name":"hasPermission","decl":{"start":{"line":5,"column":16},"end":{"line":5,"column":null}},"loc":{"start":{"line":8,"column":11},"end":{"line":15,"column":null}},"line":8}},"branchMap":{"0":{"loc":{"start":{"line":9,"column":2},"end":{"line":9,"column":null}},"type":"if","locations":[{"start":{"line":9,"column":2},"end":{"line":9,"column":null}},{"start":{},"end":{}}],"line":9},"1":{"loc":{"start":{"line":13,"column":4},"end":{"line":13,"column":null}},"type":"binary-expr","locations":[{"start":{"line":13,"column":4},"end":{"line":13,"column":42}},{"start":{"line":13,"column":42},"end":{"line":13,"column":null}}],"line":13}},"s":{"0":18,"1":2,"2":16,"3":16,"4":16},"f":{"0":18},"b":{"0":[2,16],"1":[16,13]},"meta":{"lastBranch":2,"lastFunction":1,"lastStatement":5,"seen":{"f:5:16:5:Infinity":0,"b:9:2:9:Infinity:undefined:undefined:undefined:undefined":0,"s:9:2:9:Infinity":0,"s:9:37:9:Infinity":1,"s:10:21:10:Infinity":2,"s:11:19:11:Infinity":3,"s:12:2:13:Infinity":4,"b:13:4:13:42:13:42:13:Infinity":1}}}
,"C:\\source\\alm-manifest-app\\alm-app\\frontend\\src\\shared\\utils\\projectSwitcherUtils.ts": {"path":"C:\\source\\alm-manifest-app\\alm-app\\frontend\\src\\shared\\utils\\projectSwitcherUtils.ts","statementMap":{"0":{"start":{"line":6,"column":26},"end":{"line":6,"column":null}},"1":{"start":{"line":9,"column":2},"end":{"line":9,"column":null}},"2":{"start":{"line":13,"column":2},"end":{"line":13,"column":null}},"3":{"start":{"line":13,"column":49},"end":{"line":13,"column":null}},"4":{"start":{"line":14,"column":2},"end":{"line":23,"column":null}},"5":{"start":{"line":15,"column":16},"end":{"line":15,"column":null}},"6":{"start":{"line":16,"column":4},"end":{"line":16,"column":null}},"7":{"start":{"line":16,"column":14},"end":{"line":16,"column":null}},"8":{"start":{"line":17,"column":19},"end":{"line":17,"column":null}},"9":{"start":{"line":18,"column":4},"end":{"line":20,"column":null}},"10":{"start":{"line":19,"column":42},"end":{"line":19,"column":63}},"11":{"start":{"line":22,"column":4},"end":{"line":22,"column":null}},"12":{"start":{"line":27,"column":2},"end":{"line":27,"column":null}},"13":{"start":{"line":27,"column":49},"end":{"line":27,"column":null}},"14":{"start":{"line":28,"column":2},"end":{"line":32,"column":null}},"15":{"start":{"line":29,"column":4},"end":{"line":29,"column":null}},"16":{"start":{"line":36,"column":32},"end":{"line":36,"column":null}},"17":{"start":{"line":39,"column":16},"end":{"line":39,"column":null}},"18":{"start":{"line":40,"column":18},"end":{"line":40,"column":null}},"19":{"start":{"line":41,"column":2},"end":{"line":47,"column":null}},"20":{"start":{"line":46,"column":4},"end":{"line":46,"column":null}},"21":{"start":{"line":48,"column":2},"end":{"line":48,"column":null}}},"fnMap":{"0":{"name":"getPinnedKey","decl":{"start":{"line":8,"column":16},"end":{"line":8,"column":29}},"loc":{"start":{"line":8,"column":54},"end":{"line":10,"column":null}},"line":8},"1":{"name":"getPinnedSlugs","decl":{"start":{"line":12,"column":16},"end":{"line":12,"column":31}},"loc":{"start":{"line":12,"column":70},"end":{"line":24,"column":null}},"line":12},"2":{"name":"(anonymous_2)","decl":{"start":{"line":19,"column":22},"end":{"line":19,"column":23}},"loc":{"start":{"line":19,"column":42},"end":{"line":19,"column":63}},"line":19},"3":{"name":"setPinnedSlugs","decl":{"start":{"line":26,"column":16},"end":{"line":26,"column":31}},"loc":{"start":{"line":26,"column":83},"end":{"line":33,"column":null}},"line":26},"4":{"name":"getProjectSegment","decl":{"start":{"line":38,"column":16},"end":{"line":38,"column":34}},"loc":{"start":{"line":38,"column":67},"end":{"line":49,"column":null}},"line":38}},"branchMap":{"0":{"loc":{"start":{"line":13,"column":2},"end":{"line":13,"column":null}},"type":"if","locations":[{"start":{"line":13,"column":2},"end":{"line":13,"column":null}},{"start":{},"end":{}}],"line":13},"1":{"loc":{"start":{"line":13,"column":6},"end":{"line":13,"column":49}},"type":"binary-expr","locations":[{"start":{"line":13,"column":6},"end":{"line":13,"column":18}},{"start":{"line":13,"column":18},"end":{"line":13,"column":49}}],"line":13},"2":{"loc":{"start":{"line":16,"column":4},"end":{"line":16,"column":null}},"type":"if","locations":[{"start":{"line":16,"column":4},"end":{"line":16,"column":null}},{"start":{},"end":{}}],"line":16},"3":{"loc":{"start":{"line":18,"column":11},"end":{"line":20,"column":null}},"type":"cond-expr","locations":[{"start":{"line":19,"column":8},"end":{"line":19,"column":null}},{"start":{"line":20,"column":8},"end":{"line":20,"column":null}}],"line":18},"4":{"loc":{"start":{"line":27,"column":2},"end":{"line":27,"column":null}},"type":"if","locations":[{"start":{"line":27,"column":2},"end":{"line":27,"column":null}},{"start":{},"end":{}}],"line":27},"5":{"loc":{"start":{"line":27,"column":6},"end":{"line":27,"column":49}},"type":"binary-expr","locations":[{"start":{"line":27,"column":6},"end":{"line":27,"column":18}},{"start":{"line":27,"column":18},"end":{"line":27,"column":49}}],"line":27},"6":{"loc":{"start":{"line":40,"column":18},"end":{"line":40,"column":null}},"type":"binary-expr","locations":[{"start":{"line":40,"column":18},"end":{"line":40,"column":30}},{"start":{"line":40,"column":30},"end":{"line":40,"column":null}}],"line":40},"7":{"loc":{"start":{"line":41,"column":2},"end":{"line":47,"column":null}},"type":"if","locations":[{"start":{"line":41,"column":2},"end":{"line":47,"column":null}},{"start":{},"end":{}}],"line":41},"8":{"loc":{"start":{"line":42,"column":4},"end":{"line":44,"column":null}},"type":"binary-expr","locations":[{"start":{"line":42,"column":4},"end":{"line":42,"column":null}},{"start":{"line":43,"column":4},"end":{"line":43,"column":null}},{"start":{"line":44,"column":4},"end":{"line":44,"column":null}}],"line":42}},"s":{"0":1,"1":11,"2":6,"3":1,"4":5,"5":5,"6":5,"7":1,"8":4,"9":4,"10":14,"11":1,"12":2,"13":0,"14":2,"15":2,"16":1,"17":11,"18":11,"19":11,"20":6,"21":5},"f":{"0":11,"1":6,"2":14,"3":2,"4":11},"b":{"0":[1,5],"1":[6,5],"2":[1,4],"3":[3,0],"4":[0,2],"5":[2,2],"6":[11,3],"7":[6,5],"8":[11,8,8]},"meta":{"lastBranch":9,"lastFunction":5,"lastStatement":22,"seen":{"s:6:26:6:Infinity":0,"f:8:16:8:29":0,"s:9:2:9:Infinity":1,"f:12:16:12:31":1,"b:13:2:13:Infinity:undefined:undefined:undefined:undefined":0,"s:13:2:13:Infinity":2,"b:13:6:13:18:13:18:13:49":1,"s:13:49:13:Infinity":3,"s:14:2:23:Infinity":4,"s:15:16:15:Infinity":5,"b:16:4:16:Infinity:undefined:undefined:undefined:undefined":2,"s:16:4:16:Infinity":6,"s:16:14:16:Infinity":7,"s:17:19:17:Infinity":8,"s:18:4:20:Infinity":9,"b:19:8:19:Infinity:20:8:20:Infinity":3,"f:19:22:19:23":2,"s:19:42:19:63":10,"s:22:4:22:Infinity":11,"f:26:16:26:31":3,"b:27:2:27:Infinity:undefined:undefined:undefined:undefined":4,"s:27:2:27:Infinity":12,"b:27:6:27:18:27:18:27:49":5,"s:27:49:27:Infinity":13,"s:28:2:32:Infinity":14,"s:29:4:29:Infinity":15,"s:36:32:36:Infinity":16,"f:38:16:38:34":4,"s:39:16:39:Infinity":17,"s:40:18:40:Infinity":18,"b:40:18:40:30:40:30:40:Infinity":6,"b:41:2:47:Infinity:undefined:undefined:undefined:undefined":7,"s:41:2:47:Infinity":19,"b:42:4:42:Infinity:43:4:43:Infinity:44:4:44:Infinity":8,"s:46:4:46:Infinity":20,"s:48:2:48:Infinity":21}}}
,"C:\\source\\alm-manifest-app\\alm-app\\frontend\\src\\test\\renderWithQualityI18n.tsx": {"path":"C:\\source\\alm-manifest-app\\alm-app\\frontend\\src\\test\\renderWithQualityI18n.tsx","statementMap":{"0":{"start":{"line":9,"column":17},"end":{"line":9,"column":null}},"1":{"start":{"line":10,"column":0},"end":{"line":16,"column":null}},"2":{"start":{"line":22,"column":22},"end":{"line":24,"column":null}},"3":{"start":{"line":25,"column":2},"end":{"line":32,"column":null}},"4":{"start":{"line":28,"column":6},"end":{"line":30,"column":null}}},"fnMap":{"0":{"name":"renderWithQualityI18n","decl":{"start":{"line":18,"column":16},"end":{"line":18,"column":null}},"loc":{"start":{"line":21,"column":2},"end":{"line":33,"column":null}},"line":21},"1":{"name":"(anonymous_1)","decl":{"start":{"line":27,"column":13},"end":{"line":27,"column":14}},"loc":{"start":{"line":28,"column":6},"end":{"line":30,"column":null}},"line":28}},"branchMap":{},"s":{"0":6,"1":6,"2":37,"3":37,"4":37},"f":{"0":37,"1":37},"b":{},"meta":{"lastBranch":0,"lastFunction":2,"lastStatement":5,"seen":{"s:9:17:9:Infinity":0,"s:10:0:16:Infinity":1,"f:18:16:18:Infinity":0,"s:22:22:24:Infinity":2,"s:25:2:32:Infinity":3,"f:27:13:27:14":1,"s:28:6:30:Infinity":4}}}
}
