{"C:\\source\\alm-manifest-app\\alm-app\\frontend\\src\\features\\quality\\components\\ExecutionStepList.tsx": {"path":"C:\\source\\alm-manifest-app\\alm-app\\frontend\\src\\features\\quality\\components\\ExecutionStepList.tsx","statementMap":{"0":{"start":{"line":27,"column":2},"end":{"line":30,"column":null}},"1":{"start":{"line":60,"column":12},"end":{"line":60,"column":null}},"2":{"start":{"line":61,"column":24},"end":{"line":62,"column":null}},"3":{"start":{"line":62,"column":4},"end":{"line":62,"column":null}},"4":{"start":{"line":62,"column":24},"end":{"line":62,"column":43}},"5":{"start":{"line":64,"column":2},"end":{"line":343,"column":null}},"6":{"start":{"line":85,"column":23},"end":{"line":85,"column":null}},"7":{"start":{"line":86,"column":23},"end":{"line":86,"column":null}},"8":{"start":{"line":88,"column":8},"end":{"line":339,"column":null}},"9":{"start":{"line":145,"column":37},"end":{"line":145,"column":null}},"10":{"start":{"line":157,"column":37},"end":{"line":157,"column":null}},"11":{"start":{"line":171,"column":37},"end":{"line":171,"column":null}},"12":{"start":{"line":226,"column":26},"end":{"line":226,"column":null}},"13":{"start":{"line":240,"column":24},"end":{"line":240,"column":null}},"14":{"start":{"line":258,"column":24},"end":{"line":263,"column":null}},"15":{"start":{"line":319,"column":37},"end":{"line":319,"column":null}},"16":{"start":{"line":330,"column":37},"end":{"line":330,"column":null}}},"fnMap":{"0":{"name":"textareaClasses","decl":{"start":{"line":26,"column":9},"end":{"line":26,"column":25}},"loc":{"start":{"line":26,"column":43},"end":{"line":31,"column":null}},"line":26},"1":{"name":"ExecutionStepList","decl":{"start":{"line":50,"column":16},"end":{"line":50,"column":34}},"loc":{"start":{"line":59,"column":27},"end":{"line":345,"column":null}},"line":59},"2":{"name":"(anonymous_2)","decl":{"start":{"line":61,"column":24},"end":{"line":61,"column":25}},"loc":{"start":{"line":62,"column":4},"end":{"line":62,"column":null}},"line":62},"3":{"name":"(anonymous_3)","decl":{"start":{"line":62,"column":17},"end":{"line":62,"column":18}},"loc":{"start":{"line":62,"column":24},"end":{"line":62,"column":43}},"line":62},"4":{"name":"(anonymous_4)","decl":{"start":{"line":84,"column":17},"end":{"line":84,"column":18}},"loc":{"start":{"line":84,"column":27},"end":{"line":341,"column":7}},"line":84},"5":{"name":"(anonymous_5)","decl":{"start":{"line":145,"column":31},"end":{"line":145,"column":37}},"loc":{"start":{"line":145,"column":37},"end":{"line":145,"column":null}},"line":145},"6":{"name":"(anonymous_6)","decl":{"start":{"line":157,"column":31},"end":{"line":157,"column":37}},"loc":{"start":{"line":157,"column":37},"end":{"line":157,"column":null}},"line":157},"7":{"name":"(anonymous_7)","decl":{"start":{"line":171,"column":31},"end":{"line":171,"column":37}},"loc":{"start":{"line":171,"column":37},"end":{"line":171,"column":null}},"line":171},"8":{"name":"(anonymous_8)","decl":{"start":{"line":225,"column":33},"end":{"line":225,"column":null}},"loc":{"start":{"line":226,"column":26},"end":{"line":226,"column":null}},"line":226},"9":{"name":"(anonymous_9)","decl":{"start":{"line":239,"column":32},"end":{"line":239,"column":33}},"loc":{"start":{"line":240,"column":24},"end":{"line":240,"column":null}},"line":240},"10":{"name":"(anonymous_10)","decl":{"start":{"line":257,"column":32},"end":{"line":257,"column":33}},"loc":{"start":{"line":258,"column":24},"end":{"line":263,"column":null}},"line":258},"11":{"name":"(anonymous_11)","decl":{"start":{"line":319,"column":31},"end":{"line":319,"column":37}},"loc":{"start":{"line":319,"column":37},"end":{"line":319,"column":null}},"line":319},"12":{"name":"(anonymous_12)","decl":{"start":{"line":330,"column":31},"end":{"line":330,"column":37}},"loc":{"start":{"line":330,"column":37},"end":{"line":330,"column":null}},"line":330}},"branchMap":{"0":{"loc":{"start":{"line":29,"column":4},"end":{"line":29,"column":null}},"type":"cond-expr","locations":[{"start":{"line":29,"column":14},"end":{"line":29,"column":31}},{"start":{"line":29,"column":31},"end":{"line":29,"column":null}}],"line":29},"1":{"loc":{"start":{"line":57,"column":2},"end":{"line":57,"column":null}},"type":"default-arg","locations":[{"start":{"line":57,"column":13},"end":{"line":57,"column":null}}],"line":57},"2":{"loc":{"start":{"line":58,"column":2},"end":{"line":58,"column":null}},"type":"default-arg","locations":[{"start":{"line":58,"column":18},"end":{"line":58,"column":null}}],"line":58},"3":{"loc":{"start":{"line":65,"column":36},"end":{"line":65,"column":64}},"type":"binary-expr","locations":[{"start":{"line":65,"column":36},"end":{"line":65,"column":53}},{"start":{"line":65,"column":53},"end":{"line":65,"column":64}}],"line":65},"4":{"loc":{"start":{"line":66,"column":7},"end":{"line":81,"column":null}},"type":"binary-expr","locations":[{"start":{"line":66,"column":7},"end":{"line":66,"column":20}},{"start":{"line":66,"column":20},"end":{"line":66,"column":38}},{"start":{"line":66,"column":38},"end":{"line":66,"column":null}},{"start":{"line":67,"column":8},"end":{"line":81,"column":null}}],"line":66},"5":{"loc":{"start":{"line":70,"column":12},"end":{"line":70,"column":null}},"type":"cond-expr","locations":[{"start":{"line":70,"column":28},"end":{"line":70,"column":37}},{"start":{"line":70,"column":37},"end":{"line":70,"column":null}}],"line":70},"6":{"loc":{"start":{"line":83,"column":38},"end":{"line":83,"column":87}},"type":"cond-expr","locations":[{"start":{"line":83,"column":54},"end":{"line":83,"column":72}},{"start":{"line":83,"column":72},"end":{"line":83,"column":87}}],"line":83},"7":{"loc":{"start":{"line":86,"column":23},"end":{"line":86,"column":null}},"type":"binary-expr","locations":[{"start":{"line":86,"column":23},"end":{"line":86,"column":41}},{"start":{"line":86,"column":41},"end":{"line":86,"column":null}}],"line":86},"8":{"loc":{"start":{"line":94,"column":14},"end":{"line":94,"column":null}},"type":"binary-expr","locations":[{"start":{"line":94,"column":14},"end":{"line":94,"column":37}},{"start":{"line":94,"column":37},"end":{"line":94,"column":null}}],"line":94},"9":{"loc":{"start":{"line":95,"column":14},"end":{"line":95,"column":null}},"type":"binary-expr","locations":[{"start":{"line":95,"column":14},"end":{"line":95,"column":37}},{"start":{"line":95,"column":37},"end":{"line":95,"column":null}}],"line":95},"10":{"loc":{"start":{"line":96,"column":14},"end":{"line":96,"column":null}},"type":"binary-expr","locations":[{"start":{"line":96,"column":14},"end":{"line":96,"column":38}},{"start":{"line":96,"column":38},"end":{"line":96,"column":null}}],"line":96},"11":{"loc":{"start":{"line":97,"column":14},"end":{"line":97,"column":null}},"type":"binary-expr","locations":[{"start":{"line":97,"column":14},"end":{"line":97,"column":43}},{"start":{"line":97,"column":43},"end":{"line":97,"column":null}}],"line":97},"12":{"loc":{"start":{"line":100,"column":38},"end":{"line":100,"column":77}},"type":"cond-expr","locations":[{"start":{"line":100,"column":54},"end":{"line":100,"column":67}},{"start":{"line":100,"column":67},"end":{"line":100,"column":77}}],"line":100},"13":{"loc":{"start":{"line":106,"column":22},"end":{"line":106,"column":null}},"type":"binary-expr","locations":[{"start":{"line":106,"column":22},"end":{"line":106,"column":45}},{"start":{"line":106,"column":45},"end":{"line":106,"column":null}}],"line":106},"14":{"loc":{"start":{"line":107,"column":22},"end":{"line":107,"column":null}},"type":"binary-expr","locations":[{"start":{"line":107,"column":22},"end":{"line":107,"column":45}},{"start":{"line":107,"column":45},"end":{"line":107,"column":null}}],"line":107},"15":{"loc":{"start":{"line":108,"column":22},"end":{"line":108,"column":null}},"type":"binary-expr","locations":[{"start":{"line":108,"column":22},"end":{"line":108,"column":46}},{"start":{"line":108,"column":46},"end":{"line":108,"column":null}}],"line":108},"16":{"loc":{"start":{"line":109,"column":22},"end":{"line":109,"column":null}},"type":"binary-expr","locations":[{"start":{"line":109,"column":22},"end":{"line":109,"column":51}},{"start":{"line":109,"column":51},"end":{"line":109,"column":null}}],"line":109},"17":{"loc":{"start":{"line":118,"column":17},"end":{"line":133,"column":null}},"type":"cond-expr","locations":[{"start":{"line":119,"column":18},"end":{"line":132,"column":null}},{"start":{"line":133,"column":20},"end":{"line":133,"column":null}}],"line":118},"18":{"loc":{"start":{"line":118,"column":17},"end":{"line":118,"column":null}},"type":"binary-expr","locations":[{"start":{"line":118,"column":17},"end":{"line":118,"column":32}},{"start":{"line":118,"column":18},"end":{"line":118,"column":78}},{"start":{"line":118,"column":72},"end":{"line":118,"column":null}}],"line":118},"19":{"loc":{"start":{"line":120,"column":22},"end":{"line":125,"column":null}},"type":"cond-expr","locations":[{"start":{"line":121,"column":22},"end":{"line":124,"column":null}},{"start":{"line":125,"column":24},"end":{"line":125,"column":null}}],"line":120},"20":{"loc":{"start":{"line":120,"column":22},"end":{"line":120,"column":62}},"type":"binary-expr","locations":[{"start":{"line":120,"column":22},"end":{"line":120,"column":57}},{"start":{"line":120,"column":57},"end":{"line":120,"column":62}}],"line":120},"21":{"loc":{"start":{"line":123,"column":68},"end":{"line":123,"column":105}},"type":"binary-expr","locations":[{"start":{"line":123,"column":68},"end":{"line":123,"column":103}},{"start":{"line":123,"column":103},"end":{"line":123,"column":105}}],"line":123},"22":{"loc":{"start":{"line":125,"column":24},"end":{"line":131,"column":null}},"type":"cond-expr","locations":[{"start":{"line":127,"column":22},"end":{"line":130,"column":null}},{"start":{"line":131,"column":24},"end":{"line":131,"column":null}}],"line":125},"23":{"loc":{"start":{"line":126,"column":22},"end":{"line":126,"column":60}},"type":"binary-expr","locations":[{"start":{"line":126,"column":22},"end":{"line":126,"column":55}},{"start":{"line":126,"column":55},"end":{"line":126,"column":60}}],"line":126},"24":{"loc":{"start":{"line":129,"column":70},"end":{"line":129,"column":105}},"type":"binary-expr","locations":[{"start":{"line":129,"column":70},"end":{"line":129,"column":103}},{"start":{"line":129,"column":103},"end":{"line":129,"column":105}}],"line":129},"25":{"loc":{"start":{"line":134,"column":17},"end":{"line":176,"column":null}},"type":"binary-expr","locations":[{"start":{"line":134,"column":17},"end":{"line":134,"column":null}},{"start":{"line":135,"column":18},"end":{"line":176,"column":null}}],"line":134},"26":{"loc":{"start":{"line":138,"column":31},"end":{"line":138,"column":null}},"type":"cond-expr","locations":[{"start":{"line":138,"column":53},"end":{"line":138,"column":65}},{"start":{"line":138,"column":65},"end":{"line":138,"column":null}}],"line":138},"27":{"loc":{"start":{"line":141,"column":24},"end":{"line":143,"column":null}},"type":"cond-expr","locations":[{"start":{"line":142,"column":28},"end":{"line":142,"column":null}},{"start":{"line":143,"column":28},"end":{"line":143,"column":null}}],"line":141},"28":{"loc":{"start":{"line":152,"column":31},"end":{"line":152,"column":null}},"type":"cond-expr","locations":[{"start":{"line":152,"column":53},"end":{"line":152,"column":69}},{"start":{"line":152,"column":69},"end":{"line":152,"column":null}}],"line":152},"29":{"loc":{"start":{"line":155,"column":24},"end":{"line":155,"column":null}},"type":"cond-expr","locations":[{"start":{"line":155,"column":46},"end":{"line":155,"column":51}},{"start":{"line":155,"column":51},"end":{"line":155,"column":null}}],"line":155},"30":{"loc":{"start":{"line":164,"column":31},"end":{"line":164,"column":null}},"type":"cond-expr","locations":[{"start":{"line":164,"column":54},"end":{"line":164,"column":66}},{"start":{"line":164,"column":66},"end":{"line":164,"column":null}}],"line":164},"31":{"loc":{"start":{"line":167,"column":24},"end":{"line":169,"column":null}},"type":"cond-expr","locations":[{"start":{"line":168,"column":28},"end":{"line":168,"column":null}},{"start":{"line":169,"column":28},"end":{"line":169,"column":null}}],"line":167},"32":{"loc":{"start":{"line":178,"column":17},"end":{"line":190,"column":null}},"type":"binary-expr","locations":[{"start":{"line":178,"column":17},"end":{"line":178,"column":null}},{"start":{"line":179,"column":18},"end":{"line":190,"column":null}}],"line":178},"33":{"loc":{"start":{"line":183,"column":22},"end":{"line":183,"column":null}},"type":"binary-expr","locations":[{"start":{"line":183,"column":22},"end":{"line":183,"column":45}},{"start":{"line":183,"column":45},"end":{"line":183,"column":null}}],"line":183},"34":{"loc":{"start":{"line":184,"column":22},"end":{"line":184,"column":null}},"type":"binary-expr","locations":[{"start":{"line":184,"column":22},"end":{"line":184,"column":45}},{"start":{"line":184,"column":45},"end":{"line":184,"column":null}}],"line":184},"35":{"loc":{"start":{"line":185,"column":22},"end":{"line":185,"column":null}},"type":"binary-expr","locations":[{"start":{"line":185,"column":22},"end":{"line":185,"column":46}},{"start":{"line":185,"column":46},"end":{"line":185,"column":null}}],"line":185},"36":{"loc":{"start":{"line":186,"column":22},"end":{"line":186,"column":null}},"type":"binary-expr","locations":[{"start":{"line":186,"column":22},"end":{"line":186,"column":51}},{"start":{"line":186,"column":51},"end":{"line":186,"column":null}}],"line":186},"37":{"loc":{"start":{"line":195,"column":39},"end":{"line":195,"column":78}},"type":"cond-expr","locations":[{"start":{"line":195,"column":55},"end":{"line":195,"column":68}},{"start":{"line":195,"column":68},"end":{"line":195,"column":78}}],"line":195},"38":{"loc":{"start":{"line":197,"column":17},"end":{"line":199,"column":null}},"type":"cond-expr","locations":[{"start":{"line":198,"column":18},"end":{"line":198,"column":null}},{"start":{"line":199,"column":20},"end":{"line":199,"column":null}}],"line":197},"39":{"loc":{"start":{"line":208,"column":15},"end":{"line":267,"column":null}},"type":"binary-expr","locations":[{"start":{"line":208,"column":15},"end":{"line":208,"column":null}},{"start":{"line":209,"column":16},"end":{"line":267,"column":null}}],"line":208},"40":{"loc":{"start":{"line":212,"column":20},"end":{"line":212,"column":null}},"type":"cond-expr","locations":[{"start":{"line":212,"column":36},"end":{"line":212,"column":46}},{"start":{"line":212,"column":46},"end":{"line":212,"column":null}}],"line":212},"41":{"loc":{"start":{"line":238,"column":29},"end":{"line":238,"column":null}},"type":"binary-expr","locations":[{"start":{"line":238,"column":29},"end":{"line":238,"column":53}},{"start":{"line":238,"column":53},"end":{"line":238,"column":null}}],"line":238},"42":{"loc":{"start":{"line":256,"column":29},"end":{"line":256,"column":null}},"type":"binary-expr","locations":[{"start":{"line":256,"column":29},"end":{"line":256,"column":46}},{"start":{"line":256,"column":46},"end":{"line":256,"column":null}}],"line":256},"43":{"loc":{"start":{"line":270,"column":15},"end":{"line":292,"column":null}},"type":"binary-expr","locations":[{"start":{"line":270,"column":15},"end":{"line":270,"column":28}},{"start":{"line":270,"column":28},"end":{"line":270,"column":52}},{"start":{"line":270,"column":52},"end":{"line":270,"column":null}},{"start":{"line":271,"column":16},"end":{"line":292,"column":null}}],"line":270},"44":{"loc":{"start":{"line":272,"column":19},"end":{"line":280,"column":null}},"type":"binary-expr","locations":[{"start":{"line":272,"column":19},"end":{"line":272,"column":null}},{"start":{"line":273,"column":20},"end":{"line":280,"column":null}}],"line":272},"45":{"loc":{"start":{"line":282,"column":19},"end":{"line":290,"column":null}},"type":"binary-expr","locations":[{"start":{"line":282,"column":19},"end":{"line":282,"column":null}},{"start":{"line":283,"column":20},"end":{"line":290,"column":null}}],"line":282},"46":{"loc":{"start":{"line":295,"column":15},"end":{"line":310,"column":null}},"type":"cond-expr","locations":[{"start":{"line":296,"column":16},"end":{"line":309,"column":null}},{"start":{"line":310,"column":18},"end":{"line":310,"column":null}}],"line":295},"47":{"loc":{"start":{"line":295,"column":15},"end":{"line":295,"column":null}},"type":"binary-expr","locations":[{"start":{"line":295,"column":15},"end":{"line":295,"column":29}},{"start":{"line":295,"column":15},"end":{"line":295,"column":75}},{"start":{"line":295,"column":69},"end":{"line":295,"column":null}}],"line":295},"48":{"loc":{"start":{"line":297,"column":20},"end":{"line":302,"column":null}},"type":"cond-expr","locations":[{"start":{"line":298,"column":20},"end":{"line":301,"column":null}},{"start":{"line":302,"column":22},"end":{"line":302,"column":null}}],"line":297},"49":{"loc":{"start":{"line":297,"column":20},"end":{"line":297,"column":60}},"type":"binary-expr","locations":[{"start":{"line":297,"column":20},"end":{"line":297,"column":55}},{"start":{"line":297,"column":55},"end":{"line":297,"column":60}}],"line":297},"50":{"loc":{"start":{"line":300,"column":66},"end":{"line":300,"column":103}},"type":"binary-expr","locations":[{"start":{"line":300,"column":66},"end":{"line":300,"column":101}},{"start":{"line":300,"column":101},"end":{"line":300,"column":103}}],"line":300},"51":{"loc":{"start":{"line":302,"column":22},"end":{"line":308,"column":null}},"type":"cond-expr","locations":[{"start":{"line":304,"column":20},"end":{"line":307,"column":null}},{"start":{"line":308,"column":22},"end":{"line":308,"column":null}}],"line":302},"52":{"loc":{"start":{"line":303,"column":20},"end":{"line":303,"column":60}},"type":"binary-expr","locations":[{"start":{"line":303,"column":20},"end":{"line":303,"column":55}},{"start":{"line":303,"column":55},"end":{"line":303,"column":60}}],"line":303},"53":{"loc":{"start":{"line":306,"column":68},"end":{"line":306,"column":105}},"type":"binary-expr","locations":[{"start":{"line":306,"column":68},"end":{"line":306,"column":103}},{"start":{"line":306,"column":103},"end":{"line":306,"column":105}}],"line":306},"54":{"loc":{"start":{"line":312,"column":15},"end":{"line":336,"column":null}},"type":"binary-expr","locations":[{"start":{"line":312,"column":15},"end":{"line":312,"column":29}},{"start":{"line":312,"column":29},"end":{"line":312,"column":52}},{"start":{"line":312,"column":52},"end":{"line":312,"column":78}},{"start":{"line":312,"column":78},"end":{"line":312,"column":97}},{"start":{"line":312,"column":97},"end":{"line":312,"column":null}},{"start":{"line":313,"column":16},"end":{"line":336,"column":null}}],"line":312},"55":{"loc":{"start":{"line":314,"column":19},"end":{"line":324,"column":null}},"type":"cond-expr","locations":[{"start":{"line":315,"column":20},"end":{"line":323,"column":null}},{"start":{"line":324,"column":22},"end":{"line":324,"column":null}}],"line":314},"56":{"loc":{"start":{"line":325,"column":19},"end":{"line":335,"column":null}},"type":"cond-expr","locations":[{"start":{"line":326,"column":20},"end":{"line":334,"column":null}},{"start":{"line":335,"column":22},"end":{"line":335,"column":null}}],"line":325}},"s":{"0":0,"1":2,"2":2,"3":2,"4":2,"5":2,"6":2,"7":2,"8":2,"9":0,"10":0,"11":0,"12":0,"13":0,"14":0,"15":0,"16":0},"f":{"0":0,"1":2,"2":2,"3":2,"4":2,"5":0,"6":0,"7":0,"8":0,"9":0,"10":0,"11":0,"12":0},"b":{"0":[0,0],"1":[2],"2":[2],"3":[2,2],"4":[2,0,0,0],"5":[0,0],"6":[2,0],"7":[2,0],"8":[2,1],"9":[2,1],"10":[2,0],"11":[2,0],"12":[2,0],"13":[2,1],"14":[2,1],"15":[2,0],"16":[2,0],"17":[0,2],"18":[2,0,0],"19":[0,0],"20":[0,0],"21":[0,0],"22":[0,0],"23":[0,0],"24":[0,0],"25":[2,0],"26":[0,0],"27":[0,0],"28":[0,0],"29":[0,0],"30":[0,0],"31":[0,0],"32":[2,2],"33":[2,1],"34":[2,1],"35":[2,0],"36":[2,0],"37":[2,0],"38":[0,2],"39":[2,0],"40":[0,0],"41":[0,0],"42":[0,0],"43":[2,2,1,1],"44":[1,1],"45":[1,1],"46":[1,1],"47":[2,2,1],"48":[1,0],"49":[1,0],"50":[1,0],"51":[0,1],"52":[1,1],"53":[0,0],"54":[2,0,0,0,0,0],"55":[0,0],"56":[0,0]},"meta":{"lastBranch":57,"lastFunction":13,"lastStatement":17,"seen":{"f:26:9:26:25":0,"s:27:2:30:Infinity":0,"b:29:14:29:31:29:31:29:Infinity":0,"f:50:16:50:34":1,"b:57:13:57:Infinity":1,"b:58:18:58:Infinity":2,"s:60:12:60:Infinity":1,"s:61:24:62:Infinity":2,"f:61:24:61:25":2,"s:62:4:62:Infinity":3,"f:62:17:62:18":3,"s:62:24:62:43":4,"s:64:2:343:Infinity":5,"b:65:36:65:53:65:53:65:64":3,"b:66:7:66:20:66:20:66:38:66:38:66:Infinity:67:8:81:Infinity":4,"b:70:28:70:37:70:37:70:Infinity":5,"b:83:54:83:72:83:72:83:87":6,"f:84:17:84:18":4,"s:85:23:85:Infinity":6,"s:86:23:86:Infinity":7,"b:86:23:86:41:86:41:86:Infinity":7,"s:88:8:339:Infinity":8,"b:94:14:94:37:94:37:94:Infinity":8,"b:95:14:95:37:95:37:95:Infinity":9,"b:96:14:96:38:96:38:96:Infinity":10,"b:97:14:97:43:97:43:97:Infinity":11,"b:100:54:100:67:100:67:100:77":12,"b:106:22:106:45:106:45:106:Infinity":13,"b:107:22:107:45:107:45:107:Infinity":14,"b:108:22:108:46:108:46:108:Infinity":15,"b:109:22:109:51:109:51:109:Infinity":16,"b:119:18:132:Infinity:133:20:133:Infinity":17,"b:118:17:118:32:118:18:118:78:118:72:118:Infinity":18,"b:121:22:124:Infinity:125:24:125:Infinity":19,"b:120:22:120:57:120:57:120:62":20,"b:123:68:123:103:123:103:123:105":21,"b:127:22:130:Infinity:131:24:131:Infinity":22,"b:126:22:126:55:126:55:126:60":23,"b:129:70:129:103:129:103:129:105":24,"b:134:17:134:Infinity:135:18:176:Infinity":25,"b:138:53:138:65:138:65:138:Infinity":26,"b:142:28:142:Infinity:143:28:143:Infinity":27,"f:145:31:145:37":5,"s:145:37:145:Infinity":9,"b:152:53:152:69:152:69:152:Infinity":28,"b:155:46:155:51:155:51:155:Infinity":29,"f:157:31:157:37":6,"s:157:37:157:Infinity":10,"b:164:54:164:66:164:66:164:Infinity":30,"b:168:28:168:Infinity:169:28:169:Infinity":31,"f:171:31:171:37":7,"s:171:37:171:Infinity":11,"b:178:17:178:Infinity:179:18:190:Infinity":32,"b:183:22:183:45:183:45:183:Infinity":33,"b:184:22:184:45:184:45:184:Infinity":34,"b:185:22:185:46:185:46:185:Infinity":35,"b:186:22:186:51:186:51:186:Infinity":36,"b:195:55:195:68:195:68:195:78":37,"b:198:18:198:Infinity:199:20:199:Infinity":38,"b:208:15:208:Infinity:209:16:267:Infinity":39,"b:212:36:212:46:212:46:212:Infinity":40,"f:225:33:225:Infinity":8,"s:226:26:226:Infinity":12,"b:238:29:238:53:238:53:238:Infinity":41,"f:239:32:239:33":9,"s:240:24:240:Infinity":13,"b:256:29:256:46:256:46:256:Infinity":42,"f:257:32:257:33":10,"s:258:24:263:Infinity":14,"b:270:15:270:28:270:28:270:52:270:52:270:Infinity:271:16:292:Infinity":43,"b:272:19:272:Infinity:273:20:280:Infinity":44,"b:282:19:282:Infinity:283:20:290:Infinity":45,"b:296:16:309:Infinity:310:18:310:Infinity":46,"b:295:15:295:29:295:15:295:75:295:69:295:Infinity":47,"b:298:20:301:Infinity:302:22:302:Infinity":48,"b:297:20:297:55:297:55:297:60":49,"b:300:66:300:101:300:101:300:103":50,"b:304:20:307:Infinity:308:22:308:Infinity":51,"b:303:20:303:55:303:55:303:60":52,"b:306:68:306:103:306:103:306:105":53,"b:312:15:312:29:312:29:312:52:312:52:312:78:312:78:312:97:312:97:312:Infinity:313:16:336:Infinity":54,"b:315:20:323:Infinity:324:22:324:Infinity":55,"f:319:31:319:37":11,"s:319:37:319:Infinity":15,"b:326:20:334:Infinity:335:22:335:Infinity":56,"f:330:31:330:37":12,"s:330:37:330:Infinity":16}}}
,"C:\\source\\alm-manifest-app\\alm-app\\frontend\\src\\features\\quality\\components\\QualityRunOverviewBody.tsx": {"path":"C:\\source\\alm-manifest-app\\alm-app\\frontend\\src\\features\\quality\\components\\QualityRunOverviewBody.tsx","statementMap":{"0":{"start":{"line":31,"column":8},"end":{"line":31,"column":null}},"1":{"start":{"line":32,"column":2},"end":{"line":32,"column":null}},"2":{"start":{"line":32,"column":19},"end":{"line":32,"column":null}},"3":{"start":{"line":33,"column":2},"end":{"line":33,"column":null}},"4":{"start":{"line":33,"column":64},"end":{"line":33,"column":null}},"5":{"start":{"line":34,"column":2},"end":{"line":34,"column":null}},"6":{"start":{"line":34,"column":65},"end":{"line":34,"column":null}},"7":{"start":{"line":35,"column":2},"end":{"line":35,"column":null}},"8":{"start":{"line":35,"column":53},"end":{"line":35,"column":null}},"9":{"start":{"line":36,"column":2},"end":{"line":36,"column":null}},"10":{"start":{"line":42,"column":15},"end":{"line":42,"column":null}},"11":{"start":{"line":43,"column":2},"end":{"line":45,"column":null}},"12":{"start":{"line":44,"column":4},"end":{"line":44,"column":null}},"13":{"start":{"line":46,"column":2},"end":{"line":46,"column":null}},"14":{"start":{"line":50,"column":2},"end":{"line":50,"column":null}},"15":{"start":{"line":54,"column":14},"end":{"line":54,"column":null}},"16":{"start":{"line":55,"column":12},"end":{"line":55,"column":null}},"17":{"start":{"line":56,"column":2},"end":{"line":56,"column":null}},"18":{"start":{"line":57,"column":2},"end":{"line":57,"column":null}},"19":{"start":{"line":58,"column":2},"end":{"line":58,"column":null}},"20":{"start":{"line":59,"column":2},"end":{"line":59,"column":null}},"21":{"start":{"line":63,"column":2},"end":{"line":63,"column":null}},"22":{"start":{"line":63,"column":28},"end":{"line":63,"column":null}},"23":{"start":{"line":64,"column":16},"end":{"line":76,"column":null}},"24":{"start":{"line":67,"column":6},"end":{"line":74,"column":null}},"25":{"start":{"line":77,"column":2},"end":{"line":77,"column":null}},"26":{"start":{"line":81,"column":2},"end":{"line":81,"column":null}},"27":{"start":{"line":81,"column":28},"end":{"line":81,"column":null}},"28":{"start":{"line":82,"column":16},"end":{"line":98,"column":null}},"29":{"start":{"line":99,"column":2},"end":{"line":133,"column":null}},"30":{"start":{"line":100,"column":30},"end":{"line":111,"column":null}},"31":{"start":{"line":102,"column":40},"end":{"line":111,"column":10}},"32":{"start":{"line":112,"column":28},"end":{"line":112,"column":null}},"33":{"start":{"line":112,"column":66},"end":{"line":112,"column":85}},"34":{"start":{"line":113,"column":4},"end":{"line":132,"column":null}},"35":{"start":{"line":114,"column":21},"end":{"line":114,"column":null}},"36":{"start":{"line":115,"column":6},"end":{"line":131,"column":null}},"37":{"start":{"line":134,"column":2},"end":{"line":134,"column":null}},"38":{"start":{"line":138,"column":2},"end":{"line":138,"column":null}},"39":{"start":{"line":142,"column":2},"end":{"line":145,"column":null}},"40":{"start":{"line":143,"column":19},"end":{"line":143,"column":null}},"41":{"start":{"line":144,"column":4},"end":{"line":144,"column":null}},"42":{"start":{"line":149,"column":25},"end":{"line":149,"column":null}},"43":{"start":{"line":150,"column":2},"end":{"line":150,"column":null}},"44":{"start":{"line":150,"column":35},"end":{"line":150,"column":null}},"45":{"start":{"line":151,"column":16},"end":{"line":161,"column":null}},"46":{"start":{"line":162,"column":2},"end":{"line":177,"column":null}},"47":{"start":{"line":163,"column":19},"end":{"line":163,"column":null}},"48":{"start":{"line":164,"column":4},"end":{"line":176,"column":null}},"49":{"start":{"line":165,"column":6},"end":{"line":175,"column":null}},"50":{"start":{"line":178,"column":2},"end":{"line":178,"column":null}},"51":{"start":{"line":182,"column":2},"end":{"line":182,"column":null}},"52":{"start":{"line":182,"column":32},"end":{"line":182,"column":null}},"53":{"start":{"line":183,"column":26},"end":{"line":183,"column":null}},"54":{"start":{"line":184,"column":2},"end":{"line":192,"column":null}},"55":{"start":{"line":185,"column":4},"end":{"line":191,"column":null}},"56":{"start":{"line":186,"column":6},"end":{"line":190,"column":null}},"57":{"start":{"line":187,"column":27},"end":{"line":187,"column":null}},"58":{"start":{"line":188,"column":8},"end":{"line":188,"column":null}},"59":{"start":{"line":189,"column":8},"end":{"line":189,"column":null}},"60":{"start":{"line":193,"column":16},"end":{"line":203,"column":null}},"61":{"start":{"line":204,"column":2},"end":{"line":216,"column":null}},"62":{"start":{"line":205,"column":4},"end":{"line":215,"column":null}},"63":{"start":{"line":217,"column":2},"end":{"line":217,"column":null}},"64":{"start":{"line":223,"column":2},"end":{"line":223,"column":null}},"65":{"start":{"line":223,"column":29},"end":{"line":223,"column":null}},"66":{"start":{"line":224,"column":16},"end":{"line":229,"column":null}},"67":{"start":{"line":227,"column":6},"end":{"line":227,"column":null}},"68":{"start":{"line":230,"column":2},"end":{"line":230,"column":null}},"69":{"start":{"line":254,"column":12},"end":{"line":254,"column":null}},"70":{"start":{"line":255,"column":13},"end":{"line":255,"column":null}},"71":{"start":{"line":256,"column":8},"end":{"line":256,"column":null}},"72":{"start":{"line":257,"column":17},"end":{"line":257,"column":null}},"73":{"start":{"line":258,"column":44},"end":{"line":258,"column":null}},"74":{"start":{"line":259,"column":48},"end":{"line":259,"column":null}},"75":{"start":{"line":261,"column":8},"end":{"line":261,"column":null}},"76":{"start":{"line":261,"column":26},"end":{"line":261,"column":84}},"77":{"start":{"line":262,"column":8},"end":{"line":282,"column":null}},"78":{"start":{"line":263,"column":27},"end":{"line":263,"column":null}},"79":{"start":{"line":264,"column":23},"end":{"line":264,"column":null}},"80":{"start":{"line":265,"column":28},"end":{"line":265,"column":null}},"81":{"start":{"line":266,"column":24},"end":{"line":266,"column":null}},"82":{"start":{"line":267,"column":4},"end":{"line":280,"column":null}},"83":{"start":{"line":268,"column":6},"end":{"line":279,"column":null}},"84":{"start":{"line":269,"column":28},"end":{"line":269,"column":null}},"85":{"start":{"line":270,"column":30},"end":{"line":270,"column":null}},"86":{"start":{"line":271,"column":8},"end":{"line":274,"column":null}},"87":{"start":{"line":272,"column":10},"end":{"line":272,"column":null}},"88":{"start":{"line":273,"column":10},"end":{"line":273,"column":null}},"89":{"start":{"line":275,"column":8},"end":{"line":278,"column":null}},"90":{"start":{"line":276,"column":10},"end":{"line":276,"column":null}},"91":{"start":{"line":277,"column":10},"end":{"line":277,"column":null}},"92":{"start":{"line":281,"column":4},"end":{"line":281,"column":null}},"93":{"start":{"line":284,"column":8},"end":{"line":284,"column":null}},"94":{"start":{"line":285,"column":8},"end":{"line":285,"column":null}},"95":{"start":{"line":286,"column":8},"end":{"line":286,"column":null}},"96":{"start":{"line":287,"column":8},"end":{"line":287,"column":null}},"97":{"start":{"line":289,"column":21},"end":{"line":297,"column":null}},"98":{"start":{"line":290,"column":17},"end":{"line":290,"column":null}},"99":{"start":{"line":291,"column":16},"end":{"line":291,"column":null}},"100":{"start":{"line":292,"column":14},"end":{"line":292,"column":null}},"101":{"start":{"line":293,"column":4},"end":{"line":293,"column":null}},"102":{"start":{"line":294,"column":4},"end":{"line":294,"column":null}},"103":{"start":{"line":295,"column":4},"end":{"line":295,"column":null}},"104":{"start":{"line":296,"column":4},"end":{"line":296,"column":null}},"105":{"start":{"line":299,"column":29},"end":{"line":307,"column":null}},"106":{"start":{"line":300,"column":20},"end":{"line":300,"column":null}},"107":{"start":{"line":301,"column":16},"end":{"line":301,"column":null}},"108":{"start":{"line":302,"column":4},"end":{"line":302,"column":null}},"109":{"start":{"line":302,"column":14},"end":{"line":302,"column":null}},"110":{"start":{"line":303,"column":4},"end":{"line":306,"column":null}},"111":{"start":{"line":309,"column":27},"end":{"line":316,"column":null}},"112":{"start":{"line":310,"column":16},"end":{"line":310,"column":null}},"113":{"start":{"line":311,"column":4},"end":{"line":311,"column":null}},"114":{"start":{"line":311,"column":14},"end":{"line":311,"column":null}},"115":{"start":{"line":312,"column":4},"end":{"line":315,"column":null}},"116":{"start":{"line":318,"column":25},"end":{"line":431,"column":null}},"117":{"start":{"line":319,"column":4},"end":{"line":319,"column":null}},"118":{"start":{"line":319,"column":25},"end":{"line":319,"column":null}},"119":{"start":{"line":320,"column":4},"end":{"line":320,"column":null}},"120":{"start":{"line":321,"column":4},"end":{"line":321,"column":null}},"121":{"start":{"line":322,"column":4},"end":{"line":430,"column":null}},"122":{"start":{"line":323,"column":18},"end":{"line":323,"column":null}},"123":{"start":{"line":324,"column":21},"end":{"line":324,"column":null}},"124":{"start":{"line":325,"column":25},"end":{"line":325,"column":null}},"125":{"start":{"line":326,"column":23},"end":{"line":326,"column":null}},"126":{"start":{"line":327,"column":24},"end":{"line":327,"column":null}},"127":{"start":{"line":328,"column":26},"end":{"line":328,"column":null}},"128":{"start":{"line":329,"column":29},"end":{"line":329,"column":null}},"129":{"start":{"line":330,"column":38},"end":{"line":330,"column":null}},"130":{"start":{"line":331,"column":40},"end":{"line":331,"column":null}},"131":{"start":{"line":332,"column":98},"end":{"line":332,"column":null}},"132":{"start":{"line":334,"column":6},"end":{"line":338,"column":null}},"133":{"start":{"line":335,"column":21},"end":{"line":335,"column":null}},"134":{"start":{"line":336,"column":8},"end":{"line":336,"column":null}},"135":{"start":{"line":337,"column":8},"end":{"line":337,"column":null}},"136":{"start":{"line":339,"column":6},"end":{"line":343,"column":null}},"137":{"start":{"line":340,"column":21},"end":{"line":340,"column":null}},"138":{"start":{"line":341,"column":8},"end":{"line":341,"column":null}},"139":{"start":{"line":342,"column":8},"end":{"line":342,"column":null}},"140":{"start":{"line":344,"column":6},"end":{"line":348,"column":null}},"141":{"start":{"line":345,"column":21},"end":{"line":345,"column":null}},"142":{"start":{"line":346,"column":8},"end":{"line":346,"column":null}},"143":{"start":{"line":347,"column":8},"end":{"line":347,"column":null}},"144":{"start":{"line":349,"column":6},"end":{"line":353,"column":null}},"145":{"start":{"line":350,"column":21},"end":{"line":350,"column":null}},"146":{"start":{"line":351,"column":8},"end":{"line":351,"column":null}},"147":{"start":{"line":352,"column":8},"end":{"line":352,"column":null}},"148":{"start":{"line":355,"column":6},"end":{"line":377,"column":null}},"149":{"start":{"line":356,"column":8},"end":{"line":361,"column":null}},"150":{"start":{"line":362,"column":8},"end":{"line":376,"column":null}},"151":{"start":{"line":363,"column":33},"end":{"line":363,"column":null}},"152":{"start":{"line":364,"column":33},"end":{"line":364,"column":null}},"153":{"start":{"line":365,"column":10},"end":{"line":365,"column":null}},"154":{"start":{"line":366,"column":10},"end":{"line":366,"column":null}},"155":{"start":{"line":368,"column":10},"end":{"line":375,"column":null}},"156":{"start":{"line":378,"column":6},"end":{"line":378,"column":null}},"157":{"start":{"line":378,"column":47},"end":{"line":378,"column":null}},"158":{"start":{"line":380,"column":6},"end":{"line":380,"column":null}},"159":{"start":{"line":382,"column":39},"end":{"line":382,"column":null}},"160":{"start":{"line":383,"column":6},"end":{"line":386,"column":null}},"161":{"start":{"line":384,"column":8},"end":{"line":384,"column":null}},"162":{"start":{"line":385,"column":8},"end":{"line":385,"column":null}},"163":{"start":{"line":388,"column":6},"end":{"line":415,"column":null}},"164":{"start":{"line":417,"column":19},"end":{"line":417,"column":null}},"165":{"start":{"line":418,"column":6},"end":{"line":418,"column":null}},"166":{"start":{"line":419,"column":6},"end":{"line":421,"column":null}},"167":{"start":{"line":420,"column":8},"end":{"line":420,"column":null}},"168":{"start":{"line":424,"column":9},"end":{"line":425,"column":null}},"169":{"start":{"line":426,"column":6},"end":{"line":426,"column":null}},"170":{"start":{"line":428,"column":6},"end":{"line":428,"column":null}},"171":{"start":{"line":429,"column":6},"end":{"line":429,"column":null}},"172":{"start":{"line":433,"column":2},"end":{"line":649,"column":null}},"173":{"start":{"line":436,"column":28},"end":{"line":436,"column":null}},"174":{"start":{"line":443,"column":14},"end":{"line":450,"column":null}},"175":{"start":{"line":492,"column":67},"end":{"line":492,"column":90}},"176":{"start":{"line":526,"column":14},"end":{"line":526,"column":null}},"177":{"start":{"line":546,"column":14},"end":{"line":562,"column":null}},"178":{"start":{"line":581,"column":40},"end":{"line":585,"column":null}},"179":{"start":{"line":582,"column":16},"end":{"line":584,"column":null}},"180":{"start":{"line":583,"column":36},"end":{"line":583,"column":72}},"181":{"start":{"line":584,"column":33},"end":{"line":584,"column":63}},"182":{"start":{"line":586,"column":14},"end":{"line":603,"column":null}},"183":{"start":{"line":599,"column":85},"end":{"line":599,"column":null}},"184":{"start":{"line":626,"column":16},"end":{"line":643,"column":null}},"185":{"start":{"line":637,"column":24},"end":{"line":639,"column":null}},"186":{"start":{"line":654,"column":12},"end":{"line":654,"column":null}},"187":{"start":{"line":655,"column":28},"end":{"line":666,"column":null}},"188":{"start":{"line":657,"column":38},"end":{"line":666,"column":8}},"189":{"start":{"line":668,"column":4},"end":{"line":675,"column":null}},"190":{"start":{"line":670,"column":26},"end":{"line":675,"column":10}},"191":{"start":{"line":677,"column":2},"end":{"line":694,"column":null}},"192":{"start":{"line":699,"column":12},"end":{"line":699,"column":null}},"193":{"start":{"line":700,"column":25},"end":{"line":700,"column":null}},"194":{"start":{"line":701,"column":2},"end":{"line":703,"column":null}},"195":{"start":{"line":702,"column":4},"end":{"line":702,"column":null}},"196":{"start":{"line":705,"column":28},"end":{"line":712,"column":null}},"197":{"start":{"line":706,"column":16},"end":{"line":706,"column":null}},"198":{"start":{"line":707,"column":4},"end":{"line":707,"column":null}},"199":{"start":{"line":707,"column":14},"end":{"line":707,"column":null}},"200":{"start":{"line":708,"column":4},"end":{"line":711,"column":null}},"201":{"start":{"line":714,"column":2},"end":{"line":741,"column":null}},"202":{"start":{"line":722,"column":8},"end":{"line":739,"column":null}},"203":{"start":{"line":733,"column":14},"end":{"line":736,"column":null}}},"fnMap":{"0":{"name":"getPrimaryActionForRunState","decl":{"start":{"line":30,"column":9},"end":{"line":30,"column":37}},"loc":{"start":{"line":30,"column":86},"end":{"line":37,"column":null}},"line":30},"1":{"name":"noopStepUpdate","decl":{"start":{"line":39,"column":9},"end":{"line":39,"column":26}},"loc":{"start":{"line":39,"column":26},"end":{"line":39,"column":null}},"line":39},"2":{"name":"csvEscape","decl":{"start":{"line":41,"column":9},"end":{"line":41,"column":19}},"loc":{"start":{"line":41,"column":43},"end":{"line":47,"column":null}},"line":41},"3":{"name":"buildCsvContent","decl":{"start":{"line":49,"column":9},"end":{"line":49,"column":25}},"loc":{"start":{"line":49,"column":50},"end":{"line":51,"column":null}},"line":49},"4":{"name":"downloadGeneratedFile","decl":{"start":{"line":53,"column":9},"end":{"line":53,"column":31}},"loc":{"start":{"line":53,"column":61},"end":{"line":60,"column":null}},"line":53},"5":{"name":"buildRunHistoryCsv","decl":{"start":{"line":62,"column":9},"end":{"line":62,"column":28}},"loc":{"start":{"line":62,"column":121},"end":{"line":78,"column":null}},"line":62},"6":{"name":"(anonymous_6)","decl":{"start":{"line":66,"column":19},"end":{"line":66,"column":20}},"loc":{"start":{"line":67,"column":6},"end":{"line":74,"column":null}},"line":67},"7":{"name":"buildRunStepsCsv","decl":{"start":{"line":80,"column":9},"end":{"line":80,"column":26}},"loc":{"start":{"line":80,"column":76},"end":{"line":135,"column":null}},"line":80},"8":{"name":"(anonymous_8)","decl":{"start":{"line":102,"column":28},"end":{"line":102,"column":29}},"loc":{"start":{"line":102,"column":40},"end":{"line":111,"column":10}},"line":102},"9":{"name":"(anonymous_9)","decl":{"start":{"line":112,"column":56},"end":{"line":112,"column":57}},"loc":{"start":{"line":112,"column":66},"end":{"line":112,"column":85}},"line":112},"10":{"name":"sanitizeZipPathPart","decl":{"start":{"line":137,"column":9},"end":{"line":137,"column":29}},"loc":{"start":{"line":137,"column":52},"end":{"line":139,"column":null}},"line":137},"11":{"name":"getRowsWithParams","decl":{"start":{"line":141,"column":9},"end":{"line":141,"column":27}},"loc":{"start":{"line":141,"column":88},"end":{"line":146,"column":null}},"line":141},"12":{"name":"(anonymous_12)","decl":{"start":{"line":142,"column":24},"end":{"line":142,"column":25}},"loc":{"start":{"line":142,"column":31},"end":{"line":145,"column":3}},"line":142},"13":{"name":"buildRunParametersCsv","decl":{"start":{"line":148,"column":9},"end":{"line":148,"column":31}},"loc":{"start":{"line":148,"column":81},"end":{"line":179,"column":null}},"line":148},"14":{"name":"buildRunAttachmentsCsv","decl":{"start":{"line":181,"column":9},"end":{"line":181,"column":32}},"loc":{"start":{"line":181,"column":109},"end":{"line":218,"column":null}},"line":181},"15":{"name":"buildAttachmentFailuresReport","decl":{"start":{"line":220,"column":9},"end":{"line":220,"column":null}},"loc":{"start":{"line":222,"column":17},"end":{"line":231,"column":null}},"line":222},"16":{"name":"(anonymous_16)","decl":{"start":{"line":226,"column":20},"end":{"line":226,"column":21}},"loc":{"start":{"line":227,"column":6},"end":{"line":227,"column":null}},"line":227},"17":{"name":"QualityRunOverviewBody","decl":{"start":{"line":244,"column":16},"end":{"line":244,"column":39}},"loc":{"start":{"line":253,"column":10},"end":{"line":651,"column":null}},"line":253},"18":{"name":"(anonymous_18)","decl":{"start":{"line":261,"column":26},"end":{"line":261,"column":32}},"loc":{"start":{"line":261,"column":26},"end":{"line":261,"column":84}},"line":261},"19":{"name":"(anonymous_19)","decl":{"start":{"line":262,"column":34},"end":{"line":262,"column":40}},"loc":{"start":{"line":262,"column":40},"end":{"line":282,"column":5}},"line":262},"20":{"name":"(anonymous_20)","decl":{"start":{"line":289,"column":21},"end":{"line":289,"column":28}},"loc":{"start":{"line":289,"column":71},"end":{"line":297,"column":null}},"line":289},"21":{"name":"(anonymous_21)","decl":{"start":{"line":299,"column":29},"end":{"line":299,"column":35}},"loc":{"start":{"line":299,"column":35},"end":{"line":307,"column":null}},"line":299},"22":{"name":"(anonymous_22)","decl":{"start":{"line":309,"column":27},"end":{"line":309,"column":33}},"loc":{"start":{"line":309,"column":33},"end":{"line":316,"column":null}},"line":309},"23":{"name":"(anonymous_23)","decl":{"start":{"line":318,"column":25},"end":{"line":318,"column":37}},"loc":{"start":{"line":318,"column":37},"end":{"line":431,"column":null}},"line":318},"24":{"name":"(anonymous_24)","decl":{"start":{"line":436,"column":21},"end":{"line":436,"column":22}},"loc":{"start":{"line":436,"column":28},"end":{"line":436,"column":null}},"line":436},"25":{"name":"(anonymous_25)","decl":{"start":{"line":442,"column":35},"end":{"line":442,"column":36}},"loc":{"start":{"line":443,"column":14},"end":{"line":450,"column":null}},"line":443},"26":{"name":"(anonymous_26)","decl":{"start":{"line":492,"column":61},"end":{"line":492,"column":67}},"loc":{"start":{"line":492,"column":67},"end":{"line":492,"column":90}},"line":492},"27":{"name":"(anonymous_27)","decl":{"start":{"line":525,"column":25},"end":{"line":525,"column":26}},"loc":{"start":{"line":526,"column":14},"end":{"line":526,"column":null}},"line":526},"28":{"name":"(anonymous_28)","decl":{"start":{"line":545,"column":33},"end":{"line":545,"column":34}},"loc":{"start":{"line":546,"column":14},"end":{"line":562,"column":null}},"line":546},"29":{"name":"(anonymous_29)","decl":{"start":{"line":580,"column":39},"end":{"line":580,"column":40}},"loc":{"start":{"line":580,"column":48},"end":{"line":605,"column":13}},"line":580},"30":{"name":"(anonymous_30)","decl":{"start":{"line":581,"column":56},"end":{"line":581,"column":57}},"loc":{"start":{"line":582,"column":16},"end":{"line":584,"column":null}},"line":582},"31":{"name":"(anonymous_31)","decl":{"start":{"line":583,"column":26},"end":{"line":583,"column":27}},"loc":{"start":{"line":583,"column":36},"end":{"line":583,"column":72}},"line":583},"32":{"name":"(anonymous_32)","decl":{"start":{"line":584,"column":23},"end":{"line":584,"column":24}},"loc":{"start":{"line":584,"column":33},"end":{"line":584,"column":63}},"line":584},"33":{"name":"(anonymous_33)","decl":{"start":{"line":599,"column":79},"end":{"line":599,"column":85}},"loc":{"start":{"line":599,"column":85},"end":{"line":599,"column":null}},"line":599},"34":{"name":"(anonymous_34)","decl":{"start":{"line":625,"column":45},"end":{"line":625,"column":46}},"loc":{"start":{"line":626,"column":16},"end":{"line":643,"column":null}},"line":626},"35":{"name":"(anonymous_35)","decl":{"start":{"line":636,"column":53},"end":{"line":636,"column":54}},"loc":{"start":{"line":637,"column":24},"end":{"line":639,"column":null}},"line":637},"36":{"name":"RunResultStepsSection","decl":{"start":{"line":653,"column":9},"end":{"line":653,"column":31}},"loc":{"start":{"line":653,"column":95},"end":{"line":696,"column":null}},"line":653},"37":{"name":"(anonymous_37)","decl":{"start":{"line":657,"column":26},"end":{"line":657,"column":27}},"loc":{"start":{"line":657,"column":38},"end":{"line":666,"column":8}},"line":657},"38":{"name":"(anonymous_38)","decl":{"start":{"line":670,"column":18},"end":{"line":670,"column":19}},"loc":{"start":{"line":670,"column":26},"end":{"line":675,"column":10}},"line":670},"39":{"name":"ParametersOverview","decl":{"start":{"line":698,"column":9},"end":{"line":698,"column":28}},"loc":{"start":{"line":698,"column":104},"end":{"line":743,"column":null}},"line":698},"40":{"name":"(anonymous_40)","decl":{"start":{"line":705,"column":28},"end":{"line":705,"column":34}},"loc":{"start":{"line":705,"column":34},"end":{"line":712,"column":null}},"line":705},"41":{"name":"(anonymous_41)","decl":{"start":{"line":721,"column":26},"end":{"line":721,"column":27}},"loc":{"start":{"line":722,"column":8},"end":{"line":739,"column":null}},"line":722},"42":{"name":"(anonymous_42)","decl":{"start":{"line":732,"column":77},"end":{"line":732,"column":78}},"loc":{"start":{"line":733,"column":14},"end":{"line":736,"column":null}},"line":733}},"branchMap":{"0":{"loc":{"start":{"line":31,"column":22},"end":{"line":31,"column":35}},"type":"binary-expr","locations":[{"start":{"line":31,"column":22},"end":{"line":31,"column":31}},{"start":{"line":31,"column":31},"end":{"line":31,"column":35}}],"line":31},"1":{"loc":{"start":{"line":32,"column":2},"end":{"line":32,"column":null}},"type":"if","locations":[{"start":{"line":32,"column":2},"end":{"line":32,"column":null}},{"start":{},"end":{}}],"line":32},"2":{"loc":{"start":{"line":33,"column":2},"end":{"line":33,"column":null}},"type":"if","locations":[{"start":{"line":33,"column":2},"end":{"line":33,"column":null}},{"start":{},"end":{}}],"line":33},"3":{"loc":{"start":{"line":34,"column":2},"end":{"line":34,"column":null}},"type":"if","locations":[{"start":{"line":34,"column":2},"end":{"line":34,"column":null}},{"start":{},"end":{}}],"line":34},"4":{"loc":{"start":{"line":35,"column":2},"end":{"line":35,"column":null}},"type":"if","locations":[{"start":{"line":35,"column":2},"end":{"line":35,"column":null}},{"start":{},"end":{}}],"line":35},"5":{"loc":{"start":{"line":42,"column":15},"end":{"line":42,"column":null}},"type":"cond-expr","locations":[{"start":{"line":42,"column":31},"end":{"line":42,"column":36}},{"start":{"line":42,"column":36},"end":{"line":42,"column":null}}],"line":42},"6":{"loc":{"start":{"line":43,"column":2},"end":{"line":45,"column":null}},"type":"if","locations":[{"start":{"line":43,"column":2},"end":{"line":45,"column":null}},{"start":{},"end":{}}],"line":43},"7":{"loc":{"start":{"line":63,"column":2},"end":{"line":63,"column":null}},"type":"if","locations":[{"start":{"line":63,"column":2},"end":{"line":63,"column":null}},{"start":{},"end":{}}],"line":63},"8":{"loc":{"start":{"line":81,"column":2},"end":{"line":81,"column":null}},"type":"if","locations":[{"start":{"line":81,"column":2},"end":{"line":81,"column":null}},{"start":{},"end":{}}],"line":81},"9":{"loc":{"start":{"line":100,"column":30},"end":{"line":111,"column":null}},"type":"cond-expr","locations":[{"start":{"line":101,"column":8},"end":{"line":101,"column":null}},{"start":{"line":102,"column":8},"end":{"line":111,"column":null}}],"line":100},"10":{"loc":{"start":{"line":105,"column":16},"end":{"line":105,"column":null}},"type":"binary-expr","locations":[{"start":{"line":105,"column":16},"end":{"line":105,"column":39}},{"start":{"line":105,"column":39},"end":{"line":105,"column":null}}],"line":105},"11":{"loc":{"start":{"line":107,"column":26},"end":{"line":107,"column":null}},"type":"binary-expr","locations":[{"start":{"line":107,"column":26},"end":{"line":107,"column":55}},{"start":{"line":107,"column":55},"end":{"line":107,"column":null}}],"line":107},"12":{"loc":{"start":{"line":114,"column":21},"end":{"line":114,"column":null}},"type":"binary-expr","locations":[{"start":{"line":114,"column":21},"end":{"line":114,"column":53}},{"start":{"line":114,"column":53},"end":{"line":114,"column":null}}],"line":114},"13":{"loc":{"start":{"line":120,"column":20},"end":{"line":120,"column":47}},"type":"binary-expr","locations":[{"start":{"line":120,"column":20},"end":{"line":120,"column":45}},{"start":{"line":120,"column":45},"end":{"line":120,"column":47}}],"line":120},"14":{"loc":{"start":{"line":121,"column":20},"end":{"line":121,"column":52}},"type":"binary-expr","locations":[{"start":{"line":121,"column":20},"end":{"line":121,"column":39}},{"start":{"line":121,"column":39},"end":{"line":121,"column":52}}],"line":121},"15":{"loc":{"start":{"line":125,"column":20},"end":{"line":125,"column":49}},"type":"binary-expr","locations":[{"start":{"line":125,"column":20},"end":{"line":125,"column":38}},{"start":{"line":125,"column":38},"end":{"line":125,"column":49}}],"line":125},"16":{"loc":{"start":{"line":126,"column":20},"end":{"line":126,"column":67}},"type":"binary-expr","locations":[{"start":{"line":126,"column":20},"end":{"line":126,"column":44}},{"start":{"line":126,"column":44},"end":{"line":126,"column":65}},{"start":{"line":126,"column":65},"end":{"line":126,"column":67}}],"line":126},"17":{"loc":{"start":{"line":127,"column":20},"end":{"line":127,"column":53}},"type":"binary-expr","locations":[{"start":{"line":127,"column":20},"end":{"line":127,"column":37}},{"start":{"line":127,"column":37},"end":{"line":127,"column":51}},{"start":{"line":127,"column":51},"end":{"line":127,"column":53}}],"line":127},"18":{"loc":{"start":{"line":128,"column":21},"end":{"line":128,"column":52}},"type":"binary-expr","locations":[{"start":{"line":128,"column":21},"end":{"line":128,"column":48}},{"start":{"line":128,"column":48},"end":{"line":128,"column":52}}],"line":128},"19":{"loc":{"start":{"line":129,"column":21},"end":{"line":129,"column":50}},"type":"binary-expr","locations":[{"start":{"line":129,"column":21},"end":{"line":129,"column":46}},{"start":{"line":129,"column":46},"end":{"line":129,"column":50}}],"line":129},"20":{"loc":{"start":{"line":143,"column":19},"end":{"line":143,"column":null}},"type":"binary-expr","locations":[{"start":{"line":143,"column":19},"end":{"line":143,"column":39}},{"start":{"line":143,"column":39},"end":{"line":143,"column":null}}],"line":143},"21":{"loc":{"start":{"line":144,"column":11},"end":{"line":144,"column":null}},"type":"binary-expr","locations":[{"start":{"line":144,"column":11},"end":{"line":144,"column":21}},{"start":{"line":144,"column":21},"end":{"line":144,"column":null}}],"line":144},"22":{"loc":{"start":{"line":150,"column":2},"end":{"line":150,"column":null}},"type":"if","locations":[{"start":{"line":150,"column":2},"end":{"line":150,"column":null}},{"start":{},"end":{}}],"line":150},"23":{"loc":{"start":{"line":163,"column":19},"end":{"line":163,"column":null}},"type":"binary-expr","locations":[{"start":{"line":163,"column":19},"end":{"line":163,"column":41}},{"start":{"line":163,"column":41},"end":{"line":163,"column":64}},{"start":{"line":163,"column":64},"end":{"line":163,"column":null}}],"line":163},"24":{"loc":{"start":{"line":170,"column":20},"end":{"line":170,"column":45}},"type":"binary-expr","locations":[{"start":{"line":170,"column":20},"end":{"line":170,"column":43}},{"start":{"line":170,"column":43},"end":{"line":170,"column":45}}],"line":170},"25":{"loc":{"start":{"line":171,"column":20},"end":{"line":171,"column":47}},"type":"binary-expr","locations":[{"start":{"line":171,"column":20},"end":{"line":171,"column":45}},{"start":{"line":171,"column":45},"end":{"line":171,"column":47}}],"line":171},"26":{"loc":{"start":{"line":182,"column":2},"end":{"line":182,"column":null}},"type":"if","locations":[{"start":{"line":182,"column":2},"end":{"line":182,"column":null}},{"start":{},"end":{}}],"line":182},"27":{"loc":{"start":{"line":186,"column":33},"end":{"line":186,"column":59}},"type":"binary-expr","locations":[{"start":{"line":186,"column":33},"end":{"line":186,"column":55}},{"start":{"line":186,"column":55},"end":{"line":186,"column":59}}],"line":186},"28":{"loc":{"start":{"line":187,"column":27},"end":{"line":187,"column":null}},"type":"binary-expr","locations":[{"start":{"line":187,"column":27},"end":{"line":187,"column":64}},{"start":{"line":187,"column":64},"end":{"line":187,"column":null}}],"line":187},"29":{"loc":{"start":{"line":188,"column":30},"end":{"line":188,"column":60}},"type":"binary-expr","locations":[{"start":{"line":188,"column":30},"end":{"line":188,"column":49}},{"start":{"line":188,"column":49},"end":{"line":188,"column":60}}],"line":188},"30":{"loc":{"start":{"line":211,"column":18},"end":{"line":211,"column":45}},"type":"binary-expr","locations":[{"start":{"line":211,"column":18},"end":{"line":211,"column":43}},{"start":{"line":211,"column":43},"end":{"line":211,"column":45}}],"line":211},"31":{"loc":{"start":{"line":212,"column":18},"end":{"line":212,"column":45}},"type":"binary-expr","locations":[{"start":{"line":212,"column":18},"end":{"line":212,"column":43}},{"start":{"line":212,"column":43},"end":{"line":212,"column":45}}],"line":212},"32":{"loc":{"start":{"line":213,"column":29},"end":{"line":213,"column":69}},"type":"binary-expr","locations":[{"start":{"line":213,"column":29},"end":{"line":213,"column":67}},{"start":{"line":213,"column":67},"end":{"line":213,"column":69}}],"line":213},"33":{"loc":{"start":{"line":223,"column":2},"end":{"line":223,"column":null}},"type":"if","locations":[{"start":{"line":223,"column":2},"end":{"line":223,"column":null}},{"start":{},"end":{}}],"line":223},"34":{"loc":{"start":{"line":261,"column":26},"end":{"line":261,"column":84}},"type":"binary-expr","locations":[{"start":{"line":261,"column":26},"end":{"line":261,"column":80}},{"start":{"line":261,"column":80},"end":{"line":261,"column":84}}],"line":261},"35":{"loc":{"start":{"line":269,"column":28},"end":{"line":269,"column":null}},"type":"binary-expr","locations":[{"start":{"line":269,"column":28},"end":{"line":269,"column":60}},{"start":{"line":269,"column":60},"end":{"line":269,"column":null}}],"line":269},"36":{"loc":{"start":{"line":270,"column":30},"end":{"line":270,"column":null}},"type":"binary-expr","locations":[{"start":{"line":270,"column":30},"end":{"line":270,"column":60}},{"start":{"line":270,"column":60},"end":{"line":270,"column":null}}],"line":270},"37":{"loc":{"start":{"line":271,"column":8},"end":{"line":274,"column":null}},"type":"if","locations":[{"start":{"line":271,"column":8},"end":{"line":274,"column":null}},{"start":{},"end":{}}],"line":271},"38":{"loc":{"start":{"line":275,"column":8},"end":{"line":278,"column":null}},"type":"if","locations":[{"start":{"line":275,"column":8},"end":{"line":278,"column":null}},{"start":{},"end":{}}],"line":275},"39":{"loc":{"start":{"line":300,"column":20},"end":{"line":300,"column":null}},"type":"binary-expr","locations":[{"start":{"line":300,"column":20},"end":{"line":300,"column":50}},{"start":{"line":300,"column":50},"end":{"line":300,"column":null}}],"line":300},"40":{"loc":{"start":{"line":302,"column":4},"end":{"line":302,"column":null}},"type":"if","locations":[{"start":{"line":302,"column":4},"end":{"line":302,"column":null}},{"start":{},"end":{}}],"line":302},"41":{"loc":{"start":{"line":305,"column":21},"end":{"line":305,"column":47}},"type":"binary-expr","locations":[{"start":{"line":305,"column":21},"end":{"line":305,"column":41}},{"start":{"line":305,"column":41},"end":{"line":305,"column":47}}],"line":305},"42":{"loc":{"start":{"line":311,"column":4},"end":{"line":311,"column":null}},"type":"if","locations":[{"start":{"line":311,"column":4},"end":{"line":311,"column":null}},{"start":{},"end":{}}],"line":311},"43":{"loc":{"start":{"line":314,"column":19},"end":{"line":314,"column":45}},"type":"binary-expr","locations":[{"start":{"line":314,"column":19},"end":{"line":314,"column":39}},{"start":{"line":314,"column":39},"end":{"line":314,"column":45}}],"line":314},"44":{"loc":{"start":{"line":319,"column":4},"end":{"line":319,"column":null}},"type":"if","locations":[{"start":{"line":319,"column":4},"end":{"line":319,"column":null}},{"start":{},"end":{}}],"line":319},"45":{"loc":{"start":{"line":324,"column":21},"end":{"line":324,"column":null}},"type":"binary-expr","locations":[{"start":{"line":324,"column":21},"end":{"line":324,"column":41}},{"start":{"line":324,"column":41},"end":{"line":324,"column":null}}],"line":324},"46":{"loc":{"start":{"line":325,"column":44},"end":{"line":325,"column":76}},"type":"binary-expr","locations":[{"start":{"line":325,"column":44},"end":{"line":325,"column":74}},{"start":{"line":325,"column":74},"end":{"line":325,"column":76}}],"line":325},"47":{"loc":{"start":{"line":328,"column":26},"end":{"line":328,"column":null}},"type":"binary-expr","locations":[{"start":{"line":328,"column":26},"end":{"line":328,"column":51}},{"start":{"line":328,"column":51},"end":{"line":328,"column":null}}],"line":328},"48":{"loc":{"start":{"line":334,"column":6},"end":{"line":338,"column":null}},"type":"if","locations":[{"start":{"line":334,"column":6},"end":{"line":338,"column":null}},{"start":{},"end":{}}],"line":334},"49":{"loc":{"start":{"line":339,"column":6},"end":{"line":343,"column":null}},"type":"if","locations":[{"start":{"line":339,"column":6},"end":{"line":343,"column":null}},{"start":{},"end":{}}],"line":339},"50":{"loc":{"start":{"line":344,"column":6},"end":{"line":348,"column":null}},"type":"if","locations":[{"start":{"line":344,"column":6},"end":{"line":348,"column":null}},{"start":{},"end":{}}],"line":344},"51":{"loc":{"start":{"line":349,"column":6},"end":{"line":353,"column":null}},"type":"if","locations":[{"start":{"line":349,"column":6},"end":{"line":353,"column":null}},{"start":{},"end":{}}],"line":349},"52":{"loc":{"start":{"line":364,"column":68},"end":{"line":364,"column":105}},"type":"binary-expr","locations":[{"start":{"line":364,"column":68},"end":{"line":364,"column":92}},{"start":{"line":364,"column":92},"end":{"line":364,"column":105}}],"line":364},"53":{"loc":{"start":{"line":370,"column":22},"end":{"line":370,"column":null}},"type":"binary-expr","locations":[{"start":{"line":370,"column":22},"end":{"line":370,"column":46}},{"start":{"line":370,"column":46},"end":{"line":370,"column":null}}],"line":370},"54":{"loc":{"start":{"line":372,"column":15},"end":{"line":374,"column":null}},"type":"binary-expr","locations":[{"start":{"line":372,"column":15},"end":{"line":372,"column":null}},{"start":{"line":373,"column":15},"end":{"line":373,"column":null}},{"start":{"line":374,"column":14},"end":{"line":374,"column":null}}],"line":372},"55":{"loc":{"start":{"line":378,"column":6},"end":{"line":378,"column":null}},"type":"if","locations":[{"start":{"line":378,"column":6},"end":{"line":378,"column":null}},{"start":{},"end":{}}],"line":378},"56":{"loc":{"start":{"line":383,"column":6},"end":{"line":386,"column":null}},"type":"if","locations":[{"start":{"line":383,"column":6},"end":{"line":386,"column":null}},{"start":{},"end":{}}],"line":383},"57":{"loc":{"start":{"line":396,"column":28},"end":{"line":396,"column":null}},"type":"binary-expr","locations":[{"start":{"line":396,"column":28},"end":{"line":396,"column":48}},{"start":{"line":396,"column":48},"end":{"line":396,"column":null}}],"line":396},"58":{"loc":{"start":{"line":398,"column":21},"end":{"line":398,"column":null}},"type":"binary-expr","locations":[{"start":{"line":398,"column":21},"end":{"line":398,"column":34}},{"start":{"line":398,"column":34},"end":{"line":398,"column":null}}],"line":398},"59":{"loc":{"start":{"line":404,"column":31},"end":{"line":404,"column":null}},"type":"binary-expr","locations":[{"start":{"line":404,"column":31},"end":{"line":404,"column":68}},{"start":{"line":404,"column":68},"end":{"line":404,"column":null}}],"line":404},"60":{"loc":{"start":{"line":419,"column":6},"end":{"line":421,"column":null}},"type":"if","locations":[{"start":{"line":419,"column":6},"end":{"line":421,"column":null}},{"start":{},"end":{}}],"line":419},"61":{"loc":{"start":{"line":424,"column":9},"end":{"line":425,"column":null}},"type":"binary-expr","locations":[{"start":{"line":424,"column":9},"end":{"line":424,"column":null}},{"start":{"line":425,"column":9},"end":{"line":425,"column":null}}],"line":424},"62":{"loc":{"start":{"line":426,"column":18},"end":{"line":426,"column":66}},"type":"binary-expr","locations":[{"start":{"line":426,"column":18},"end":{"line":426,"column":28}},{"start":{"line":426,"column":28},"end":{"line":426,"column":66}}],"line":426},"63":{"loc":{"start":{"line":458,"column":56},"end":{"line":458,"column":79}},"type":"binary-expr","locations":[{"start":{"line":458,"column":56},"end":{"line":458,"column":75}},{"start":{"line":458,"column":75},"end":{"line":458,"column":79}}],"line":458},"64":{"loc":{"start":{"line":465,"column":11},"end":{"line":480,"column":null}},"type":"cond-expr","locations":[{"start":{"line":466,"column":12},"end":{"line":479,"column":null}},{"start":{"line":480,"column":14},"end":{"line":480,"column":null}}],"line":465},"65":{"loc":{"start":{"line":465,"column":11},"end":{"line":465,"column":null}},"type":"binary-expr","locations":[{"start":{"line":465,"column":11},"end":{"line":465,"column":47}},{"start":{"line":465,"column":47},"end":{"line":465,"column":null}}],"line":465},"66":{"loc":{"start":{"line":493,"column":15},"end":{"line":493,"column":null}},"type":"cond-expr","locations":[{"start":{"line":493,"column":33},"end":{"line":493,"column":84}},{"start":{"line":493,"column":84},"end":{"line":493,"column":null}}],"line":493},"67":{"loc":{"start":{"line":494,"column":15},"end":{"line":494,"column":null}},"type":"cond-expr","locations":[{"start":{"line":494,"column":33},"end":{"line":494,"column":97}},{"start":{"line":494,"column":97},"end":{"line":494,"column":null}}],"line":494},"68":{"loc":{"start":{"line":494,"column":33},"end":{"line":494,"column":97}},"type":"binary-expr","locations":[{"start":{"line":494,"column":33},"end":{"line":494,"column":54}},{"start":{"line":494,"column":54},"end":{"line":494,"column":97}}],"line":494},"69":{"loc":{"start":{"line":496,"column":13},"end":{"line":509,"column":null}},"type":"cond-expr","locations":[{"start":{"line":497,"column":14},"end":{"line":499,"column":null}},{"start":{"line":501,"column":14},"end":{"line":509,"column":null}}],"line":496},"70":{"loc":{"start":{"line":503,"column":18},"end":{"line":507,"column":null}},"type":"cond-expr","locations":[{"start":{"line":504,"column":22},"end":{"line":504,"column":null}},{"start":{"line":505,"column":22},"end":{"line":507,"column":null}}],"line":503},"71":{"loc":{"start":{"line":505,"column":22},"end":{"line":507,"column":null}},"type":"cond-expr","locations":[{"start":{"line":506,"column":24},"end":{"line":506,"column":null}},{"start":{"line":507,"column":24},"end":{"line":507,"column":null}}],"line":505},"72":{"loc":{"start":{"line":516,"column":9},"end":{"line":528,"column":null}},"type":"cond-expr","locations":[{"start":{"line":517,"column":10},"end":{"line":517,"column":null}},{"start":{"line":519,"column":10},"end":{"line":528,"column":null}}],"line":516},"73":{"loc":{"start":{"line":533,"column":54},"end":{"line":533,"column":82}},"type":"binary-expr","locations":[{"start":{"line":533,"column":54},"end":{"line":533,"column":74}},{"start":{"line":533,"column":74},"end":{"line":533,"column":82}}],"line":533},"74":{"loc":{"start":{"line":537,"column":9},"end":{"line":564,"column":null}},"type":"cond-expr","locations":[{"start":{"line":538,"column":10},"end":{"line":538,"column":null}},{"start":{"line":539,"column":12},"end":{"line":564,"column":null}}],"line":537},"75":{"loc":{"start":{"line":539,"column":12},"end":{"line":564,"column":null}},"type":"cond-expr","locations":[{"start":{"line":540,"column":10},"end":{"line":540,"column":null}},{"start":{"line":541,"column":12},"end":{"line":564,"column":null}}],"line":539},"76":{"loc":{"start":{"line":541,"column":12},"end":{"line":564,"column":null}},"type":"cond-expr","locations":[{"start":{"line":542,"column":10},"end":{"line":542,"column":null}},{"start":{"line":544,"column":10},"end":{"line":564,"column":null}}],"line":541},"77":{"loc":{"start":{"line":552,"column":21},"end":{"line":552,"column":null}},"type":"cond-expr","locations":[{"start":{"line":552,"column":58},"end":{"line":552,"column":89}},{"start":{"line":552,"column":89},"end":{"line":552,"column":null}}],"line":552},"78":{"loc":{"start":{"line":572,"column":9},"end":{"line":606,"column":null}},"type":"cond-expr","locations":[{"start":{"line":573,"column":10},"end":{"line":573,"column":null}},{"start":{"line":574,"column":12},"end":{"line":606,"column":null}}],"line":572},"79":{"loc":{"start":{"line":574,"column":12},"end":{"line":606,"column":null}},"type":"cond-expr","locations":[{"start":{"line":575,"column":10},"end":{"line":575,"column":null}},{"start":{"line":576,"column":12},"end":{"line":606,"column":null}}],"line":574},"80":{"loc":{"start":{"line":576,"column":12},"end":{"line":606,"column":null}},"type":"cond-expr","locations":[{"start":{"line":577,"column":10},"end":{"line":577,"column":null}},{"start":{"line":579,"column":10},"end":{"line":606,"column":null}}],"line":576},"81":{"loc":{"start":{"line":584,"column":33},"end":{"line":584,"column":63}},"type":"binary-expr","locations":[{"start":{"line":584,"column":33},"end":{"line":584,"column":52}},{"start":{"line":584,"column":52},"end":{"line":584,"column":63}}],"line":584},"82":{"loc":{"start":{"line":592,"column":21},"end":{"line":598,"column":null}},"type":"cond-expr","locations":[{"start":{"line":593,"column":22},"end":{"line":597,"column":null}},{"start":{"line":598,"column":24},"end":{"line":598,"column":null}}],"line":592},"83":{"loc":{"start":{"line":611,"column":9},"end":{"line":646,"column":null}},"type":"cond-expr","locations":[{"start":{"line":612,"column":10},"end":{"line":612,"column":null}},{"start":{"line":613,"column":12},"end":{"line":646,"column":null}}],"line":611},"84":{"loc":{"start":{"line":613,"column":12},"end":{"line":646,"column":null}},"type":"cond-expr","locations":[{"start":{"line":614,"column":10},"end":{"line":614,"column":null}},{"start":{"line":615,"column":12},"end":{"line":646,"column":null}}],"line":613},"85":{"loc":{"start":{"line":615,"column":12},"end":{"line":646,"column":null}},"type":"cond-expr","locations":[{"start":{"line":616,"column":10},"end":{"line":616,"column":null}},{"start":{"line":618,"column":10},"end":{"line":646,"column":null}}],"line":615},"86":{"loc":{"start":{"line":629,"column":21},"end":{"line":631,"column":null}},"type":"cond-expr","locations":[{"start":{"line":630,"column":22},"end":{"line":630,"column":null}},{"start":{"line":631,"column":24},"end":{"line":631,"column":null}}],"line":629},"87":{"loc":{"start":{"line":634,"column":19},"end":{"line":642,"column":null}},"type":"cond-expr","locations":[{"start":{"line":635,"column":20},"end":{"line":641,"column":null}},{"start":{"line":642,"column":22},"end":{"line":642,"column":null}}],"line":634},"88":{"loc":{"start":{"line":626,"column":25},"end":{"line":626,"column":49}},"type":"binary-expr","locations":[{"start":{"line":626,"column":25},"end":{"line":626,"column":46}},{"start":{"line":626,"column":46},"end":{"line":626,"column":49}}],"line":626},"89":{"loc":{"start":{"line":655,"column":28},"end":{"line":666,"column":null}},"type":"cond-expr","locations":[{"start":{"line":656,"column":6},"end":{"line":656,"column":null}},{"start":{"line":657,"column":6},"end":{"line":666,"column":null}}],"line":655},"90":{"loc":{"start":{"line":668,"column":4},"end":{"line":675,"column":null}},"type":"cond-expr","locations":[{"start":{"line":669,"column":8},"end":{"line":669,"column":null}},{"start":{"line":670,"column":8},"end":{"line":675,"column":null}}],"line":668},"91":{"loc":{"start":{"line":681,"column":9},"end":{"line":685,"column":null}},"type":"cond-expr","locations":[{"start":{"line":682,"column":10},"end":{"line":684,"column":null}},{"start":{"line":685,"column":12},"end":{"line":685,"column":null}}],"line":681},"92":{"loc":{"start":{"line":701,"column":2},"end":{"line":703,"column":null}},"type":"if","locations":[{"start":{"line":701,"column":2},"end":{"line":703,"column":null}},{"start":{},"end":{}}],"line":701},"93":{"loc":{"start":{"line":707,"column":4},"end":{"line":707,"column":null}},"type":"if","locations":[{"start":{"line":707,"column":4},"end":{"line":707,"column":null}},{"start":{},"end":{}}],"line":707},"94":{"loc":{"start":{"line":725,"column":13},"end":{"line":729,"column":null}},"type":"cond-expr","locations":[{"start":{"line":726,"column":14},"end":{"line":728,"column":null}},{"start":{"line":729,"column":16},"end":{"line":729,"column":null}}],"line":725},"95":{"loc":{"start":{"line":732,"column":28},"end":{"line":732,"column":71}},"type":"binary-expr","locations":[{"start":{"line":732,"column":28},"end":{"line":732,"column":48}},{"start":{"line":732,"column":48},"end":{"line":732,"column":69}},{"start":{"line":732,"column":69},"end":{"line":732,"column":71}}],"line":732}},"s":{"0":18,"1":18,"2":0,"3":18,"4":0,"5":18,"6":18,"7":0,"8":0,"9":0,"10":128,"11":128,"12":4,"13":124,"14":14,"15":5,"16":5,"17":5,"18":5,"19":5,"20":5,"21":4,"22":0,"23":4,"24":4,"25":4,"26":4,"27":0,"28":4,"29":4,"30":4,"31":4,"32":4,"33":4,"34":4,"35":4,"36":4,"37":4,"38":3,"39":9,"40":9,"41":9,"42":4,"43":4,"44":2,"45":2,"46":2,"47":2,"48":2,"49":3,"50":2,"51":3,"52":0,"53":3,"54":3,"55":3,"56":3,"57":4,"58":4,"59":4,"60":3,"61":3,"62":4,"63":3,"64":3,"65":2,"66":1,"67":1,"68":1,"69":18,"70":18,"71":18,"72":18,"73":18,"74":18,"75":18,"76":10,"77":18,"78":10,"79":10,"80":10,"81":10,"82":10,"83":8,"84":5,"85":5,"86":5,"87":2,"88":2,"89":5,"90":5,"91":5,"92":10,"93":18,"94":18,"95":18,"96":18,"97":18,"98":1,"99":1,"100":1,"101":1,"102":1,"103":1,"104":1,"105":18,"106":1,"107":1,"108":1,"109":0,"110":1,"111":18,"112":1,"113":1,"114":0,"115":1,"116":18,"117":3,"118":0,"119":3,"120":3,"121":3,"122":3,"123":3,"124":3,"125":3,"126":3,"127":3,"128":3,"129":3,"130":3,"131":3,"132":3,"133":3,"134":3,"135":3,"136":3,"137":3,"138":3,"139":3,"140":3,"141":1,"142":1,"143":1,"144":3,"145":3,"146":3,"147":3,"148":3,"149":4,"150":4,"151":4,"152":3,"153":4,"154":4,"155":1,"156":3,"157":0,"158":3,"159":3,"160":3,"161":1,"162":1,"163":3,"164":3,"165":2,"166":2,"167":1,"168":1,"169":1,"170":3,"171":3,"172":18,"173":0,"174":108,"175":3,"176":16,"177":1,"178":22,"179":20,"180":17,"181":17,"182":22,"183":1,"184":18,"185":18,"186":2,"187":2,"188":1,"189":2,"190":1,"191":2,"192":2,"193":2,"194":2,"195":1,"196":1,"197":1,"198":1,"199":0,"200":1,"201":1,"202":1,"203":2},"f":{"0":18,"1":0,"2":128,"3":14,"4":5,"5":4,"6":4,"7":4,"8":4,"9":4,"10":3,"11":9,"12":9,"13":4,"14":3,"15":3,"16":1,"17":18,"18":10,"19":10,"20":1,"21":1,"22":1,"23":3,"24":0,"25":108,"26":3,"27":16,"28":1,"29":22,"30":20,"31":17,"32":17,"33":1,"34":18,"35":18,"36":2,"37":1,"38":1,"39":2,"40":1,"41":1,"42":2},"b":{"0":[18,0],"1":[0,18],"2":[0,18],"3":[18,0],"4":[0,0],"5":[0,128],"6":[4,124],"7":[0,4],"8":[0,4],"9":[0,4],"10":[4,2],"11":[4,2],"12":[4,0],"13":[4,2],"14":[4,0],"15":[4,0],"16":[4,2,2],"17":[4,2,2],"18":[4,2],"19":[4,0],"20":[9,5],"21":[9,4],"22":[2,2],"23":[2,0,0],"24":[3,0],"25":[3,0],"26":[0,3],"27":[3,0],"28":[4,4],"29":[4,3],"30":[4,0],"31":[4,0],"32":[4,0],"33":[2,1],"34":[10,2],"35":[5,3],"36":[5,0],"37":[2,3],"38":[5,0],"39":[1,0],"40":[0,1],"41":[1,0],"42":[0,1],"43":[1,0],"44":[0,3],"45":[3,0],"46":[3,0],"47":[3,0],"48":[3,0],"49":[3,0],"50":[1,2],"51":[3,0],"52":[3,0],"53":[1,0],"54":[1,1,0],"55":[0,3],"56":[1,2],"57":[3,0],"58":[3,0],"59":[3,0],"60":[1,1],"61":[1,1],"62":[1,0],"63":[18,18],"64":[13,5],"65":[18,13],"66":[5,13],"67":[5,13],"68":[5,0],"69":[0,18],"70":[0,18],"71":[18,0],"72":[2,16],"73":[18,0],"74":[0,18],"75":[0,18],"76":[17,1],"77":[1,0],"78":[0,18],"79":[0,18],"80":[0,18],"81":[17,11],"82":[17,5],"83":[0,18],"84":[0,18],"85":[0,18],"86":[18,0],"87":[18,0],"88":[18,0],"89":[1,1],"90":[1,1],"91":[1,1],"92":[1,1],"93":[0,1],"94":[1,0],"95":[1,0,0]},"meta":{"lastBranch":96,"lastFunction":43,"lastStatement":204,"seen":{"f:30:9:30:37":0,"s:31:8:31:Infinity":0,"b:31:22:31:31:31:31:31:35":0,"b:32:2:32:Infinity:undefined:undefined:undefined:undefined":1,"s:32:2:32:Infinity":1,"s:32:19:32:Infinity":2,"b:33:2:33:Infinity:undefined:undefined:undefined:undefined":2,"s:33:2:33:Infinity":3,"s:33:64:33:Infinity":4,"b:34:2:34:Infinity:undefined:undefined:undefined:undefined":3,"s:34:2:34:Infinity":5,"s:34:65:34:Infinity":6,"b:35:2:35:Infinity:undefined:undefined:undefined:undefined":4,"s:35:2:35:Infinity":7,"s:35:53:35:Infinity":8,"s:36:2:36:Infinity":9,"f:39:9:39:26":1,"f:41:9:41:19":2,"s:42:15:42:Infinity":10,"b:42:31:42:36:42:36:42:Infinity":5,"b:43:2:45:Infinity:undefined:undefined:undefined:undefined":6,"s:43:2:45:Infinity":11,"s:44:4:44:Infinity":12,"s:46:2:46:Infinity":13,"f:49:9:49:25":3,"s:50:2:50:Infinity":14,"f:53:9:53:31":4,"s:54:14:54:Infinity":15,"s:55:12:55:Infinity":16,"s:56:2:56:Infinity":17,"s:57:2:57:Infinity":18,"s:58:2:58:Infinity":19,"s:59:2:59:Infinity":20,"f:62:9:62:28":5,"b:63:2:63:Infinity:undefined:undefined:undefined:undefined":7,"s:63:2:63:Infinity":21,"s:63:28:63:Infinity":22,"s:64:16:76:Infinity":23,"f:66:19:66:20":6,"s:67:6:74:Infinity":24,"s:77:2:77:Infinity":25,"f:80:9:80:26":7,"b:81:2:81:Infinity:undefined:undefined:undefined:undefined":8,"s:81:2:81:Infinity":26,"s:81:28:81:Infinity":27,"s:82:16:98:Infinity":28,"s:99:2:133:Infinity":29,"s:100:30:111:Infinity":30,"b:101:8:101:Infinity:102:8:111:Infinity":9,"f:102:28:102:29":8,"s:102:40:111:10":31,"b:105:16:105:39:105:39:105:Infinity":10,"b:107:26:107:55:107:55:107:Infinity":11,"s:112:28:112:Infinity":32,"f:112:56:112:57":9,"s:112:66:112:85":33,"s:113:4:132:Infinity":34,"s:114:21:114:Infinity":35,"b:114:21:114:53:114:53:114:Infinity":12,"s:115:6:131:Infinity":36,"b:120:20:120:45:120:45:120:47":13,"b:121:20:121:39:121:39:121:52":14,"b:125:20:125:38:125:38:125:49":15,"b:126:20:126:44:126:44:126:65:126:65:126:67":16,"b:127:20:127:37:127:37:127:51:127:51:127:53":17,"b:128:21:128:48:128:48:128:52":18,"b:129:21:129:46:129:46:129:50":19,"s:134:2:134:Infinity":37,"f:137:9:137:29":10,"s:138:2:138:Infinity":38,"f:141:9:141:27":11,"s:142:2:145:Infinity":39,"f:142:24:142:25":12,"s:143:19:143:Infinity":40,"b:143:19:143:39:143:39:143:Infinity":20,"s:144:4:144:Infinity":41,"b:144:11:144:21:144:21:144:Infinity":21,"f:148:9:148:31":13,"s:149:25:149:Infinity":42,"b:150:2:150:Infinity:undefined:undefined:undefined:undefined":22,"s:150:2:150:Infinity":43,"s:150:35:150:Infinity":44,"s:151:16:161:Infinity":45,"s:162:2:177:Infinity":46,"s:163:19:163:Infinity":47,"b:163:19:163:41:163:41:163:64:163:64:163:Infinity":23,"s:164:4:176:Infinity":48,"s:165:6:175:Infinity":49,"b:170:20:170:43:170:43:170:45":24,"b:171:20:171:45:171:45:171:47":25,"s:178:2:178:Infinity":50,"f:181:9:181:32":14,"b:182:2:182:Infinity:undefined:undefined:undefined:undefined":26,"s:182:2:182:Infinity":51,"s:182:32:182:Infinity":52,"s:183:26:183:Infinity":53,"s:184:2:192:Infinity":54,"s:185:4:191:Infinity":55,"s:186:6:190:Infinity":56,"b:186:33:186:55:186:55:186:59":27,"s:187:27:187:Infinity":57,"b:187:27:187:64:187:64:187:Infinity":28,"s:188:8:188:Infinity":58,"b:188:30:188:49:188:49:188:60":29,"s:189:8:189:Infinity":59,"s:193:16:203:Infinity":60,"s:204:2:216:Infinity":61,"s:205:4:215:Infinity":62,"b:211:18:211:43:211:43:211:45":30,"b:212:18:212:43:212:43:212:45":31,"b:213:29:213:67:213:67:213:69":32,"s:217:2:217:Infinity":63,"f:220:9:220:Infinity":15,"b:223:2:223:Infinity:undefined:undefined:undefined:undefined":33,"s:223:2:223:Infinity":64,"s:223:29:223:Infinity":65,"s:224:16:229:Infinity":66,"f:226:20:226:21":16,"s:227:6:227:Infinity":67,"s:230:2:230:Infinity":68,"f:244:16:244:39":17,"s:254:12:254:Infinity":69,"s:255:13:255:Infinity":70,"s:256:8:256:Infinity":71,"s:257:17:257:Infinity":72,"s:258:44:258:Infinity":73,"s:259:48:259:Infinity":74,"s:261:8:261:Infinity":75,"f:261:26:261:32":18,"s:261:26:261:84":76,"b:261:26:261:80:261:80:261:84":34,"s:262:8:282:Infinity":77,"f:262:34:262:40":19,"s:263:27:263:Infinity":78,"s:264:23:264:Infinity":79,"s:265:28:265:Infinity":80,"s:266:24:266:Infinity":81,"s:267:4:280:Infinity":82,"s:268:6:279:Infinity":83,"s:269:28:269:Infinity":84,"b:269:28:269:60:269:60:269:Infinity":35,"s:270:30:270:Infinity":85,"b:270:30:270:60:270:60:270:Infinity":36,"b:271:8:274:Infinity:undefined:undefined:undefined:undefined":37,"s:271:8:274:Infinity":86,"s:272:10:272:Infinity":87,"s:273:10:273:Infinity":88,"b:275:8:278:Infinity:undefined:undefined:undefined:undefined":38,"s:275:8:278:Infinity":89,"s:276:10:276:Infinity":90,"s:277:10:277:Infinity":91,"s:281:4:281:Infinity":92,"s:284:8:284:Infinity":93,"s:285:8:285:Infinity":94,"s:286:8:286:Infinity":95,"s:287:8:287:Infinity":96,"s:289:21:297:Infinity":97,"f:289:21:289:28":20,"s:290:17:290:Infinity":98,"s:291:16:291:Infinity":99,"s:292:14:292:Infinity":100,"s:293:4:293:Infinity":101,"s:294:4:294:Infinity":102,"s:295:4:295:Infinity":103,"s:296:4:296:Infinity":104,"s:299:29:307:Infinity":105,"f:299:29:299:35":21,"s:300:20:300:Infinity":106,"b:300:20:300:50:300:50:300:Infinity":39,"s:301:16:301:Infinity":107,"b:302:4:302:Infinity:undefined:undefined:undefined:undefined":40,"s:302:4:302:Infinity":108,"s:302:14:302:Infinity":109,"s:303:4:306:Infinity":110,"b:305:21:305:41:305:41:305:47":41,"s:309:27:316:Infinity":111,"f:309:27:309:33":22,"s:310:16:310:Infinity":112,"b:311:4:311:Infinity:undefined:undefined:undefined:undefined":42,"s:311:4:311:Infinity":113,"s:311:14:311:Infinity":114,"s:312:4:315:Infinity":115,"b:314:19:314:39:314:39:314:45":43,"s:318:25:431:Infinity":116,"f:318:25:318:37":23,"b:319:4:319:Infinity:undefined:undefined:undefined:undefined":44,"s:319:4:319:Infinity":117,"s:319:25:319:Infinity":118,"s:320:4:320:Infinity":119,"s:321:4:321:Infinity":120,"s:322:4:430:Infinity":121,"s:323:18:323:Infinity":122,"s:324:21:324:Infinity":123,"b:324:21:324:41:324:41:324:Infinity":45,"s:325:25:325:Infinity":124,"b:325:44:325:74:325:74:325:76":46,"s:326:23:326:Infinity":125,"s:327:24:327:Infinity":126,"s:328:26:328:Infinity":127,"b:328:26:328:51:328:51:328:Infinity":47,"s:329:29:329:Infinity":128,"s:330:38:330:Infinity":129,"s:331:40:331:Infinity":130,"s:332:98:332:Infinity":131,"b:334:6:338:Infinity:undefined:undefined:undefined:undefined":48,"s:334:6:338:Infinity":132,"s:335:21:335:Infinity":133,"s:336:8:336:Infinity":134,"s:337:8:337:Infinity":135,"b:339:6:343:Infinity:undefined:undefined:undefined:undefined":49,"s:339:6:343:Infinity":136,"s:340:21:340:Infinity":137,"s:341:8:341:Infinity":138,"s:342:8:342:Infinity":139,"b:344:6:348:Infinity:undefined:undefined:undefined:undefined":50,"s:344:6:348:Infinity":140,"s:345:21:345:Infinity":141,"s:346:8:346:Infinity":142,"s:
[...]
line":161,"column":82},"end":{"line":163,"column":null}},"line":161},"9":{"name":"qualityRunsPath","decl":{"start":{"line":165,"column":16},"end":{"line":165,"column":32}},"loc":{"start":{"line":165,"column":78},"end":{"line":167,"column":null}},"line":165},"10":{"name":"qualityDefectsPath","decl":{"start":{"line":170,"column":16},"end":{"line":170,"column":null}},"loc":{"start":{"line":174,"column":10},"end":{"line":195,"column":null}},"line":174},"11":{"name":"qualityCampaignsPath","decl":{"start":{"line":197,"column":16},"end":{"line":197,"column":37}},"loc":{"start":{"line":197,"column":83},"end":{"line":199,"column":null}},"line":197}},"branchMap":{"0":{"loc":{"start":{"line":21,"column":2},"end":{"line":21,"column":null}},"type":"if","locations":[{"start":{"line":21,"column":2},"end":{"line":21,"column":null}},{"start":{},"end":{}}],"line":21},"1":{"loc":{"start":{"line":21,"column":6},"end":{"line":21,"column":51}},"type":"binary-expr","locations":[{"start":{"line":21,"column":6},"end":{"line":21,"column":17}},{"start":{"line":21,"column":17},"end":{"line":21,"column":51}}],"line":21},"2":{"loc":{"start":{"line":23,"column":2},"end":{"line":23,"column":null}},"type":"if","locations":[{"start":{"line":23,"column":2},"end":{"line":23,"column":null}},{"start":{},"end":{}}],"line":23},"3":{"loc":{"start":{"line":24,"column":2},"end":{"line":24,"column":null}},"type":"if","locations":[{"start":{"line":24,"column":2},"end":{"line":24,"column":null}},{"start":{},"end":{}}],"line":24},"4":{"loc":{"start":{"line":25,"column":2},"end":{"line":25,"column":null}},"type":"if","locations":[{"start":{"line":25,"column":2},"end":{"line":25,"column":null}},{"start":{},"end":{}}],"line":25},"5":{"loc":{"start":{"line":26,"column":2},"end":{"line":26,"column":null}},"type":"if","locations":[{"start":{"line":26,"column":2},"end":{"line":26,"column":null}},{"start":{},"end":{}}],"line":26},"6":{"loc":{"start":{"line":27,"column":2},"end":{"line":27,"column":null}},"type":"if","locations":[{"start":{"line":27,"column":2},"end":{"line":27,"column":null}},{"start":{},"end":{}}],"line":27},"7":{"loc":{"start":{"line":28,"column":2},"end":{"line":28,"column":null}},"type":"if","locations":[{"start":{"line":28,"column":2},"end":{"line":28,"column":null}},{"start":{},"end":{}}],"line":28},"8":{"loc":{"start":{"line":30,"column":9},"end":{"line":30,"column":null}},"type":"cond-expr","locations":[{"start":{"line":30,"column":13},"end":{"line":30,"column":30}},{"start":{"line":30,"column":30},"end":{"line":30,"column":null}}],"line":30},"9":{"loc":{"start":{"line":57,"column":2},"end":{"line":57,"column":null}},"type":"if","locations":[{"start":{"line":57,"column":2},"end":{"line":57,"column":null}},{"start":{},"end":{}}],"line":57},"10":{"loc":{"start":{"line":57,"column":6},"end":{"line":57,"column":51}},"type":"binary-expr","locations":[{"start":{"line":57,"column":6},"end":{"line":57,"column":17}},{"start":{"line":57,"column":17},"end":{"line":57,"column":51}}],"line":57},"11":{"loc":{"start":{"line":59,"column":2},"end":{"line":59,"column":null}},"type":"if","locations":[{"start":{"line":59,"column":2},"end":{"line":59,"column":null}},{"start":{},"end":{}}],"line":59},"12":{"loc":{"start":{"line":60,"column":2},"end":{"line":60,"column":null}},"type":"if","locations":[{"start":{"line":60,"column":2},"end":{"line":60,"column":null}},{"start":{},"end":{}}],"line":60},"13":{"loc":{"start":{"line":62,"column":9},"end":{"line":62,"column":null}},"type":"cond-expr","locations":[{"start":{"line":62,"column":13},"end":{"line":62,"column":30}},{"start":{"line":62,"column":30},"end":{"line":62,"column":null}}],"line":62},"14":{"loc":{"start":{"line":72,"column":2},"end":{"line":74,"column":null}},"type":"if","locations":[{"start":{"line":72,"column":2},"end":{"line":74,"column":null}},{"start":{},"end":{}}],"line":72},"15":{"loc":{"start":{"line":72,"column":6},"end":{"line":72,"column":81}},"type":"binary-expr","locations":[{"start":{"line":72,"column":6},"end":{"line":72,"column":18}},{"start":{"line":72,"column":18},"end":{"line":72,"column":41}},{"start":{"line":72,"column":41},"end":{"line":72,"column":62}},{"start":{"line":72,"column":62},"end":{"line":72,"column":81}}],"line":72},"16":{"loc":{"start":{"line":76,"column":2},"end":{"line":76,"column":null}},"type":"if","locations":[{"start":{"line":76,"column":2},"end":{"line":76,"column":null}},{"start":{},"end":{}}],"line":76},"17":{"loc":{"start":{"line":76,"column":6},"end":{"line":76,"column":46}},"type":"binary-expr","locations":[{"start":{"line":76,"column":6},"end":{"line":76,"column":29}},{"start":{"line":76,"column":29},"end":{"line":76,"column":46}}],"line":76},"18":{"loc":{"start":{"line":78,"column":2},"end":{"line":78,"column":null}},"type":"if","locations":[{"start":{"line":78,"column":2},"end":{"line":78,"column":null}},{"start":{},"end":{}}],"line":78},"19":{"loc":{"start":{"line":80,"column":9},"end":{"line":80,"column":null}},"type":"cond-expr","locations":[{"start":{"line":80,"column":14},"end":{"line":80,"column":32}},{"start":{"line":80,"column":32},"end":{"line":80,"column":null}}],"line":80},"20":{"loc":{"start":{"line":103,"column":2},"end":{"line":103,"column":null}},"type":"if","locations":[{"start":{"line":103,"column":2},"end":{"line":103,"column":null}},{"start":{},"end":{}}],"line":103},"21":{"loc":{"start":{"line":103,"column":6},"end":{"line":103,"column":51}},"type":"binary-expr","locations":[{"start":{"line":103,"column":6},"end":{"line":103,"column":17}},{"start":{"line":103,"column":17},"end":{"line":103,"column":51}}],"line":103},"22":{"loc":{"start":{"line":105,"column":2},"end":{"line":105,"column":null}},"type":"if","locations":[{"start":{"line":105,"column":2},"end":{"line":105,"column":null}},{"start":{},"end":{}}],"line":105},"23":{"loc":{"start":{"line":106,"column":2},"end":{"line":106,"column":null}},"type":"if","locations":[{"start":{"line":106,"column":2},"end":{"line":106,"column":null}},{"start":{},"end":{}}],"line":106},"24":{"loc":{"start":{"line":107,"column":2},"end":{"line":107,"column":null}},"type":"if","locations":[{"start":{"line":107,"column":2},"end":{"line":107,"column":null}},{"start":{},"end":{}}],"line":107},"25":{"loc":{"start":{"line":108,"column":2},"end":{"line":108,"column":null}},"type":"if","locations":[{"start":{"line":108,"column":2},"end":{"line":108,"column":null}},{"start":{},"end":{}}],"line":108},"26":{"loc":{"start":{"line":109,"column":2},"end":{"line":109,"column":null}},"type":"if","locations":[{"start":{"line":109,"column":2},"end":{"line":109,"column":null}},{"start":{},"end":{}}],"line":109},"27":{"loc":{"start":{"line":111,"column":9},"end":{"line":111,"column":null}},"type":"cond-expr","locations":[{"start":{"line":111,"column":13},"end":{"line":111,"column":30}},{"start":{"line":111,"column":30},"end":{"line":111,"column":null}}],"line":111},"28":{"loc":{"start":{"line":130,"column":2},"end":{"line":130,"column":null}},"type":"if","locations":[{"start":{"line":130,"column":2},"end":{"line":130,"column":null}},{"start":{},"end":{}}],"line":130},"29":{"loc":{"start":{"line":130,"column":6},"end":{"line":130,"column":51}},"type":"binary-expr","locations":[{"start":{"line":130,"column":6},"end":{"line":130,"column":17}},{"start":{"line":130,"column":17},"end":{"line":130,"column":51}}],"line":130},"30":{"loc":{"start":{"line":132,"column":2},"end":{"line":132,"column":null}},"type":"if","locations":[{"start":{"line":132,"column":2},"end":{"line":132,"column":null}},{"start":{},"end":{}}],"line":132},"31":{"loc":{"start":{"line":133,"column":2},"end":{"line":133,"column":null}},"type":"if","locations":[{"start":{"line":133,"column":2},"end":{"line":133,"column":null}},{"start":{},"end":{}}],"line":133},"32":{"loc":{"start":{"line":134,"column":2},"end":{"line":134,"column":null}},"type":"if","locations":[{"start":{"line":134,"column":2},"end":{"line":134,"column":null}},{"start":{},"end":{}}],"line":134},"33":{"loc":{"start":{"line":135,"column":2},"end":{"line":135,"column":null}},"type":"if","locations":[{"start":{"line":135,"column":2},"end":{"line":135,"column":null}},{"start":{},"end":{}}],"line":135},"34":{"loc":{"start":{"line":136,"column":2},"end":{"line":136,"column":null}},"type":"if","locations":[{"start":{"line":136,"column":2},"end":{"line":136,"column":null}},{"start":{},"end":{}}],"line":136},"35":{"loc":{"start":{"line":137,"column":2},"end":{"line":137,"column":null}},"type":"if","locations":[{"start":{"line":137,"column":2},"end":{"line":137,"column":null}},{"start":{},"end":{}}],"line":137},"36":{"loc":{"start":{"line":138,"column":2},"end":{"line":138,"column":null}},"type":"if","locations":[{"start":{"line":138,"column":2},"end":{"line":138,"column":null}},{"start":{},"end":{}}],"line":138},"37":{"loc":{"start":{"line":139,"column":2},"end":{"line":139,"column":null}},"type":"if","locations":[{"start":{"line":139,"column":2},"end":{"line":139,"column":null}},{"start":{},"end":{}}],"line":139},"38":{"loc":{"start":{"line":141,"column":9},"end":{"line":141,"column":null}},"type":"cond-expr","locations":[{"start":{"line":141,"column":13},"end":{"line":141,"column":30}},{"start":{"line":141,"column":30},"end":{"line":141,"column":null}}],"line":141},"39":{"loc":{"start":{"line":153,"column":2},"end":{"line":153,"column":null}},"type":"if","locations":[{"start":{"line":153,"column":2},"end":{"line":153,"column":null}},{"start":{},"end":{}}],"line":153},"40":{"loc":{"start":{"line":177,"column":2},"end":{"line":185,"column":null}},"type":"if","locations":[{"start":{"line":177,"column":2},"end":{"line":185,"column":null}},{"start":{},"end":{}}],"line":177},"41":{"loc":{"start":{"line":178,"column":4},"end":{"line":182,"column":null}},"type":"binary-expr","locations":[{"start":{"line":178,"column":4},"end":{"line":178,"column":null}},{"start":{"line":179,"column":6},"end":{"line":179,"column":29}},{"start":{"line":179,"column":29},"end":{"line":179,"column":null}},{"start":{"line":180,"column":6},"end":{"line":180,"column":null}},{"start":{"line":181,"column":6},"end":{"line":181,"column":null}},{"start":{"line":182,"column":6},"end":{"line":182,"column":null}}],"line":178},"42":{"loc":{"start":{"line":187,"column":2},"end":{"line":187,"column":null}},"type":"if","locations":[{"start":{"line":187,"column":2},"end":{"line":187,"column":null}},{"start":{},"end":{}}],"line":187},"43":{"loc":{"start":{"line":187,"column":6},"end":{"line":187,"column":46}},"type":"binary-expr","locations":[{"start":{"line":187,"column":6},"end":{"line":187,"column":29}},{"start":{"line":187,"column":29},"end":{"line":187,"column":46}}],"line":187},"44":{"loc":{"start":{"line":189,"column":2},"end":{"line":189,"column":null}},"type":"if","locations":[{"start":{"line":189,"column":2},"end":{"line":189,"column":null}},{"start":{},"end":{}}],"line":189},"45":{"loc":{"start":{"line":191,"column":2},"end":{"line":191,"column":null}},"type":"if","locations":[{"start":{"line":191,"column":2},"end":{"line":191,"column":null}},{"start":{},"end":{}}],"line":191},"46":{"loc":{"start":{"line":192,"column":2},"end":{"line":192,"column":null}},"type":"if","locations":[{"start":{"line":192,"column":2},"end":{"line":192,"column":null}},{"start":{},"end":{}}],"line":192},"47":{"loc":{"start":{"line":194,"column":9},"end":{"line":194,"column":null}},"type":"cond-expr","locations":[{"start":{"line":194,"column":14},"end":{"line":194,"column":32}},{"start":{"line":194,"column":32},"end":{"line":194,"column":null}}],"line":194}},"s":{"0":0,"1":0,"2":0,"3":0,"4":0,"5":0,"6":0,"7":0,"8":0,"9":0,"10":0,"11":0,"12":0,"13":0,"14":0,"15":0,"16":0,"17":0,"18":1,"19":1,"20":0,"21":0,"22":0,"23":0,"24":0,"25":0,"26":0,"27":0,"28":0,"29":0,"30":0,"31":0,"32":0,"33":0,"34":0,"35":0,"36":0,"37":0,"38":0,"39":0,"40":0,"41":0,"42":0,"43":0,"44":0,"45":0,"46":0,"47":0,"48":0,"49":0,"50":0,"51":0,"52":0,"53":0,"54":0,"55":0,"56":0,"57":0,"58":0,"59":0,"60":0,"61":0,"62":0,"63":0,"64":0,"65":0,"66":0,"67":0,"68":0,"69":0,"70":0,"71":0,"72":0,"73":0,"74":0,"75":0,"76":0,"77":0,"78":0,"79":0,"80":0,"81":0,"82":0,"83":0,"84":0,"85":0,"86":0,"87":0,"88":0,"89":0,"90":0,"91":0,"92":0,"93":0,"94":0,"95":0,"96":0,"97":0,"98":0,"99":0,"100":0,"101":0,"102":0,"103":0,"104":0,"105":0},"f":{"0":0,"1":1,"2":0,"3":0,"4":0,"5":0,"6":0,"7":0,"8":0,"9":0,"10":0,"11":0},"b":{"0":[0,0],"1":[0,0],"2":[0,0],"3":[0,0],"4":[0,0],"5":[0,0],"6":[0,0],"7":[0,0],"8":[0,0],"9":[0,0],"10":[0,0],"11":[0,0],"12":[0,0],"13":[0,0],"14":[0,0],"15":[0,0,0,0],"16":[0,0],"17":[0,0],"18":[0,0],"19":[0,0],"20":[0,0],"21":[0,0],"22":[0,0],"23":[0,0],"24":[0,0],"25":[0,0],"26":[0,0],"27":[0,0],"28":[0,0],"29":[0,0],"30":[0,0],"31":[0,0],"32":[0,0],"33":[0,0],"34":[0,0],"35":[0,0],"36":[0,0],"37":[0,0],"38":[0,0],"39":[0,0],"40":[0,0],"41":[0,0,0,0,0,0],"42":[0,0],"43":[0,0],"44":[0,0],"45":[0,0],"46":[0,0],"47":[0,0]},"meta":{"lastBranch":48,"lastFunction":12,"lastStatement":106,"seen":{"f:8:16:8:Infinity":0,"s:20:15:20:Infinity":0,"b:21:2:21:Infinity:undefined:undefined:undefined:undefined":0,"s:21:2:21:Infinity":1,"b:21:6:21:17:21:17:21:51":1,"s:21:51:21:Infinity":2,"s:22:17:22:Infinity":3,"b:23:2:23:Infinity:undefined:undefined:undefined:undefined":2,"s:23:2:23:Infinity":4,"s:23:23:23:Infinity":5,"b:24:2:24:Infinity:undefined:undefined:undefined:undefined":3,"s:24:2:24:Infinity":6,"s:24:20:24:Infinity":7,"b:25:2:25:Infinity:undefined:undefined:undefined:undefined":4,"s:25:2:25:Infinity":8,"s:25:19:25:Infinity":9,"b:26:2:26:Infinity:undefined:undefined:undefined:undefined":5,"s:26:2:26:Infinity":10,"s:26:28:26:Infinity":11,"b:27:2:27:Infinity:undefined:undefined:undefined:undefined":6,"s:27:2:27:Infinity":12,"s:27:26:27:Infinity":13,"b:28:2:28:Infinity:undefined:undefined:undefined:undefined":7,"s:28:2:28:Infinity":14,"s:28:29:28:Infinity":15,"s:29:12:29:Infinity":16,"s:30:2:30:Infinity":17,"b:30:13:30:30:30:30:30:Infinity":8,"s:36:29:36:Infinity":18,"f:41:16:41:35":1,"s:42:2:42:Infinity":19,"f:48:16:48:Infinity":2,"s:56:15:56:Infinity":20,"b:57:2:57:Infinity:undefined:undefined:undefined:undefined":9,"s:57:2:57:Infinity":21,"b:57:6:57:17:57:17:57:51":10,"s:57:51:57:Infinity":22,"s:58:17:58:Infinity":23,"b:59:2:59:Infinity:undefined:undefined:undefined:undefined":11,"s:59:2:59:Infinity":24,"s:59:23:59:Infinity":25,"b:60:2:60:Infinity:undefined:undefined:undefined:undefined":12,"s:60:2:60:Infinity":26,"s:60:19:60:Infinity":27,"s:61:12:61:Infinity":28,"s:62:2:62:Infinity":29,"b:62:13:62:30:62:30:62:Infinity":13,"f:66:16:66:Infinity":3,"s:71:15:71:Infinity":30,"b:72:2:74:Infinity:undefined:undefined:undefined:undefined":14,"s:72:2:74:Infinity":31,"b:72:6:72:18:72:18:72:41:72:41:72:62:72:62:72:81":15,"s:73:4:73:Infinity":32,"s:75:17:75:Infinity":33,"b:76:2:76:Infinity:undefined:undefined:undefined:undefined":16,"s:76:2:76:Infinity":34,"b:76:6:76:29:76:29:76:46":17,"s:76:46:76:Infinity":35,"s:77:12:77:Infinity":36,"b:78:2:78:Infinity:undefined:undefined:undefined:undefined":18,"s:78:2:78:Infinity":37,"s:78:9:78:Infinity":38,"s:79:13:79:Infinity":39,"s:80:2:80:Infinity":40,"b:80:14:80:32:80:32:80:Infinity":19,"f:86:16:86:35":4,"s:87:2:87:Infinity":41,"f:91:16:91:Infinity":5,"s:102:15:102:Infinity":42,"b:103:2:103:Infinity:undefined:undefined:undefined:undefined":20,"s:103:2:103:Infinity":43,"b:103:6:103:17:103:17:103:51":21,"s:103:51:103:Infinity":44,"s:104:17:104:Infinity":45,"b:105:2:105:Infinity:undefined:undefined:undefined:undefined":22,"s:105:2:105:Infinity":46,"s:105:20:105:Infinity":47,"b:106:2:106:Infinity:undefined:undefined:undefined:undefined":23,"s:106:2:106:Infinity":48,"s:106:23:106:Infinity":49,"b:107:2:107:Infinity:undefined:undefined:undefined:undefined":24,"s:107:2:107:Infinity":50,"s:107:25:107:Infinity":51,"b:108:2:108:Infinity:undefined:undefined:undefined:undefined":25,"s:108:2:108:Infinity":52,"s:108:28:108:Infinity":53,"b:109:2:109:Infinity:undefined:undefined:undefined:undefined":26,"s:109:2:109:Infinity":54,"s:109:22:109:Infinity":55,"s:110:12:110:Infinity":56,"s:111:2:111:Infinity":57,"b:111:13:111:30:111:30:111:Infinity":27,"f:115:16:115:Infinity":6,"s:129:15:129:Infinity":58,"b:130:2:130:Infinity:undefined:undefined:undefined:undefined":28,"s:130:2:130:Infinity":59,"b:130:6:130:17:130:17:130:51":29,"s:130:51:130:Infinity":60,"s:131:17:131:Infinity":61,"b:132:2:132:Infinity:undefined:undefined:undefined:undefined":30,"s:132:2:132:Infinity":62,"s:132:20:132:Infinity":63,"b:133:2:133:Infinity:undefined:undefined:undefined:undefined":31,"s:133:2:133:Infinity":64,"s:133:23:133:Infinity":65,"b:134:2:134:Infinity:undefined:undefined:undefined:undefined":32,"s:134:2:134:Infinity":66,"s:134:25:134:Infinity":67,"b:135:2:135:Infinity:undefined:undefined:undefined:undefined":33,"s:135:2:135:Infinity":68,"s:135:28:135:Infinity":69,"b:136:2:136:Infinity:undefined:undefined:undefined:undefined":34,"s:136:2:136:Infinity":70,"s:136:24:136:Infinity":71,"b:137:2:137:Infinity:undefined:undefined:undefined:undefined":35,"s:137:2:137:Infinity":72,"s:137:32:137:Infinity":73,"b:138:2:138:Infinity:undefined:undefined:undefined:undefined":36,"s:138:2:138:Infinity":74,"s:138:22:138:Infinity":75,"b:139:2:139:Infinity:undefined:undefined:undefined:undefined":37,"s:139:2:139:Infinity":76,"s:139:18:139:Infinity":77,"s:140:12:140:Infinity":78,"s:141:2:141:Infinity":79,"b:141:13:141:30:141:30:141:Infinity":38,"f:145:16:145:Infinity":7,"s:151:17:151:Infinity":80,"s:152:16:152:Infinity":81,"b:153:2:153:Infinity:undefined:undefined:undefined:undefined":39,"s:153:2:153:Infinity":82,"s:153:13:153:Infinity":83,"s:154:2:154:Infinity":84,"s:155:2:155:Infinity":85,"f:161:16:161:36":8,"s:162:2:162:Infinity":86,"f:165:16:165:32":9,"s:166:2:166:Infinity":87,"f:170:16:170:Infinity":10,"s:175:15:175:Infinity":88,"s:176:20:176:Infinity":89,"b:177:2:185:Infinity:undefined:undefined:undefined:undefined":40,"s:177:2:185:Infinity":90,"b:178:4:178:Infinity:179:6:179:29:179:29:179:Infinity:180:6:180:Infinity:181:6:181:Infinity:182:6:182:Infinity":41,"s:184:4:184:Infinity":91,"s:186:17:186:Infinity":92,"b:187:2:187:Infinity:undefined:undefined:undefined:undefined":42,"s:187:2:187:Infinity":93,"b:187:6:187:29:187:29:187:46":43,"s:187:46:187:Infinity":94,"s:188:12:188:Infinity":95,"b:189:2:189:Infinity:undefined:undefined:undefined:undefined":44,"s:189:2:189:Infinity":96,"s:189:9:189:Infinity":97,"s:190:13:190:Infinity":98,"b:191:2:191:Infinity:undefined:undefined:undefined:undefined":45,"s:191:2:191:Infinity":99,"s:191:10:191:Infinity":100,"b:192:2:192:Infinity:undefined:undefined:undefined:undefined":46,"s:192:2:192:Infinity":101,"s:192:17:192:Infinity":102,"s:193:13:193:Infinity":103,"s:194:2:194:Infinity":104,"b:194:14:194:32:194:32:194:Infinity":47,"f:197:16:197:37":11,"s:198:2:198:Infinity":105}}}
,"C:\\source\\alm-manifest-app\\alm-app\\frontend\\src\\test\\renderWithQualityI18n.tsx": {"path":"C:\\source\\alm-manifest-app\\alm-app\\frontend\\src\\test\\renderWithQualityI18n.tsx","statementMap":{"0":{"start":{"line":9,"column":17},"end":{"line":9,"column":null}},"1":{"start":{"line":10,"column":0},"end":{"line":16,"column":null}},"2":{"start":{"line":22,"column":22},"end":{"line":24,"column":null}},"3":{"start":{"line":25,"column":2},"end":{"line":32,"column":null}},"4":{"start":{"line":28,"column":6},"end":{"line":30,"column":null}}},"fnMap":{"0":{"name":"renderWithQualityI18n","decl":{"start":{"line":18,"column":16},"end":{"line":18,"column":null}},"loc":{"start":{"line":21,"column":2},"end":{"line":33,"column":null}},"line":21},"1":{"name":"(anonymous_1)","decl":{"start":{"line":27,"column":13},"end":{"line":27,"column":14}},"loc":{"start":{"line":28,"column":6},"end":{"line":30,"column":null}},"line":28}},"branchMap":{},"s":{"0":1,"1":1,"2":10,"3":10,"4":10},"f":{"0":10,"1":10},"b":{},"meta":{"lastBranch":0,"lastFunction":2,"lastStatement":5,"seen":{"s:9:17:9:Infinity":0,"s:10:0:16:Infinity":1,"f:18:16:18:Infinity":0,"s:22:22:24:Infinity":2,"s:25:2:32:Infinity":3,"f:27:13:27:14":1,"s:28:6:30:Infinity":4}}}
}
